
RAxML-NG v. 1.0.0 released on 07.08.2020 by The Exelixis Lab.
Developed by: Alexey M. Kozlov and Alexandros Stamatakis.
Contributors: Diego Darriba, Tomas Flouri, Benoit Morel, Sarah Lutteropp, Ben Bettisworth.
Latest version: https://github.com/amkozlov/raxml-ng
Questions/problems/suggestions? Please visit: https://groups.google.com/forum/#!forum/raxml

System: AMD Ryzen 7 3700X 8-Core Processor, 8 cores, 31 GB RAM

RAxML-NG was called at 15-Oct-2020 14:36:03 as follows:

/tmp/.mount_raxmlGx81r7v/resources/static/bin/raxml-ng --all --msa /home/ariane/Documents/PhD/Data/Dene-dogs/analysis/pcdclade/TKWS_Seqotron_align_dogs_partial_mtDNA_notrim.fas --model GTR+FO+I+G --prefix /home/ariane/Documents/PhD/Data/Dene-dogs/analysis/pcdclade/TKWS_Seqotron_align_dogs_partial_mtDNA_notrim --seed 123 --bs-metric tbe --tree rand{10} --bs-trees 1000

Analysis options:
  run mode: ML tree search + bootstrapping (Transfer Bootstrap)
  start tree(s): random (10)
  bootstrap replicates: 1000
  random seed: 123
  tip-inner: OFF
  pattern compression: ON
  per-rate scalers: OFF
  site repeats: ON
  branch lengths: proportional (ML estimate, algorithm: NR-FAST)
  SIMD kernels: AVX2
  parallelization: coarse-grained (auto), PTHREADS (auto)

[00:00:00] Reading alignment from file: /home/ariane/Documents/PhD/Data/Dene-dogs/analysis/pcdclade/TKWS_Seqotron_align_dogs_partial_mtDNA_notrim.fas
[00:00:00] Loaded alignment with 201 taxa and 625 sites

WARNING: Sequences MF197023_1_Canis_lupus_familiaris_isolate_5MT4475-20_tRNA-Pro_gene_and_D-loop_partial_sequence_mitochondrial and MF197014_1_Canis_lupus_familiaris_isolate_5MT4475-09_tRNA-Pro_gene_and_D-loop_partial_sequence_mitochondrial are exactly identical!
WARNING: Sequences MF197033_1_Canis_lupus_familiaris_isolate_LA265-02_tRNA-Pro_gene_and_D-loop_partial_sequence_mitochondrial and MF197032_1_Canis_lupus_familiaris_isolate_LA265-01_tRNA-Pro_gene_and_D-loop_partial_sequence_mitochondrial are exactly identical!
WARNING: Sequences KJ189502_1_Canis_lupus_familiaris_isolate_JBG98-1_control_region_partial_sequence_mitochondrial and KJ189533_1_Canis_lupus_familiaris_isolate_JBG6134-1_control_region_partial_sequence_mitochondrial are exactly identical!
WARNING: Sequences KJ189510_1_Canis_lupus_familiaris_isolate_JBG786-1_control_region_partial_sequence_mitochondrial and KJ189511_1_Canis_lupus_familiaris_isolate_JBG1671-1_control_region_partial_sequence_mitochondrial are exactly identical!
WARNING: Sequences KJ189510_1_Canis_lupus_familiaris_isolate_JBG786-1_control_region_partial_sequence_mitochondrial and KJ189514_1_Canis_lupus_familiaris_isolate_JBG975-1_control_region_partial_sequence_mitochondrial are exactly identical!
WARNING: Sequences KJ189510_1_Canis_lupus_familiaris_isolate_JBG786-1_control_region_partial_sequence_mitochondrial and KJ189515_1_Canis_lupus_familiaris_isolate_JBG2255-1_control_region_partial_sequence_mitochondrial are exactly identical!
WARNING: Sequences KJ189510_1_Canis_lupus_familiaris_isolate_JBG786-1_control_region_partial_sequence_mitochondrial and KJ189516_1_Canis_lupus_familiaris_isolate_JBG2356-1_control_region_partial_sequence_mitochondrial are exactly identical!
WARNING: Sequences KJ189510_1_Canis_lupus_familiaris_isolate_JBG786-1_control_region_partial_sequence_mitochondrial and KJ189518_1_Canis_lupus_familiaris_isolate_JBG3222-1_control_region_partial_sequence_mitochondrial are exactly identical!
WARNING: Sequences KJ189510_1_Canis_lupus_familiaris_isolate_JBG786-1_control_region_partial_sequence_mitochondrial and KJ189519_1_Canis_lupus_familiaris_isolate_JBG1724-1_control_region_partial_sequence_mitochondrial are exactly identical!
WARNING: Sequences KJ189510_1_Canis_lupus_familiaris_isolate_JBG786-1_control_region_partial_sequence_mitochondrial and KJ189520_1_Canis_lupus_familiaris_isolate_JBG4109-1_control_region_partial_sequence_mitochondrial are exactly identical!
WARNING: Sequences KJ189510_1_Canis_lupus_familiaris_isolate_JBG786-1_control_region_partial_sequence_mitochondrial and KJ189522_1_Canis_lupus_familiaris_isolate_JBG4344-1_control_region_partial_sequence_mitochondrial are exactly identical!
WARNING: Sequences KJ189510_1_Canis_lupus_familiaris_isolate_JBG786-1_control_region_partial_sequence_mitochondrial and KJ189524_1_Canis_lupus_familiaris_isolate_JBG2793-2_control_region_partial_sequence_mitochondrial are exactly identical!
WARNING: Sequences KJ189510_1_Canis_lupus_familiaris_isolate_JBG786-1_control_region_partial_sequence_mitochondrial and KJ189525_1_Canis_lupus_familiaris_isolate_JBG4939-1_control_region_partial_sequence_mitochondrial are exactly identical!
WARNING: Sequences KJ189510_1_Canis_lupus_familiaris_isolate_JBG786-1_control_region_partial_sequence_mitochondrial and KJ189526_1_Canis_lupus_familiaris_isolate_JBG5267-1_control_region_partial_sequence_mitochondrial are exactly identical!
WARNING: Sequences KJ189510_1_Canis_lupus_familiaris_isolate_JBG786-1_control_region_partial_sequence_mitochondrial and KJ189527_1_Canis_lupus_familiaris_isolate_JBG3134-1_control_region_partial_sequence_mitochondrial are exactly identical!
WARNING: Sequences KJ189510_1_Canis_lupus_familiaris_isolate_JBG786-1_control_region_partial_sequence_mitochondrial and KJ189528_1_Canis_lupus_familiaris_isolate_JBG5499-1_control_region_partial_sequence_mitochondrial are exactly identical!
WARNING: Sequences KJ189510_1_Canis_lupus_familiaris_isolate_JBG786-1_control_region_partial_sequence_mitochondrial and KJ189529_1_Canis_lupus_familiaris_isolate_JBG5526-1_control_region_partial_sequence_mitochondrial are exactly identical!
WARNING: Sequences KJ189510_1_Canis_lupus_familiaris_isolate_JBG786-1_control_region_partial_sequence_mitochondrial and KJ189530_1_Canis_lupus_familiaris_isolate_JBG5606-1_control_region_partial_sequence_mitochondrial are exactly identical!
WARNING: Sequences KJ189510_1_Canis_lupus_familiaris_isolate_JBG786-1_control_region_partial_sequence_mitochondrial and KJ189531_1_Canis_lupus_familiaris_isolate_JBG5609-1_control_region_partial_sequence_mitochondrial are exactly identical!
WARNING: Sequences KJ189510_1_Canis_lupus_familiaris_isolate_JBG786-1_control_region_partial_sequence_mitochondrial and KJ189532_1_Canis_lupus_familiaris_isolate_JBG5819-1_control_region_partial_sequence_mitochondrial are exactly identical!
WARNING: Sequences KJ189510_1_Canis_lupus_familiaris_isolate_JBG786-1_control_region_partial_sequence_mitochondrial and KJ189534_1_Canis_lupus_familiaris_isolate_JBG6963-1_control_region_partial_sequence_mitochondrial are exactly identical!
WARNING: Sequences KJ189510_1_Canis_lupus_familiaris_isolate_JBG786-1_control_region_partial_sequence_mitochondrial and KJ189535_1_Canis_lupus_familiaris_isolate_JBG7023-1_control_region_partial_sequence_mitochondrial are exactly identical!
WARNING: Sequences KJ189510_1_Canis_lupus_familiaris_isolate_JBG786-1_control_region_partial_sequence_mitochondrial and KJ189536_1_Canis_lupus_familiaris_isolate_JBG7458-1_control_region_partial_sequence_mitochondrial are exactly identical!
WARNING: Sequences KJ189510_1_Canis_lupus_familiaris_isolate_JBG786-1_control_region_partial_sequence_mitochondrial and KJ189509_1_Canis_lupus_familiaris_isolate_JBG741-1_control_region_partial_sequence_mitochondrial are exactly identical!
WARNING: Sequences KJ189510_1_Canis_lupus_familiaris_isolate_JBG786-1_control_region_partial_sequence_mitochondrial and KJ189508_1_Canis_lupus_familiaris_isolate_JBG726-1_control_region_partial_sequence_mitochondrial are exactly identical!
WARNING: Sequences KJ189510_1_Canis_lupus_familiaris_isolate_JBG786-1_control_region_partial_sequence_mitochondrial and KJ189507_1_Canis_lupus_familiaris_isolate_JBG635-1_control_region_partial_sequence_mitochondrial are exactly identical!
WARNING: Sequences KJ189510_1_Canis_lupus_familiaris_isolate_JBG786-1_control_region_partial_sequence_mitochondrial and KJ189505_1_Canis_lupus_familiaris_isolate_JBG34-2_control_region_partial_sequence_mitochondrial are exactly identical!
WARNING: Sequences KJ189510_1_Canis_lupus_familiaris_isolate_JBG786-1_control_region_partial_sequence_mitochondrial and KJ189504_1_Canis_lupus_familiaris_isolate_JBG34-1_control_region_partial_sequence_mitochondrial are exactly identical!
WARNING: Sequences KJ189510_1_Canis_lupus_familiaris_isolate_JBG786-1_control_region_partial_sequence_mitochondrial and KJ189503_1_Canis_lupus_familiaris_isolate_JBG457-1_control_region_partial_sequence_mitochondrial are exactly identical!
WARNING: Sequences KJ189510_1_Canis_lupus_familiaris_isolate_JBG786-1_control_region_partial_sequence_mitochondrial and KJ189496_1_Canis_lupus_familiaris_isolate_5MT123-PD-1936-FS2_control_region_partial_sequence_mitochondrial are exactly identical!
WARNING: Sequences 25CH1_2896_Athapascan_NE and 25CX1_14518_NonAthapascan_NE are exactly identical!
WARNING: Sequences KJ189498_1_Canis_lupus_familiaris_isolate_DgRu-6-B2-West-1-PLM_control_region_partial_sequence_mitochondrial and KJ189501_1_Canis_lupus_familiaris_isolate_DgRu-6-B3-East-45_control_region_partial_sequence_mitochondrial are exactly identical!
WARNING: Sequences MF196987_1_Canis_lupus_familiaris_isolate_5MT23-01_D-loop_partial_sequence_mitochondrial and MF197029_1_Canis_lupus_familiaris_isolate_5MT4475-28_D-loop_partial_sequence_mitochondrial are exactly identical!
WARNING: Sequences KJ189497_1_Canis_lupus_familiaris_isolate_DgRu-6-B1-SF11-PLM_control_region_partial_sequence_mitochondrial and KJ189499_1_Canis_lupus_familiaris_isolate_DgRu-6-B2-West-2-PLM_control_region_partial_sequence_mitochondrial are exactly identical!
WARNING: Sequences KJ189497_1_Canis_lupus_familiaris_isolate_DgRu-6-B1-SF11-PLM_control_region_partial_sequence_mitochondrial and KJ189500_1_Canis_lupus_familiaris_isolate_DGRu-6-B4-SE-2-PLM_control_region_partial_sequence_mitochondrial are exactly identical!
WARNING: Sequences KJ189517_1_Canis_lupus_familiaris_isolate_JBG2601-1_control_region_partial_sequence_mitochondrial and KJ189495_1_Canis_lupus_familiaris_isolate_5MT123-PD-1305-FS42_control_region_partial_sequence_mitochondrial are exactly identical!
WARNING: Sequences MF197042_1_Canis_lupus_familiaris_isolate_LA6169-02_tRNA-Pro_gene_and_D-loop_partial_sequence_mitochondrial and MF197041_1_Canis_lupus_familiaris_isolate_LA6169-01_tRNA-Pro_gene_and_D-loop_partial_sequence_mitochondrial are exactly identical!
WARNING: Sequences MF197042_1_Canis_lupus_familiaris_isolate_LA6169-02_tRNA-Pro_gene_and_D-loop_partial_sequence_mitochondrial and MF197039_1_Canis_lupus_familiaris_isolate_LA3333-04_tRNA-Pro_gene_and_D-loop_partial_sequence_mitochondrial are exactly identical!
WARNING: Sequences MF197042_1_Canis_lupus_familiaris_isolate_LA6169-02_tRNA-Pro_gene_and_D-loop_partial_sequence_mitochondrial and MF197038_1_Canis_lupus_familiaris_isolate_LA3333-03_tRNA-Pro_gene_and_D-loop_partial_sequence_mitochondrial are exactly identical!
WARNING: Sequences MF197042_1_Canis_lupus_familiaris_isolate_LA6169-02_tRNA-Pro_gene_and_D-loop_partial_sequence_mitochondrial and MF197037_1_Canis_lupus_familiaris_isolate_LA3333-02_tRNA-Pro_gene_and_D-loop_partial_sequence_mitochondrial are exactly identical!
WARNING: Sequences MF197042_1_Canis_lupus_familiaris_isolate_LA6169-02_tRNA-Pro_gene_and_D-loop_partial_sequence_mitochondrial and MF197036_1_Canis_lupus_familiaris_isolate_LA3333-01_tRNA-Pro_gene_and_D-loop_partial_sequence_mitochondrial are exactly identical!
WARNING: Sequences MF197042_1_Canis_lupus_familiaris_isolate_LA6169-02_tRNA-Pro_gene_and_D-loop_partial_sequence_mitochondrial and MF197035_1_Canis_lupus_familiaris_isolate_LA265-05_tRNA-Pro_gene_and_D-loop_partial_sequence_mitochondrial are exactly identical!
WARNING: Sequences MF197042_1_Canis_lupus_familiaris_isolate_LA6169-02_tRNA-Pro_gene_and_D-loop_partial_sequence_mitochondrial and MF197034_1_Canis_lupus_familiaris_isolate_LA265-04_tRNA-Pro_gene_and_D-loop_partial_sequence_mitochondrial are exactly identical!
WARNING: Sequences MF197042_1_Canis_lupus_familiaris_isolate_LA6169-02_tRNA-Pro_gene_and_D-loop_partial_sequence_mitochondrial and MF197013_1_Canis_lupus_familiaris_isolate_5MT4475-08_tRNA-Pro_gene_and_D-loop_partial_sequence_mitochondrial are exactly identical!
WARNING: Sequences MF197042_1_Canis_lupus_familiaris_isolate_LA6169-02_tRNA-Pro_gene_and_D-loop_partial_sequence_mitochondrial and MF197002_1_Canis_lupus_familiaris_isolate_5MT23-24_tRNA-Pro_gene_and_D-loop_partial_sequence_mitochondrial are exactly identical!
WARNING: Sequences MF197042_1_Canis_lupus_familiaris_isolate_LA6169-02_tRNA-Pro_gene_and_D-loop_partial_sequence_mitochondrial and MF197001_1_Canis_lupus_familiaris_isolate_5MT23-23_tRNA-Pro_gene_and_D-loop_partial_sequence_mitochondrial are exactly identical!
WARNING: Sequences MF197042_1_Canis_lupus_familiaris_isolate_LA6169-02_tRNA-Pro_gene_and_D-loop_partial_sequence_mitochondrial and MF196998_1_Canis_lupus_familiaris_isolate_5MT23-17_tRNA-Pro_gene_and_D-loop_partial_sequence_mitochondrial are exactly identical!
WARNING: Sequences MF197042_1_Canis_lupus_familiaris_isolate_LA6169-02_tRNA-Pro_gene_and_D-loop_partial_sequence_mitochondrial and MF196997_1_Canis_lupus_familiaris_isolate_5MT23-16_tRNA-Pro_gene_and_D-loop_partial_sequence_mitochondrial are exactly identical!
WARNING: Sequences MF197042_1_Canis_lupus_familiaris_isolate_LA6169-02_tRNA-Pro_gene_and_D-loop_partial_sequence_mitochondrial and MF196996_1_Canis_lupus_familiaris_isolate_5MT23-14_tRNA-Pro_gene_and_D-loop_partial_sequence_mitochondrial are exactly identical!
WARNING: Sequences MF197042_1_Canis_lupus_familiaris_isolate_LA6169-02_tRNA-Pro_gene_and_D-loop_partial_sequence_mitochondrial and MF196994_1_Canis_lupus_familiaris_isolate_5MT23-12_tRNA-Pro_gene_and_D-loop_partial_sequence_mitochondrial are exactly identical!
WARNING: Sequences MF197042_1_Canis_lupus_familiaris_isolate_LA6169-02_tRNA-Pro_gene_and_D-loop_partial_sequence_mitochondrial and MF196993_1_Canis_lupus_familiaris_isolate_5MT23-11_tRNA-Pro_gene_and_D-loop_partial_sequence_mitochondrial are exactly identical!
WARNING: Sequences MF197042_1_Canis_lupus_familiaris_isolate_LA6169-02_tRNA-Pro_gene_and_D-loop_partial_sequence_mitochondrial and MF196991_1_Canis_lupus_familiaris_isolate_5MT23-07_tRNA-Pro_gene_and_D-loop_partial_sequence_mitochondrial are exactly identical!
WARNING: Sequences MF197042_1_Canis_lupus_familiaris_isolate_LA6169-02_tRNA-Pro_gene_and_D-loop_partial_sequence_mitochondrial and MF196990_1_Canis_lupus_familiaris_isolate_5MT23-06_tRNA-Pro_gene_and_D-loop_partial_sequence_mitochondrial are exactly identical!
WARNING: Sequences MF197042_1_Canis_lupus_familiaris_isolate_LA6169-02_tRNA-Pro_gene_and_D-loop_partial_sequence_mitochondrial and MF196989_1_Canis_lupus_familiaris_isolate_5MT23-05_tRNA-Pro_gene_and_D-loop_partial_sequence_mitochondrial are exactly identical!
WARNING: Sequences MF197030_1_Canis_lupus_familiaris_isolate_5MT4475-29_tRNA-Pro_gene_and_D-loop_partial_sequence_mitochondrial and MF197028_1_Canis_lupus_familiaris_isolate_5MT4475-27_tRNA-Pro_gene_and_D-loop_partial_sequence_mitochondrial are exactly identical!
WARNING: Sequences MF197030_1_Canis_lupus_familiaris_isolate_5MT4475-29_tRNA-Pro_gene_and_D-loop_partial_sequence_mitochondrial and MF197027_1_Canis_lupus_familiaris_isolate_5MT4475-26_tRNA-Pro_gene_and_D-loop_partial_sequence_mitochondrial are exactly identical!
WARNING: Sequences MF197030_1_Canis_lupus_familiaris_isolate_5MT4475-29_tRNA-Pro_gene_and_D-loop_partial_sequence_mitochondrial and MF197026_1_Canis_lupus_familiaris_isolate_5MT4475-25_tRNA-Pro_gene_and_D-loop_partial_sequence_mitochondrial are exactly identical!
WARNING: Sequences MF197030_1_Canis_lupus_familiaris_isolate_5MT4475-29_tRNA-Pro_gene_and_D-loop_partial_sequence_mitochondrial and MF197025_1_Canis_lupus_familiaris_isolate_5MT4475-23_tRNA-Pro_gene_and_D-loop_partial_sequence_mitochondrial are exactly identical!
WARNING: Sequences MF197016_1_Canis_lupus_familiaris_isolate_5MT4475-12_tRNA-Pro_gene_and_D-loop_partial_sequence_mitochondrial and MF196988_1_Canis_lupus_familiaris_isolate_5MT23-02_tRNA-Pro_gene_and_D-loop_partial_sequence_mitochondrial are exactly identical!
WARNING: Sequences MF196981_1_Canis_lupus_familiaris_isolate_5MT123-01_tRNA-Pro_gene_and_D-loop_partial_sequence_mitochondrial and MF196982_1_Canis_lupus_familiaris_isolate_5MT123-02_tRNA-Pro_gene_and_D-loop_partial_sequence_mitochondrial are exactly identical!
WARNING: Sequences MF196981_1_Canis_lupus_familiaris_isolate_5MT123-01_tRNA-Pro_gene_and_D-loop_partial_sequence_mitochondrial and MF196992_1_Canis_lupus_familiaris_isolate_5MT23-08_tRNA-Pro_gene_and_D-loop_partial_sequence_mitochondrial are exactly identical!
WARNING: Sequences MF196981_1_Canis_lupus_familiaris_isolate_5MT123-01_tRNA-Pro_gene_and_D-loop_partial_sequence_mitochondrial and MF197010_1_Canis_lupus_familiaris_isolate_5MT3936-01_tRNA-Pro_gene_and_D-loop_partial_sequence_mitochondrial are exactly identical!
WARNING: Sequences MF196981_1_Canis_lupus_familiaris_isolate_5MT123-01_tRNA-Pro_gene_and_D-loop_partial_sequence_mitochondrial and MF197012_1_Canis_lupus_familiaris_isolate_5MT4475-05_tRNA-Pro_gene_and_D-loop_partial_sequence_mitochondrial are exactly identical!
WARNING: Sequences MF196981_1_Canis_lupus_familiaris_isolate_5MT123-01_tRNA-Pro_gene_and_D-loop_partial_sequence_mitochondrial and MF197015_1_Canis_lupus_familiaris_isolate_5MT4475-10_tRNA-Pro_gene_and_D-loop_partial_sequence_mitochondrial are exactly identical!
WARNING: Sequences MF196981_1_Canis_lupus_familiaris_isolate_5MT123-01_tRNA-Pro_gene_and_D-loop_partial_sequence_mitochondrial and MF197021_1_Canis_lupus_familiaris_isolate_5MT4475-18_tRNA-Pro_gene_and_D-loop_partial_sequence_mitochondrial are exactly identical!
WARNING: Sequences MF196981_1_Canis_lupus_familiaris_isolate_5MT123-01_tRNA-Pro_gene_and_D-loop_partial_sequence_mitochondrial and MF197040_1_Canis_lupus_familiaris_isolate_LA3333-05_tRNA-Pro_gene_and_D-loop_partial_sequence_mitochondrial are exactly identical!
WARNING: Sequences MF196984_1_Canis_lupus_familiaris_isolate_5MT123-04_tRNA-Pro_gene_and_D-loop_partial_sequence_mitochondrial and MF197004_1_Canis_lupus_familiaris_isolate_5MT3807-07_tRNA-Pro_gene_and_D-loop_partial_sequence_mitochondrial are exactly identical!
WARNING: Sequences MF196984_1_Canis_lupus_familiaris_isolate_5MT123-04_tRNA-Pro_gene_and_D-loop_partial_sequence_mitochondrial and MF197006_1_Canis_lupus_familiaris_isolate_5MT3807-14_tRNA-Pro_gene_and_D-loop_partial_sequence_mitochondrial are exactly identical!
WARNING: Sequences MF196984_1_Canis_lupus_familiaris_isolate_5MT123-04_tRNA-Pro_gene_and_D-loop_partial_sequence_mitochondrial and MF197009_1_Canis_lupus_familiaris_isolate_5MT3807-26_tRNA-Pro_gene_and_D-loop_partial_sequence_mitochondrial are exactly identical!
WARNING: Sequences MF196984_1_Canis_lupus_familiaris_isolate_5MT123-04_tRNA-Pro_gene_and_D-loop_partial_sequence_mitochondrial and MF197011_1_Canis_lupus_familiaris_isolate_5MT4475-01_tRNA-Pro_gene_and_D-loop_partial_sequence_mitochondrial are exactly identical!
WARNING: Sequences MF196986_1_Canis_lupus_familiaris_isolate_5MT123-10_tRNA-Pro_gene_and_D-loop_partial_sequence_mitochondrial and MF197000_1_Canis_lupus_familiaris_isolate_5MT23-21_tRNA-Pro_gene_and_D-loop_partial_sequence_mitochondrial are exactly identical!
WARNING: Sequences MF196986_1_Canis_lupus_familiaris_isolate_5MT123-10_tRNA-Pro_gene_and_D-loop_partial_sequence_mitochondrial and MF197007_1_Canis_lupus_familiaris_isolate_5MT3807-20_tRNA-Pro_gene_and_D-loop_partial_sequence_mitochondrial are exactly identical!
WARNING: Sequences MF196986_1_Canis_lupus_familiaris_isolate_5MT123-10_tRNA-Pro_gene_and_D-loop_partial_sequence_mitochondrial and MF197020_1_Canis_lupus_familiaris_isolate_5MT4475-16_tRNA-Pro_gene_and_D-loop_partial_sequence_mitochondrial are exactly identical!
WARNING: Sequences MF196986_1_Canis_lupus_familiaris_isolate_5MT123-10_tRNA-Pro_gene_and_D-loop_partial_sequence_mitochondrial and MF197022_1_Canis_lupus_familiaris_isolate_5MT4475-19_tRNA-Pro_gene_and_D-loop_partial_sequence_mitochondrial are exactly identical!
WARNING: Sequences MF196995_1_Canis_lupus_familiaris_isolate_5MT23-13_tRNA-Pro_gene_and_D-loop_partial_sequence_mitochondrial and MF197017_1_Canis_lupus_familiaris_isolate_5MT4475-13_tRNA-Pro_gene_and_D-loop_partial_sequence_mitochondrial are exactly identical!
WARNING: Sequences MF196995_1_Canis_lupus_familiaris_isolate_5MT23-13_tRNA-Pro_gene_and_D-loop_partial_sequence_mitochondrial and MF197018_1_Canis_lupus_familiaris_isolate_5MT4475-14_tRNA-Pro_gene_and_D-loop_partial_sequence_mitochondrial are exactly identical!
WARNING: Sequences MF196983_1_Canis_lupus_familiaris_isolate_5MT123-03_tRNA-Pro_gene_and_D-loop_partial_sequence_mitochondrial and MF197008_1_Canis_lupus_familiaris_isolate_5MT3807-24_tRNA-Pro_gene_and_D-loop_partial_sequence_mitochondrial are exactly identical!
WARNING: Duplicate sequences found: 77

NOTE: Reduced alignment (with duplicates and gap-only sites/taxa removed) 
NOTE: was saved to: /home/ariane/Documents/PhD/Data/Dene-dogs/analysis/pcdclade/TKWS_Seqotron_align_dogs_partial_mtDNA_notrim.raxml.reduced.phy

Alignment comprises 1 partitions and 151 patterns

Partition 0: noname
Model: GTR+FO+I+G4m
Alignment sites / patterns: 625 / 151
Gaps: 33.48 %
Invariant sites: 89.12 %


NOTE: Binary MSA file created: /home/ariane/Documents/PhD/Data/Dene-dogs/analysis/pcdclade/TKWS_Seqotron_align_dogs_partial_mtDNA_notrim.raxml.rba

Parallelization scheme autoconfig: 8 worker(s) x 1 thread(s)

Parallel reduction/worker buffer size: 1 KB  / 0 KB

[00:00:00] Generating 10 random starting tree(s) with 201 taxa
[00:00:00] Data distribution: max. partitions/sites/weight per thread: 1 / 151 / 2416
[00:00:00] Data distribution: max. searches per worker: 127

Starting ML tree search with 10 distinct starting trees

[00:00:18] [worker #7] ML tree search #8, logLikelihood: -1665.788674
[00:00:19] [worker #5] ML tree search #6, logLikelihood: -1655.124495
[00:00:20] [worker #4] ML tree search #5, logLikelihood: -1655.321619
[00:00:21] [worker #0] ML tree search #1, logLikelihood: -1654.646384
[00:00:23] [worker #2] ML tree search #3, logLikelihood: -1656.332940
[00:00:23] [worker #1] ML tree search #2, logLikelihood: -1653.097233
[00:00:24] [worker #6] ML tree search #7, logLikelihood: -1654.554780
[00:00:26] [worker #3] ML tree search #4, logLikelihood: -1657.223544
[00:00:38] [worker #0] ML tree search #9, logLikelihood: -1659.444378
[00:00:43] [worker #1] ML tree search #10, logLikelihood: -1654.390585

[00:00:43] ML tree search completed, best tree logLH: -1653.097233

[00:00:43] Starting bootstrapping analysis with 1000 replicates.

[00:00:51] [worker #7] Bootstrap tree #8, logLikelihood: -1720.271152
[00:00:52] [worker #6] Bootstrap tree #7, logLikelihood: -1660.795414
[00:00:55] [worker #0] Bootstrap tree #1, logLikelihood: -1667.659071
[00:00:55] [worker #2] Bootstrap tree #3, logLikelihood: -1668.725701
[00:00:56] [worker #1] Bootstrap tree #2, logLikelihood: -1520.380746
[00:00:56] [worker #3] Bootstrap tree #4, logLikelihood: -1643.215660
[00:00:57] [worker #4] Bootstrap tree #5, logLikelihood: -1589.365495
[00:01:04] [worker #5] Bootstrap tree #6, logLikelihood: -1487.709736
[00:01:06] [worker #1] Bootstrap tree #10, logLikelihood: -1481.229535
[00:01:08] [worker #6] Bootstrap tree #15, logLikelihood: -1567.862083
[00:01:08] [worker #4] Bootstrap tree #13, logLikelihood: -1875.092607
[00:01:10] [worker #7] Bootstrap tree #16, logLikelihood: -1607.415480
[00:01:10] [worker #2] Bootstrap tree #11, logLikelihood: -1559.278015
[00:01:13] [worker #5] Bootstrap tree #14, logLikelihood: -1335.973631
[00:01:16] [worker #0] Bootstrap tree #9, logLikelihood: -1765.351158
[00:01:18] [worker #6] Bootstrap tree #23, logLikelihood: -1816.177050
[00:01:20] [worker #1] Bootstrap tree #18, logLikelihood: -1331.787108
[00:01:21] [worker #7] Bootstrap tree #24, logLikelihood: -1512.480204
[00:01:22] [worker #2] Bootstrap tree #19, logLikelihood: -1458.952985
[00:01:27] [worker #4] Bootstrap tree #21, logLikelihood: -1574.651411
[00:01:29] [worker #3] Bootstrap tree #12, logLikelihood: -1602.220305
[00:01:31] [worker #0] Bootstrap tree #17, logLikelihood: -1644.402078
[00:01:33] [worker #5] Bootstrap tree #22, logLikelihood: -1486.698807
[00:01:33] [worker #7] Bootstrap tree #32, logLikelihood: -1487.648714
[00:01:34] [worker #6] Bootstrap tree #31, logLikelihood: -1529.430655
[00:01:36] [worker #4] Bootstrap tree #29, logLikelihood: -1467.945166
[00:01:37] [worker #2] Bootstrap tree #27, logLikelihood: -1628.124655
[00:01:40] [worker #3] Bootstrap tree #20, logLikelihood: -1468.329881
[00:01:40] [worker #5] Bootstrap tree #30, logLikelihood: -1361.808523
[00:01:40] [worker #1] Bootstrap tree #26, logLikelihood: -1511.765325
[00:01:41] [worker #7] Bootstrap tree #40, logLikelihood: -1514.276709
[00:01:43] [worker #6] Bootstrap tree #39, logLikelihood: -1474.636896
[00:01:51] [worker #1] Bootstrap tree #34, logLikelihood: -1648.461514
[00:01:54] [worker #4] Bootstrap tree #37, logLikelihood: -1679.118201
[00:01:54] [worker #5] Bootstrap tree #38, logLikelihood: -1613.038030
[00:01:57] [worker #7] Bootstrap tree #48, logLikelihood: -1669.187902
[00:01:58] [worker #2] Bootstrap tree #35, logLikelihood: -1713.880122
[00:02:02] [worker #3] Bootstrap tree #28, logLikelihood: -1638.014190
[00:02:03] [worker #5] Bootstrap tree #46, logLikelihood: -1449.949056
[00:02:04] [worker #6] Bootstrap tree #47, logLikelihood: -1617.359506
[00:02:08] [worker #1] Bootstrap tree #42, logLikelihood: -1656.605912
[00:02:09] [worker #4] Bootstrap tree #45, logLikelihood: -1671.396943
[00:02:10] [worker #0] Bootstrap tree #25, logLikelihood: -1448.430308
[00:02:12] [worker #3] Bootstrap tree #36, logLikelihood: -1516.142069
[00:02:20] [worker #1] Bootstrap tree #50, logLikelihood: -1881.939127
[00:02:22] [worker #2] Bootstrap tree #43, logLikelihood: -1614.444744
[00:02:24] [worker #0] Bootstrap tree #33, logLikelihood: -1673.798494
[00:02:25] [worker #3] Bootstrap tree #44, logLikelihood: -1573.723406
[00:02:42] [worker #0] Bootstrap tree #41, logLikelihood: -1577.254312
[00:03:02] [worker #0] Bootstrap tree #49, logLikelihood: -1752.993074
[00:03:11] [worker #7] Bootstrap tree #56, logLikelihood: -1663.126305
[00:03:14] [worker #6] Bootstrap tree #55, logLikelihood: -1425.486395
[00:03:15] [worker #1] Bootstrap tree #58, logLikelihood: -1658.033354
[00:03:15] [worker #3] Bootstrap tree #52, logLikelihood: -1770.700250
[00:03:17] [worker #2] Bootstrap tree #51, logLikelihood: -1579.995220
[00:03:19] [worker #0] Bootstrap tree #57, logLikelihood: -1489.374685
[00:03:22] [worker #4] Bootstrap tree #53, logLikelihood: -1557.416971
[00:03:24] [worker #5] Bootstrap tree #54, logLikelihood: -1756.095851
[00:03:25] [worker #3] Bootstrap tree #60, logLikelihood: -1535.698094
[00:03:26] [worker #7] Bootstrap tree #64, logLikelihood: -1636.055193
[00:03:30] [worker #2] Bootstrap tree #59, logLikelihood: -1590.076147
[00:03:32] [worker #6] Bootstrap tree #63, logLikelihood: -1540.432087
[00:03:32] [worker #1] Bootstrap tree #66, logLikelihood: -1571.703610
[00:03:33] [worker #3] Bootstrap tree #68, logLikelihood: -1716.589882
[00:03:36] [worker #4] Bootstrap tree #61, logLikelihood: -1637.552955
[00:03:37] [worker #7] Bootstrap tree #72, logLikelihood: -1573.263586
[00:03:38] [worker #5] Bootstrap tree #62, logLikelihood: -1561.835709
[00:03:38] [worker #2] Bootstrap tree #67, logLikelihood: -1521.908749
[00:03:42] [worker #3] Bootstrap tree #76, logLikelihood: -1593.361965
[00:03:43] [worker #0] Bootstrap tree #65, logLikelihood: -1692.917429
[00:03:43] [worker #6] Bootstrap tree #71, logLikelihood: -1501.628581
[00:03:45] [worker #1] Bootstrap tree #74, logLikelihood: -1538.124595
[00:03:45] [worker #7] Bootstrap tree #80, logLikelihood: -1331.669819
[00:03:46] [worker #4] Bootstrap tree #69, logLikelihood: -1745.556401
[00:03:48] [worker #5] Bootstrap tree #70, logLikelihood: -1422.806407
[00:03:52] [worker #3] Bootstrap tree #84, logLikelihood: -1649.181834
[00:03:53] [worker #2] Bootstrap tree #75, logLikelihood: -1532.411409
[00:03:53] [worker #1] Bootstrap tree #82, logLikelihood: -1514.893046
[00:03:56] [worker #5] Bootstrap tree #78, logLikelihood: -1359.339554
[00:03:56] [worker #6] Bootstrap tree #79, logLikelihood: -1513.481305
[00:03:57] [worker #4] Bootstrap tree #77, logLikelihood: -1369.232017
[00:03:57] [worker #0] Bootstrap tree #73, logLikelihood: -1708.977960
[00:04:03] [worker #7] Bootstrap tree #88, logLikelihood: -1599.206209
[00:04:04] [worker #2] Bootstrap tree #83, logLikelihood: -1737.293031
[00:04:05] [worker #1] Bootstrap tree #90, logLikelihood: -1523.636735
[00:04:10] [worker #6] Bootstrap tree #87, logLikelihood: -1707.333082
[00:04:10] [worker #5] Bootstrap tree #86, logLikelihood: -1596.324271
[00:04:11] [worker #3] Bootstrap tree #92, logLikelihood: -1360.317396
[00:04:16] [worker #4] Bootstrap tree #85, logLikelihood: -1628.634512
[00:04:16] [worker #1] Bootstrap tree #98, logLikelihood: -1596.831757
[00:04:17] [worker #7] Bootstrap tree #96, logLikelihood: -1498.901232
[00:04:18] [worker #6] Bootstrap tree #95, logLikelihood: -1571.028454
[00:04:20] [worker #3] Bootstrap tree #100, logLikelihood: -1458.470819
[00:04:23] [worker #5] Bootstrap tree #94, logLikelihood: -1396.447728
[00:04:25] [worker #2] Bootstrap tree #91, logLikelihood: -1568.906334
[00:04:26] [worker #4] Bootstrap tree #93, logLikelihood: -1597.561829
[00:04:32] [worker #0] Bootstrap tree #81, logLikelihood: -1701.927964
[00:04:39] [worker #2] Bootstrap tree #99, logLikelihood: -1621.566549
[00:04:45] [worker #0] Bootstrap tree #89, logLikelihood: -1580.524205
[00:04:53] [worker #0] Bootstrap tree #97, logLikelihood: -1381.833810
[00:05:03] [worker #2] Bootstrap tree #107, logLikelihood: -1451.820940
[00:05:05] [worker #5] Bootstrap tree #102, logLikelihood: -1341.153320
[00:05:06] [worker #0] Bootstrap tree #105, logLikelihood: -1462.933279
[00:05:07] [worker #7] Bootstrap tree #104, logLikelihood: -1604.566804
[00:05:07] [worker #3] Bootstrap tree #108, logLikelihood: -1606.620597
[00:05:11] [worker #1] Bootstrap tree #106, logLikelihood: -1613.558963
[00:05:12] [worker #6] Bootstrap tree #103, logLikelihood: -1614.257307
[00:05:12] [worker #2] Bootstrap tree #115, logLikelihood: -1508.811687
[00:05:19] [worker #5] Bootstrap tree #110, logLikelihood: -1489.519596
[00:05:23] [worker #2] Bootstrap tree #123, logLikelihood: -1524.703526
[00:05:23] [worker #0] Bootstrap tree #113, logLikelihood: -1562.218595
[00:05:24] [worker #4] Bootstrap tree #101, logLikelihood: -1709.002534
[00:05:24] [worker #6] Bootstrap tree #111, logLikelihood: -1347.961186
[00:05:27] [worker #1] Bootstrap tree #114, logLikelihood: -1505.268255
[00:05:31] [worker #7] Bootstrap tree #112, logLikelihood: -1535.698410
[00:05:32] [worker #3] Bootstrap tree #116, logLikelihood: -1469.676888
[00:05:34] [worker #4] Bootstrap tree #109, logLikelihood: -1569.041760
[00:05:34] [worker #5] Bootstrap tree #118, logLikelihood: -1457.632519
[00:05:42] [worker #6] Bootstrap tree #119, logLikelihood: -1540.228350
[00:05:44] [worker #7] Bootstrap tree #120, logLikelihood: -1473.731211
[00:05:44] [worker #2] Bootstrap tree #131, logLikelihood: -1378.243214
[00:05:45] [worker #5] Bootstrap tree #126, logLikelihood: -1414.742505
[00:05:45] [worker #1] Bootstrap tree #122, logLikelihood: -1460.634087
[00:05:46] [worker #3] Bootstrap tree #124, logLikelihood: -1522.761968
[00:05:49] [worker #6] Bootstrap tree #127, logLikelihood: -1513.388995
[00:05:50] [worker #4] Bootstrap tree #117, logLikelihood: -1471.087830
[00:05:52] [worker #0] Bootstrap tree #121, logLikelihood: -1446.890676
[00:05:55] [worker #2] Bootstrap tree #139, logLikelihood: -1529.267025
[00:05:56] [worker #3] Bootstrap tree #132, logLikelihood: -1643.930026
[00:05:57] [worker #1] Bootstrap tree #130, logLikelihood: -1466.285711
[00:05:58] [worker #6] Bootstrap tree #135, logLikelihood: -1572.634667
[00:06:02] [worker #7] Bootstrap tree #128, logLikelihood: -1440.499283
[00:06:02] [worker #5] Bootstrap tree #134, logLikelihood: -1502.563341
[00:06:04] [worker #0] Bootstrap tree #129, logLikelihood: -1472.960131
[00:06:06] [worker #3] Bootstrap tree #140, logLikelihood: -1499.723407
[00:06:06] [worker #6] Bootstrap tree #143, logLikelihood: -1395.553021
[00:06:07] [worker #4] Bootstrap tree #125, logLikelihood: -1566.953313
[00:06:10] [worker #1] Bootstrap tree #138, logLikelihood: -1791.781278
[00:06:13] [worker #2] Bootstrap tree #147, logLikelihood: -1688.210978
[00:06:15] [worker #5] Bootstrap tree #142, logLikelihood: -1595.822616
[00:06:16] [worker #7] Bootstrap tree #136, logLikelihood: -1573.475349
[00:06:18] [worker #4] Bootstrap tree #133, logLikelihood: -1474.249360
[00:06:22] [worker #3] Bootstrap tree #148, logLikelihood: -1796.920952
[00:06:25] [worker #7] Bootstrap tree #144, logLikelihood: -1556.532650
[00:06:27] [worker #5] Bootstrap tree #150, logLikelihood: -1629.115956
[00:06:27] [worker #4] Bootstrap tree #141, logLikelihood: -1575.045286
[00:06:27] [worker #0] Bootstrap tree #137, logLikelihood: -1457.732528
[00:06:28] [worker #1] Bootstrap tree #146, logLikelihood: -1515.786876
[00:06:40] [worker #4] Bootstrap tree #149, logLikelihood: -1631.869564
[00:06:46] [worker #0] Bootstrap tree #145, logLikelihood: -1584.900399
[00:06:55] [worker #4] Bootstrap tree #157, logLikelihood: -1420.378675
[00:06:56] [worker #6] Bootstrap tree #151, logLikelihood: -1667.315395
[00:06:57] [worker #3] Bootstrap tree #156, logLikelihood: -1732.790279
[00:06:58] [worker #1] Bootstrap tree #154, logLikelihood: -1389.310658
[00:07:01] [worker #5] Bootstrap tree #158, logLikelihood: -1647.741848
[00:07:01] [worker #7] Bootstrap tree #152, logLikelihood: -1701.554198
[00:07:02] [worker #0] Bootstrap tree #153, logLikelihood: -1636.412884
[00:07:06] [worker #3] Bootstrap tree #164, logLikelihood: -1464.411761
[00:07:07] [worker #1] Bootstrap tree #162, logLikelihood: -1546.393673
[00:07:08] [worker #6] Bootstrap tree #159, logLikelihood: -1712.385347
[00:07:08] [worker #2] Bootstrap tree #155, logLikelihood: -1672.690561
[00:07:09] [worker #4] Bootstrap tree #165, logLikelihood: -1473.363481
[00:07:12] [worker #5] Bootstrap tree #166, logLikelihood: -1380.696219
[00:07:17] [worker #0] Bootstrap tree #161, logLikelihood: -1587.771053
[00:07:17] [worker #3] Bootstrap tree #172, logLikelihood: -1430.159678
[00:07:18] [worker #6] Bootstrap tree #167, logLikelihood: -1477.126430
[00:07:19] [worker #2] Bootstrap tree #163, logLikelihood: -1744.302202
[00:07:22] [worker #1] Bootstrap tree #170, logLikelihood: -1499.464360
[00:07:24] [worker #7] Bootstrap tree #160, logLikelihood: -1775.162098
[00:07:29] [worker #4] Bootstrap tree #173, logLikelihood: -1790.906418
[00:07:31] [worker #2] Bootstrap tree #171, logLikelihood: -1816.194010
[00:07:31] [worker #1] Bootstrap tree #178, logLikelihood: -1465.026605
[00:07:32] [worker #3] Bootstrap tree #180, logLikelihood: -1600.420704
[00:07:33] [worker #5] Bootstrap tree #174, logLikelihood: -1590.599954
[00:07:34] [worker #6] Bootstrap tree #175, logLikelihood: -1552.034911
[00:07:39] [worker #7] Bootstrap tree #168, logLikelihood: -1453.879248
[00:07:41] [worker #4] Bootstrap tree #181, logLikelihood: -1464.567455
[00:07:43] [worker #5] Bootstrap tree #182, logLikelihood: -1657.282938
[00:07:43] [worker #0] Bootstrap tree #169, logLikelihood: -1471.749332
[00:07:44] [worker #2] Bootstrap tree #179, logLikelihood: -1844.986829
[00:07:46] [worker #1] Bootstrap tree #186, logLikelihood: -1658.574628
[00:07:48] [worker #7] Bootstrap tree #176, logLikelihood: -1660.790717
[00:07:51] [worker #3] Bootstrap tree #188, logLikelihood: -1723.618862
[00:07:55] [worker #0] Bootstrap tree #177, logLikelihood: -1420.460199
[00:07:56] [worker #5] Bootstrap tree #190, logLikelihood: -1549.757012
[00:07:57] [worker #4] Bootstrap tree #189, logLikelihood: -1496.925690
[00:07:57] [worker #1] Bootstrap tree #194, logLikelihood: -1351.225517
[00:07:57] [worker #6] Bootstrap tree #183, logLikelihood: -1623.319780
[00:08:01] [worker #2] Bootstrap tree #187, logLikelihood: -1640.838912
[00:08:04] [worker #7] Bootstrap tree #184, logLikelihood: -1704.353333
[00:08:05] [worker #0] Bootstrap tree #185, logLikelihood: -1518.409646
[00:08:10] [worker #3] Bootstrap tree #196, logLikelihood: -1645.668003
[00:08:11] [worker #4] Bootstrap tree #197, logLikelihood: -1605.722226
[00:08:13] [worker #7] Bootstrap tree #192, logLikelihood: -1501.728115
[00:08:13] [worker #6] Bootstrap tree #191, logLikelihood: -1551.829311
[00:08:13] [worker #5] Bootstrap tree #198, logLikelihood: -1595.925744
[00:08:19] [worker #0] Bootstrap tree #193, logLikelihood: -1618.102228
[00:08:24] [worker #6] Bootstrap tree #199, logLikelihood: -1668.765396
[00:08:26] [worker #7] Bootstrap tree #200, logLikelihood: -1526.591570
[00:08:27] [worker #2] Bootstrap tree #195, logLikelihood: -1600.440700
[00:08:38] [worker #2] Bootstrap tree #203, logLikelihood: -1540.064396
[00:08:38] [worker #6] Bootstrap tree #207, logLikelihood: -1583.521339
[00:08:39] [worker #0] Bootstrap tree #201, logLikelihood: -1793.752605
[00:08:41] [worker #5] Bootstrap tree #206, logLikelihood: -1439.960609
[00:08:42] [worker #7] Bootstrap tree #208, logLikelihood: -1560.115839
[00:08:43] [worker #1] Bootstrap tree #202, logLikelihood: -1579.934943
[00:08:47] [worker #4] Bootstrap tree #205, logLikelihood: -1693.291905
[00:08:49] [worker #6] Bootstrap tree #215, logLikelihood: -1520.617078
[00:08:51] [worker #2] Bootstrap tree #211, logLikelihood: -1407.892704
[00:08:56] [worker #5] Bootstrap tree #214, logLikelihood: -1614.374963
[00:08:57] [worker #4] Bootstrap tree #213, logLikelihood: -1620.074425
[00:08:59] [worker #0] Bootstrap tree #209, logLikelihood: -1541.839765
[00:09:02] [worker #1] Bootstrap tree #210, logLikelihood: -1449.857893
[00:09:05] [worker #3] Bootstrap tree #204, logLikelihood: -1709.406315
[00:09:05] [worker #6] Bootstrap tree #223, logLikelihood: -1695.157297
[00:09:06] [worker #7] Bootstrap tree #216, logLikelihood: -1458.284383
[00:09:07] [worker #5] Bootstrap tree #222, logLikelihood: -1561.870580
[00:09:08] [worker #2] Bootstrap tree #219, logLikelihood: -1648.941145
[00:09:11] [worker #4] Bootstrap tree #221, logLikelihood: -1597.016952
[00:09:12] [worker #1] Bootstrap tree #218, logLikelihood: -1616.041310
[00:09:14] [worker #3] Bootstrap tree #212, logLikelihood: -1599.666711
[00:09:15] [worker #0] Bootstrap tree #217, logLikelihood: -1720.723236
[00:09:17] [worker #5] Bootstrap tree #230, logLikelihood: -1519.306363
[00:09:18] [worker #2] Bootstrap tree #227, logLikelihood: -1554.369201
[00:09:19] [worker #7] Bootstrap tree #224, logLikelihood: -1574.000392
[00:09:23] [worker #6] Bootstrap tree #231, logLikelihood: -1397.705148
[00:09:24] [worker #3] Bootstrap tree #220, logLikelihood: -1653.561223
[00:09:26] [worker #4] Bootstrap tree #229, logLikelihood: -1650.312633
[00:09:26] [worker #7] Bootstrap tree #232, logLikelihood: -1459.712313
[00:09:27] [worker #2] Bootstrap tree #235, logLikelihood: -1598.841050
[00:09:32] [worker #0] Bootstrap tree #225, logLikelihood: -1608.083935
[00:09:33] [worker #1] Bootstrap tree #226, logLikelihood: -1541.284169
[00:09:34] [worker #6] Bootstrap tree #239, logLikelihood: -1534.420005
[00:09:35] [worker #7] Bootstrap tree #240, logLikelihood: -1731.325681
[00:09:38] [worker #3] Bootstrap tree #228, logLikelihood: -1588.817983
[00:09:39] [worker #4] Bootstrap tree #237, logLikelihood: -1742.035588
[00:09:40] [worker #2] Bootstrap tree #243, logLikelihood: -1591.049762
[00:09:42] [worker #1] Bootstrap tree #234, logLikelihood: -1556.254499
[00:09:43] [worker #0] Bootstrap tree #233, logLikelihood: -1482.366267
[00:09:46] [worker #5] Bootstrap tree #238, logLikelihood: -1558.619537
[00:09:47] [worker #3] Bootstrap tree #236, logLikelihood: -1458.619935
[00:09:53] [worker #7] Bootstrap tree #248, logLikelihood: -1719.482655
[00:09:53] [worker #1] Bootstrap tree #242, logLikelihood: -1515.610390
[00:09:53] [worker #0] Bootstrap tree #241, logLikelihood: -1588.253962
[00:09:54] [worker #5] Bootstrap tree #246, logLikelihood: -1743.686632
[00:10:01] [worker #4] Bootstrap tree #245, logLikelihood: -1602.935778
[00:10:01] [worker #3] Bootstrap tree #244, logLikelihood: -1615.733903
[00:10:03] [worker #0] Bootstrap tree #249, logLikelihood: -1599.504805
[00:10:04] [worker #6] Bootstrap tree #247, logLikelihood: -1588.975086
[00:10:10] [worker #1] Bootstrap tree #250, logLikelihood: -1664.148959
[00:10:20] [worker #1] Bootstrap tree #258, logLikelihood: -1518.944798
[00:10:21] [worker #5] Bootstrap tree #254, logLikelihood: -1542.533771
[00:10:22] [worker #3] Bootstrap tree #252, logLikelihood: -1640.516084
[00:10:27] [worker #4] Bootstrap tree #253, logLikelihood: -1520.999610
[00:10:28] [worker #0] Bootstrap tree #257, logLikelihood: -1467.994418
[00:10:29] [worker #2] Bootstrap tree #251, logLikelihood: -1840.476585
[00:10:29] [worker #7] Bootstrap tree #256, logLikelihood: -1651.339119
[00:10:31] [worker #3] Bootstrap tree #260, logLikelihood: -1707.232347
[00:10:32] [worker #5] Bootstrap tree #262, logLikelihood: -1399.441194
[00:10:36] [worker #4] Bootstrap tree #261, logLikelihood: -1602.823414
[00:10:37] [worker #6] Bootstrap tree #255, logLikelihood: -1771.320659
[00:10:37] [worker #1] Bootstrap tree #266, logLikelihood: -1585.963601
[00:10:39] [worker #2] Bootstrap tree #259, logLikelihood: -1582.861651
[00:10:41] [worker #3] Bootstrap tree #268, logLikelihood: -1618.774716
[00:10:43] [worker #5] Bootstrap tree #270, logLikelihood: -1569.344690
[00:10:44] [worker #7] Bootstrap tree #264, logLikelihood: -1663.749428
[00:10:46] [worker #1] Bootstrap tree #274, logLikelihood: -1741.829640
[00:10:49] [worker #4] Bootstrap tree #269, logLikelihood: -1539.954571
[00:10:50] [worker #3] Bootstrap tree #276, logLikelihood: -1679.973335
[00:10:51] [worker #2] Bootstrap tree #267, logLikelihood: -1549.231751
[00:10:52] [worker #6] Bootstrap tree #263, logLikelihood: -1365.769958
[00:10:54] [worker #5] Bootstrap tree #278, logLikelihood: -1486.661318
[00:10:56] [worker #7] Bootstrap tree #272, logLikelihood: -1614.303567
[00:10:57] [worker #1] Bootstrap tree #282, logLikelihood: -1516.519058
[00:10:57] [worker #0] Bootstrap tree #265, logLikelihood: -1469.545066
[00:10:59] [worker #2] Bootstrap tree #275, logLikelihood: -1417.370205
[00:11:00] [worker #4] Bootstrap tree #277, logLikelihood: -1629.004291
[00:11:02] [worker #3] Bootstrap tree #284, logLikelihood: -1567.101002
[00:11:03] [worker #5] Bootstrap tree #286, logLikelihood: -1525.120329
[00:11:06] [worker #1] Bootstrap tree #290, logLikelihood: -1634.729235
[00:11:14] [worker #4] Bootstrap tree #285, logLikelihood: -1446.572738
[00:11:16] [worker #5] Bootstrap tree #294, logLikelihood: -1736.897469
[00:11:17] [worker #3] Bootstrap tree #292, logLikelihood: -1764.860337
[00:11:18] [worker #7] Bootstrap tree #280, logLikelihood: -1559.611263
[00:11:20] [worker #1] Bootstrap tree #298, logLikelihood: -1692.059738
[00:11:20] [worker #0] Bootstrap tree #273, logLikelihood: -1582.936191
[00:11:26] [worker #4] Bootstrap tree #293, logLikelihood: -1620.399338
[00:11:26] [worker #3] Bootstrap tree #300, logLikelihood: -1410.268856
[00:11:27] [worker #2] Bootstrap tree #283, logLikelihood: -1533.084808
[00:11:33] [worker #0] Bootstrap tree #281, logLikelihood: -1872.924486
[00:11:34] [worker #7] Bootstrap tree #288, logLikelihood: -1614.112386
[00:11:35] [worker #6] Bootstrap tree #271, logLikelihood: -1479.460062
[00:11:37] [worker #2] Bootstrap tree #291, logLikelihood: -1403.239396
[00:11:42] [worker #0] Bootstrap tree #289, logLikelihood: -1503.192875
[00:11:46] [worker #7] Bootstrap tree #296, logLikelihood: -1543.389871
[00:11:48] [worker #6] Bootstrap tree #279, logLikelihood: -1520.880048
[00:11:56] [worker #2] Bootstrap tree #299, logLikelihood: -1641.006256
[00:12:00] [worker #0] Bootstrap tree #297, logLikelihood: -1534.591660
[00:12:00] [worker #6] Bootstrap tree #287, logLikelihood: -1563.275545
[00:12:13] [worker #6] Bootstrap tree #295, logLikelihood: -1554.476248
[00:12:26] [worker #6] Bootstrap tree #303, logLikelihood: -1496.617334
[00:12:27] [worker #4] Bootstrap tree #301, logLikelihood: -1666.881891
[00:12:27] [worker #0] Bootstrap tree #305, logLikelihood: -1652.929000
[00:12:30] [worker #5] Bootstrap tree #302, logLikelihood: -1442.552754
[00:12:31] [worker #1] Bootstrap tree #306, logLikelihood: -1532.990979
[00:12:32] [worker #7] Bootstrap tree #304, logLikelihood: -1612.609245
[00:12:33] [worker #3] Bootstrap tree #308, logLikelihood: -1525.304457
[00:12:34] [worker #2] Bootstrap tree #307, logLikelihood: -1573.658216
[00:12:36] [worker #6] Bootstrap tree #311, logLikelihood: -1545.176407
[00:12:40] [worker #0] Bootstrap tree #313, logLikelihood: -1543.149063
[00:12:40] [worker #7] Bootstrap tree #312, logLikelihood: -1413.982560
[00:12:41] [worker #5] Bootstrap tree #310, logLikelihood: -1499.730462
[00:12:42] [worker #1] Bootstrap tree #314, logLikelihood: -1477.940776
[00:12:44] [worker #3] Bootstrap tree #316, logLikelihood: -1760.320348
[00:12:45] [worker #4] Bootstrap tree #309, logLikelihood: -1570.361086
[00:12:47] [worker #6] Bootstrap tree #319, logLikelihood: -1386.484515
[00:12:52] [worker #2] Bootstrap tree #315, logLikelihood: -1631.779089
[00:12:53] [worker #3] Bootstrap tree #324, logLikelihood: -1503.695287
[00:12:53] [worker #5] Bootstrap tree #318, logLikelihood: -1362.859054
[00:12:53] [worker #7] Bootstrap tree #320, logLikelihood: -1587.277927
[00:12:54] [worker #0] Bootstrap tree #321, logLikelihood: -1703.982120
[00:12:55] [worker #1] Bootstrap tree #322, logLikelihood: -1745.354516
[00:12:57] [worker #6] Bootstrap tree #327, logLikelihood: -1520.632734
[00:13:00] [worker #4] Bootstrap tree #317, logLikelihood: -1418.816885
[00:13:06] [worker #5] Bootstrap tree #326, logLikelihood: -1504.654541
[00:13:07] [worker #3] Bootstrap tree #332, logLikelihood: -1518.834147
[00:13:08] [worker #7] Bootstrap tree #328, logLikelihood: -1468.330987
[00:13:08] [worker #0] Bootstrap tree #329, logLikelihood: -1561.321968
[00:13:08] [worker #2] Bootstrap tree #323, logLikelihood: -1554.498840
[00:13:10] [worker #6] Bootstrap tree #335, logLikelihood: -1484.785506
[00:13:10] [worker #4] Bootstrap tree #325, logLikelihood: -1493.877248
[00:13:10] [worker #1] Bootstrap tree #330, logLikelihood: -1626.963416
[00:13:18] [worker #5] Bootstrap tree #334, logLikelihood: -1763.947154
[00:13:18] [worker #7] Bootstrap tree #336, logLikelihood: -1680.422338
[00:13:18] [worker #3] Bootstrap tree #340, logLikelihood: -1592.084537
[00:13:19] [worker #4] Bootstrap tree #333, logLikelihood: -1616.514923
[00:13:20] [worker #0] Bootstrap tree #337, logLikelihood: -1538.641282
[00:13:24] [worker #6] Bootstrap tree #343, logLikelihood: -1647.803595
[00:13:27] [worker #1] Bootstrap tree #338, logLikelihood: -1672.096192
[00:13:27] [worker #2] Bootstrap tree #331, logLikelihood: -1647.366068
[00:13:30] [worker #5] Bootstrap tree #342, logLikelihood: -1659.421200
[00:13:31] [worker #4] Bootstrap tree #341, logLikelihood: -1538.069510
[00:13:33] [worker #3] Bootstrap tree #348, logLikelihood: -1464.208336
[00:13:33] [worker #7] Bootstrap tree #344, logLikelihood: -1426.628198
[00:13:36] [worker #0] Bootstrap tree #345, logLikelihood: -1685.551838
[00:13:36] [worker #1] Bootstrap tree #346, logLikelihood: -1612.059752
[00:13:36] [worker #2] Bootstrap tree #339, logLikelihood: -1669.287581
[00:13:43] [worker #5] Bootstrap tree #350, logLikelihood: -1511.262762
[00:13:44] [worker #4] Bootstrap tree #349, logLikelihood: -1726.029717
[00:13:47] [worker #2] Bootstrap tree #347, logLikelihood: -1462.754319
[00:13:56] [worker #6] Bootstrap tree #351, logLikelihood: -1533.599800
[00:13:58] [worker #4] Bootstrap tree #357, logLikelihood: -1410.671786
[00:13:59] [worker #1] Bootstrap tree #354, logLikelihood: -1571.368669
[00:13:59] [worker #0] Bootstrap tree #353, logLikelihood: -1442.318471
[00:13:59] [worker #7] Bootstrap tree #352, logLikelihood: -1562.619499
[00:14:05] [worker #3] Bootstrap tree #356, logLikelihood: -1567.546940
[00:14:05] [worker #6] Bootstrap tree #359, logLikelihood: -1576.014998
[00:14:07] [worker #4] Bootstrap tree #365, logLikelihood: -1445.930123
[00:14:09] [worker #2] Bootstrap tree #355, logLikelihood: -1524.671549
[00:14:12] [worker #7] Bootstrap tree #360, logLikelihood: -1738.797005
[00:14:15] [worker #5] Bootstrap tree #358, logLikelihood: -1716.244279
[00:14:16] [worker #3] Bootstrap tree #364, logLikelihood: -1491.103715
[00:14:18] [worker #1] Bootstrap tree #362, logLikelihood: -1482.110553
[00:14:18] [worker #2] Bootstrap tree #363, logLikelihood: -1712.807503
[00:14:19] [worker #6] Bootstrap tree #367, logLikelihood: -1763.450808
[00:14:21] [worker #0] Bootstrap tree #361, logLikelihood: -1451.839922
[00:14:22] [worker #7] Bootstrap tree #368, logLikelihood: -1396.873843
[00:14:26] [worker #4] Bootstrap tree #373, logLikelihood: -1350.588720
[00:14:30] [worker #3] Bootstrap tree #372, logLikelihood: -1470.153272
[00:14:31] [worker #2] Bootstrap tree #371, logLikelihood: -1681.163806
[00:14:36] [worker #1] Bootstrap tree #370, logLikelihood: -1580.723671
[00:14:37] [worker #4] Bootstrap tree #381, logLikelihood: -1622.932184
[00:14:38] [worker #7] Bootstrap tree #376, logLikelihood: -1564.024801
[00:14:39] [worker #6] Bootstrap tree #375, logLikelihood: -1458.239598
[00:14:40] [worker #3] Bootstrap tree #380, logLikelihood: -1515.046241
[00:14:40] [worker #2] Bootstrap tree #379, logLikelihood: -1757.749667
[00:14:42] [worker #0] Bootstrap tree #369, logLikelihood: -1414.085748
[00:14:43] [worker #5] Bootstrap tree #366, logLikelihood: -1581.739913
[00:14:51] [worker #4] Bootstrap tree #389, logLikelihood: -1679.066383
[00:14:51] [worker #1] Bootstrap tree #378, logLikelihood: -1548.828909
[00:14:51] [worker #2] Bootstrap tree #387, logLikelihood: -1531.195049
[00:14:54] [worker #0] Bootstrap tree #377, logLikelihood: -1599.567421
[00:14:54] [worker #7] Bootstrap tree #384, logLikelihood: -1590.101514
[00:14:54] [worker #6] Bootstrap tree #383, logLikelihood: -1507.824323
[00:14:58] [worker #3] Bootstrap tree #388, logLikelihood: -1649.223997
[00:15:02] [worker #4] Bootstrap tree #397, logLikelihood: -1805.315054
[00:15:05] [worker #5] Bootstrap tree #374, logLikelihood: -1768.735161
[00:15:06] [worker #1] Bootstrap tree #386, logLikelihood: -1617.356950
[00:15:06] [worker #7] Bootstrap tree #392, logLikelihood: -1616.423164
[00:15:06] [worker #0] Bootstrap tree #385, logLikelihood: -1426.342160
[00:15:08] [worker #6] Bootstrap tree #391, logLikelihood: -1492.821972
[00:15:14] [worker #2] Bootstrap tree #395, logLikelihood: -1534.908319
[00:15:16] [worker #3] Bootstrap tree #396, logLikelihood: -1521.640098
[00:15:20] [worker #7] Bootstrap tree #400, logLikelihood: -1588.116472
[00:15:21] [worker #1] Bootstrap tree #394, logLikelihood: -1630.450764
[00:15:23] [worker #5] Bootstrap tree #382, logLikelihood: -1581.721123
[00:15:24] [worker #6] Bootstrap tree #399, logLikelihood: -1465.889189
[00:15:28] [worker #0] Bootstrap tree #393, logLikelihood: -1691.620674
[00:15:39] [worker #5] Bootstrap tree #390, logLikelihood: -1541.322843
[00:15:49] [worker #5] Bootstrap tree #398, logLikelihood: -1547.233662
[00:15:59] [worker #5] Bootstrap tree #406, logLikelihood: -1632.119496
[00:16:00] [worker #1] Bootstrap tree #402, logLikelihood: -1463.569770
[00:16:05] [worker #7] Bootstrap tree #408, logLikelihood: -1734.659685
[00:16:05] [worker #3] Bootstrap tree #404, logLikelihood: -1625.036085
[00:16:06] [worker #6] Bootstrap tree #407, logLikelihood: -1461.876809
[00:16:07] [worker #4] Bootstrap tree #405, logLikelihood: -1507.313443
[00:16:07] [worker #2] Bootstrap tree #403, logLikelihood: -1668.691324
[00:16:10] [worker #1] Bootstrap tree #410, logLikelihood: -1599.524066
[00:16:12] [worker #5] Bootstrap tree #414, logLikelihood: -1720.209790
[00:16:13] [worker #7] Bootstrap tree #416, logLikelihood: -1549.514976
[00:16:15] [worker #0] Bootstrap tree #401, logLikelihood: -1749.546188
[00:16:16] [worker #6] Bootstrap tree #415, logLikelihood: -1442.127529
[00:16:21] [worker #2] Bootstrap tree #411, logLikelihood: -1599.911065
[00:16:21] [worker #5] Bootstrap tree #422, logLikelihood: -1736.296879
[00:16:21] [worker #3] Bootstrap tree #412, logLikelihood: -1693.807649
[00:16:26] [worker #0] Bootstrap tree #409, logLikelihood: -1534.977989
[00:16:26] [worker #4] Bootstrap tree #413, logLikelihood: -1507.366061
[00:16:26] [worker #7] Bootstrap tree #424, logLikelihood: -1618.676432
[00:16:27] [worker #1] Bootstrap tree #418, logLikelihood: -1466.164396
[00:16:30] [worker #5] Bootstrap tree #430, logLikelihood: -1380.244286
[00:16:33] [worker #2] Bootstrap tree #419, logLikelihood: -1502.656710
[00:16:34] [worker #3] Bootstrap tree #420, logLikelihood: -1599.852844
[00:16:38] [worker #6] Bootstrap tree #423, logLikelihood: -1494.114902
[00:16:39] [worker #1] Bootstrap tree #426, logLikelihood: -1553.369664
[00:16:40] [worker #0] Bootstrap tree #417, logLikelihood: -1524.235000
[00:16:43] [worker #5] Bootstrap tree #438, logLikelihood: -1598.868943
[00:16:45] [worker #2] Bootstrap tree #427, logLikelihood: -1632.967870
[00:16:45] [worker #7] Bootstrap tree #432, logLikelihood: -1633.203145
[00:16:49] [worker #0] Bootstrap tree #425, logLikelihood: -1471.487212
[00:16:49] [worker #4] Bootstrap tree #421, logLikelihood: -1614.175455
[00:16:55] [worker #1] Bootstrap tree #434, logLikelihood: -1703.308691
[00:16:55] [worker #3] Bootstrap tree #428, logLikelihood: -1519.148408
[00:16:56] [worker #7] Bootstrap tree #440, logLikelihood: -1492.490959
[00:16:56] [worker #2] Bootstrap tree #435, logLikelihood: -1431.670804
[00:16:57] [worker #5] Bootstrap tree #446, logLikelihood: -1622.687759
[00:17:00] [worker #6] Bootstrap tree #431, logLikelihood: -1574.507074
[00:17:05] [worker #0] Bootstrap tree #433, logLikelihood: -1667.035908
[00:17:07] [worker #4] Bootstrap tree #429, logLikelihood: -1480.187342
[00:17:09] [worker #7] Bootstrap tree #448, logLikelihood: -1591.097147
[00:17:10] [worker #1] Bootstrap tree #442, logLikelihood: -1418.547100
[00:17:11] [worker #2] Bootstrap tree #443, logLikelihood: -1734.095801
[00:17:12] [worker #3] Bootstrap tree #436, logLikelihood: -1646.502927
[00:17:15] [worker #6] Bootstrap tree #439, logLikelihood: -1496.431009
[00:17:17] [worker #0] Bootstrap tree #441, logLikelihood: -1611.384998
[00:17:19] [worker #4] Bootstrap tree #437, logLikelihood: -1729.301511
[00:17:24] [worker #3] Bootstrap tree #444, logLikelihood: -1539.079047
[00:17:24] [worker #1] Bootstrap tree #450, logLikelihood: -1561.375924
[00:17:26] [worker #6] Bootstrap tree #447, logLikelihood: -1643.981979
[00:17:30] [worker #4] Bootstrap tree #445, logLikelihood: -1495.648713
[00:17:38] [worker #0] Bootstrap tree #449, logLikelihood: -1774.265986
[00:17:48] [worker #3] Bootstrap tree #452, logLikelihood: -1391.599084
[00:17:49] [worker #7] Bootstrap tree #456, logLikelihood: -1522.684754
[00:17:49] [worker #1] Bootstrap tree #458, logLikelihood: -1559.354580
[00:17:51] [worker #2] Bootstrap tree #451, logLikelihood: -1787.811175
[00:17:51] [worker #4] Bootstrap tree #453, logLikelihood: -1464.623048
[00:17:52] [worker #0] Bootstrap tree #457, logLikelihood: -1489.621553
[00:17:53] [worker #6] Bootstrap tree #455, logLikelihood: -1428.106837
[00:17:59] [worker #5] Bootstrap tree #454, logLikelihood: -1542.086231
[00:18:00] [worker #3] Bootstrap tree #460, logLikelihood: -1778.441787
[00:18:00] [worker #7] Bootstrap tree #464, logLikelihood: -1573.020460
[00:18:06] [worker #1] Bootstrap tree #466, logLikelihood: -1639.434838
[00:18:06] [worker #2] Bootstrap tree #459, logLikelihood: -1624.466281
[00:18:09] [worker #3] Bootstrap tree #468, logLikelihood: -1427.839335
[00:18:09] [worker #4] Bootstrap tree #461, logLikelihood: -1531.040338
[00:18:09] [worker #5] Bootstrap tree #462, logLikelihood: -1644.222752
[00:18:15] [worker #1] Bootstrap tree #474, logLikelihood: -1544.527747
[00:18:17] [worker #0] Bootstrap tree #465, logLikelihood: -1478.771668
[00:18:18] [worker #2] Bootstrap tree #467, logLikelihood: -1331.661304
[00:18:18] [worker #3] Bootstrap tree #476, logLikelihood: -1526.115923
[00:18:18] [worker #4] Bootstrap tree #469, logLikelihood: -1566.845131
[00:18:19] [worker #7] Bootstrap tree #472, logLikelihood: -1704.036165
[00:18:20] [worker #6] Bootstrap tree #463, logLikelihood: -1460.678192
[00:18:20] [worker #5] Bootstrap tree #470, logLikelihood: -1618.249860
[00:18:27] [worker #2] Bootstrap tree #475, logLikelihood: -1633.004551
[00:18:32] [worker #1] Bootstrap tree #482, logLikelihood: -1510.309993
[00:18:33] [worker #7] Bootstrap tree #480, logLikelihood: -1600.501368
[00:18:36] [worker #0] Bootstrap tree #473, logLikelihood: -1631.660887
[00:18:37] [worker #6] Bootstrap tree #471, logLikelihood: -1565.025206
[00:18:38] [worker #3] Bootstrap tree #484, logLikelihood: -1600.222382
[00:18:39] [worker #2] Bootstrap tree #483, logLikelihood: -1500.012425
[00:18:41] [worker #4] Bootstrap tree #477, logLikelihood: -1345.002185
[00:18:43] [worker #1] Bootstrap tree #490, logLikelihood: -1568.071599
[00:18:43] [worker #5] Bootstrap tree #478, logLikelihood: -1503.519647
[00:18:44] [worker #7] Bootstrap tree #488, logLikelihood: -1813.005897
[00:18:48] [worker #2] Bootstrap tree #491, logLikelihood: -1409.133425
[00:18:50] [worker #6] Bootstrap tree #479, logLikelihood: -1523.343820
[00:18:52] [worker #1] Bootstrap tree #498, logLikelihood: -1430.309750
[00:18:52] [worker #7] Bootstrap tree #496, logLikelihood: -1463.013677
[00:18:53] [worker #4] Bootstrap tree #485, logLikelihood: -1502.193944
[00:18:54] [worker #5] Bootstrap tree #486, logLikelihood: -1597.183755
[00:18:57] [worker #3] Bootstrap tree #492, logLikelihood: -1575.518760
[00:19:00] [worker #2] Bootstrap tree #499, logLikelihood: -1820.446016
[00:19:02] [worker #0] Bootstrap tree #481, logLikelihood: -1800.323088
[00:19:05] [worker #6] Bootstrap tree #487, logLikelihood: -1553.945183
[00:19:07] [worker #5] Bootstrap tree #494, logLikelihood: -1546.167390
[00:19:12] [worker #4] Bootstrap tree #493, logLikelihood: -1660.513912
[00:19:14] [worker #3] Bootstrap tree #500, logLikelihood: -1621.664449
[00:19:23] [worker #6] Bootstrap tree #495, logLikelihood: -1560.758882
[00:19:26] [worker #0] Bootstrap tree #489, logLikelihood: -1539.322850
[00:19:39] [worker #0] Bootstrap tree #497, logLikelihood: -1552.626703
[00:19:51] [worker #1] Bootstrap tree #506, logLikelihood: -1650.217606
[00:19:51] [worker #6] Bootstrap tree #503, logLikelihood: -1545.494876
[00:19:52] [worker #5] Bootstrap tree #502, logLikelihood: -1494.569960
[00:19:54] [worker #7] Bootstrap tree #504, logLikelihood: -1482.404365
[00:19:55] [worker #4] Bootstrap tree #501, logLikelihood: -1636.466380
[00:19:56] [worker #3] Bootstrap tree #508, logLikelihood: -1705.806262
[00:19:59] [worker #0] Bootstrap tree #505, logLikelihood: -1439.902391
[00:20:02] [worker #1] Bootstrap tree #514, logLikelihood: -1658.207160
[00:20:03] [worker #6] Bootstrap tree #511, logLikelihood: -1670.431008
[00:20:04] [worker #7] Bootstrap tree #512, logLikelihood: -1536.169978
[00:20:06] [worker #3] Bootstrap tree #516, logLikelihood: -1577.765576
[00:20:06] [worker #2] Bootstrap tree #507, logLikelihood: -1655.654922
[00:20:07] [worker #5] Bootstrap tree #510, logLikelihood: -1749.000857
[00:20:10] [worker #0] Bootstrap tree #513, logLikelihood: -1505.877947
[00:20:15] [worker #4] Bootstrap tree #509, logLikelihood: -1519.559661
[00:20:16] [worker #7] Bootstrap tree #520, logLikelihood: -1518.974540
[00:20:16] [worker #1] Bootstrap tree #522, logLikelihood: -1431.569030
[00:20:16] [worker #5] Bootstrap tree #518, logLikelihood: -1524.245656
[00:20:20] [worker #6] Bootstrap tree #519, logLikelihood: -1698.320926
[00:20:22] [worker #0] Bootstrap tree #521, logLikelihood: -1663.110649
[00:20:23] [worker #3] Bootstrap tree #524, logLikelihood: -1662.150052
[00:20:25] [worker #7] Bootstrap tree #528, logLikelihood: -1701.113077
[00:20:25] [worker #5] Bootstrap tree #526, logLikelihood: -1505.963100
[00:20:27] [worker #1] Bootstrap tree #530, logLikelihood: -1656.110332
[00:20:27] [worker #2] Bootstrap tree #515, logLikelihood: -1721.858297
[00:20:31] [worker #6] Bootstrap tree #527, logLikelihood: -1696.478696
[00:20:32] [worker #3] Bootstrap tree #532, logLikelihood: -1608.640004
[00:20:32] [worker #4] Bootstrap tree #517, logLikelihood: -1372.106071
[00:20:35] [worker #5] Bootstrap tree #534, logLikelihood: -1323.622519
[00:20:35] [worker #0] Bootstrap tree #529, logLikelihood: -1580.802295
[00:20:38] [worker #7] Bootstrap tree #536, logLikelihood: -1700.797540
[00:20:39] [worker #2] Bootstrap tree #523, logLikelihood: -1457.129291
[00:20:41] [worker #1] Bootstrap tree #538, logLikelihood: -1570.004636
[00:20:42] [worker #6] Bootstrap tree #535, logLikelihood: -1613.071284
[00:20:44] [worker #4] Bootstrap tree #525, logLikelihood: -1765.458694
[00:20:49] [worker #5] Bootstrap tree #542, logLikelihood: -1764.162193
[00:20:51] [worker #6] Bootstrap tree #543, logLikelihood: -1590.476277
[00:20:53] [worker #7] Bootstrap tree #544, logLikelihood: -1610.813127
[00:20:53] [worker #4] Bootstrap tree #533, logLikelihood: -1602.099965
[00:20:56] [worker #2] Bootstrap tree #531, logLikelihood: -1571.693302
[00:20:56] [worker #3] Bootstrap tree #540, logLikelihood: -1603.534102
[00:20:57] [worker #1] Bootstrap tree #546, logLikelihood: -1571.725798
[00:20:58] [worker #5] Bootstrap tree #550, logLikelihood: -1425.722551
[00:21:00] [worker #0] Bootstrap tree #537, logLikelihood: -1594.714913
[00:21:03] [worker #2] Bootstrap tree #539, logLikelihood: -1258.231405
[00:21:04] [worker #4] Bootstrap tree #541, logLikelihood: -1707.887996
[00:21:14] [worker #4] Bootstrap tree #549, logLikelihood: -1576.166238
[00:21:16] [worker #3] Bootstrap tree #548, logLikelihood: -1435.297061
[00:21:17] [worker #2] Bootstrap tree #547, logLikelihood: -1601.634147
[00:21:23] [worker #0] Bootstrap tree #545, logLikelihood: -1599.348125
[00:21:34] [worker #1] Bootstrap tree #554, logLikelihood: -1498.033286
[00:21:37] [worker #2] Bootstrap tree #555, logLikelihood: -1652.708606
[00:21:37] [worker #3] Bootstrap tree #556, logLikelihood: -1731.092134
[00:21:39] [worker #7] Bootstrap tree #552, logLikelihood: -1489.075920
[00:21:40] [worker #5] Bootstrap tree #558, logLikelihood: -1600.989107
[00:21:43] [worker #1] Bootstrap tree #562, logLikelihood: -1483.801455
[00:21:46] [worker #6] Bootstrap tree #551, logLikelihood: -1433.597141
[00:21:46] [worker #4] Bootstrap tree #557, logLikelihood: -1544.650449
[00:21:48] [worker #0] Bootstrap tree #553, logLikelihood: -1659.336294
[00:21:49] [worker #5] Bootstrap tree #566, logLikelihood: -1547.146128
[00:21:50] [worker #2] Bootstrap tree #563, logLikelihood: -1506.669154
[00:21:53] [worker #7] Bootstrap tree #560, logLikelihood: -1529.702887
[00:21:55] [worker #6] Bootstrap tree #559, logLikelihood: -1684.898633
[00:21:56] [worker #3] Bootstrap tree #564, logLikelihood: -1693.944016
[00:21:59] [worker #5] Bootstrap tree #574, logLikelihood: -1588.018738
[00:22:03] [worker #1] Bootstrap tree #570, logLikelihood: -1603.722263
[00:22:03] [worker #2] Bootstrap tree #571, logLikelihood: -1645.296968
[00:22:07] [worker #4] Bootstrap tree #565, logLikelihood: -1704.649241
[00:22:08] [worker #6] Bootstrap tree #567, logLikelihood: -1748.085964
[00:22:10] [worker #7] Bootstrap tree #568, logLikelihood: -1665.018509
[00:22:12] [worker #5] Bootstrap tree #582, logLikelihood: -1525.630246
[00:22:12] [worker #3] Bootstrap tree #572, logLikelihood: -1458.428136
[00:22:17] [worker #2] Bootstrap tree #579, logLikelihood: -1400.976495
[00:22:18] [worker #4] Bootstrap tree #573, logLikelihood: -1688.261200
[00:22:20] [worker #1] Bootstrap tree #578, logLikelihood: -1494.437120
[00:22:22] [worker #5] Bootstrap tree #590, logLikelihood: -1549.564816
[00:22:24] [worker #7] Bootstrap tree #576, logLikelihood: -1597.833638
[00:22:30] [worker #6] Bootstrap tree #575, logLikelihood: -1937.652686
[00:22:30] [worker #0] Bootstrap tree #561, logLikelihood: -1437.513328
[00:22:32] [worker #7] Bootstrap tree #584, logLikelihood: -1550.829744
[00:22:33] [worker #2] Bootstrap tree #587, logLikelihood: -1578.434612
[00:22:34] [worker #1] Bootstrap tree #586, logLikelihood: -1610.952723
[00:22:35] [worker #4] Bootstrap tree #581, logLikelihood: -1626.153295
[00:22:41] [worker #3] Bootstrap tree #580, logLikelihood: -1577.947637
[00:22:42] [worker #0] Bootstrap tree #569, logLikelihood: -1432.518356
[00:22:44] [worker #6] Bootstrap tree #583, logLikelihood: -1427.419767
[00:22:45] [worker #2] Bootstrap tree #595, logLikelihood: -1608.174169
[00:22:45] [worker #1] Bootstrap tree #594, logLikelihood: -1662.128004
[00:22:47] [worker #5] Bootstrap tree #598, logLikelihood: -1778.226975
[00:22:48] [worker #7] Bootstrap tree #592, logLikelihood: -1663.017935
[00:22:51] [worker #3] Bootstrap tree #588, logLikelihood: -1560.423683
[00:22:52] [worker #0] Bootstrap tree #577, logLikelihood: -1569.871561
[00:22:57] [worker #6] Bootstrap tree #591, logLikelihood: -1616.413316
[00:23:00] [worker #4] Bootstrap tree #589, logLikelihood: -1562.537202
[00:23:01] [worker #7] Bootstrap tree #600, logLikelihood: -1739.459954
[00:23:06] [worker #3] Bootstrap tree #596, logLikelihood: -1657.930911
[00:23:07] [worker #0] Bootstrap tree #585, logLikelihood: -1853.406239
[00:23:08] [worker #6] Bootstrap tree #599, logLikelihood: -1626.974699
[00:23:16] [worker #4] Bootstrap tree #597, logLikelihood: -1618.204955
[00:23:25] [worker #0] Bootstrap tree #593, logLikelihood: -1631.325578
[00:23:35] [worker #7] Bootstrap tree #608, logLikelihood: -1645.318808
[00:23:37] [worker #6] Bootstrap tree #607, logLikelihood: -1462.057729
[00:23:38] [worker #1] Bootstrap tree #602, logLikelihood: -1890.427564
[00:23:42] [worker #5] Bootstrap tree #606, logLikelihood: -1524.629562
[00:23:43] [worker #4] Bootstrap tree #605, logLikelihood: -1759.799020
[00:23:43] [worker #0] Bootstrap tree #601, logLikelihood: -1567.924590
[00:23:44] [worker #3] Bootstrap tree #604, logLikelihood: -1506.544633
[00:23:48] [worker #6] Bootstrap tree #615, logLikelihood: -1547.572354
[00:23:48] [worker #2] Bootstrap tree #603, logLikelihood: -1495.594912
[00:23:52] [worker #7] Bootstrap tree #616, logLikelihood: -1544.134077
[00:23:53] [worker #5] Bootstrap tree #614, logLikelihood: -1497.959447
[00:23:57] [worker #0] Bootstrap tree #609, logLikelihood: -1581.252436
[00:23:58] [worker #3] Bootstrap tree #612, logLikelihood: -1642.563848
[00:23:59] [worker #4] Bootstrap tree #613, logLikelihood: -1559.556502
[00:23:59] [worker #1] Bootstrap tree #610, logLikelihood: -1842.016278
[00:24:04] [worker #7] Bootstrap tree #624, logLikelihood: -1596.791442
[00:24:09] [worker #2] Bootstrap tree #611, logLikelihood: -1649.392277
[00:24:09] [worker #5] Bootstrap tree #622, logLikelihood: -1376.747755
[00:24:09] [worker #6] Bootstrap tree #623, logLikelihood: -1658.296016
[00:24:13] [worker #1] Bootstrap tree #618, logLikelihood: -1577.016952
[00:24:14] [worker #4] Bootstrap tree #621, logLikelihood: -1562.927966
[00:24:16] [worker #3] Bootstrap tree #620, logLikelihood: -1667.587711
[00:24:18] [worker #7] Bootstrap tree #632, logLikelihood: -1560.019590
[00:24:19] [worker #0] Bootstrap tree #617, logLikelihood: -1692.099963
[00:24:21] [worker #5] Bootstrap tree #630, logLikelihood: -1460.223782
[00:24:23] [worker #2] Bootstrap tree #619, logLikelihood: -1539.820085
[00:24:24] [worker #6] Bootstrap tree #631, logLikelihood: -1541.843110
[00:24:26] [worker #1] Bootstrap tree #626, logLikelihood: -1441.424533
[00:24:27] [worker #3] Bootstrap tree #628, logLikelihood: -1579.723137
[00:24:29] [worker #5] Bootstrap tree #638, logLikelihood: -1576.081752
[00:24:31] [worker #4] Bootstrap tree #629, logLikelihood: -1468.916180
[00:24:32] [worker #2] Bootstrap tree #627, logLikelihood: -1548.436489
[00:24:34] [worker #6] Bootstrap tree #639, logLikelihood: -1525.900959
[00:24:34] [worker #1] Bootstrap tree #634, logLikelihood: -1485.020094
[00:24:41] [worker #5] Bootstrap tree #646, logLikelihood: -1450.183439
[00:24:41] [worker #0] Bootstrap tree #625, logLikelihood: -1844.590898
[00:24:43] [worker #3] Bootstrap tree #636, logLikelihood: -1710.004204
[00:24:43] [worker #6] Bootstrap tree #647, logLikelihood: -1523.599065
[00:24:45] [worker #7] Bootstrap tree #640, logLikelihood: -1517.118973
[00:24:46] [worker #1] Bootstrap tree #642, logLikelihood: -1413.240142
[00:24:51] [worker #2] Bootstrap tree #635, logLikelihood: -1812.047054
[00:24:52] [worker #7] Bootstrap tree #648, logLikelihood: -1494.264923
[00:24:52] [worker #3] Bootstrap tree #644, logLikelihood: -1492.980988
[00:24:56] [worker #0] Bootstrap tree #633, logLikelihood: -1576.702426
[00:24:56] [worker #4] Bootstrap tree #637, logLikelihood: -1577.655542
[00:25:01] [worker #1] Bootstrap tree #650, logLikelihood: -1356.325054
[00:25:02] [worker #2] Bootstrap tree #643, logLikelihood: -1603.150731
[00:25:05] [worker #4] Bootstrap tree #645, logLikelihood: -1518.736133
[00:25:16] [worker #0] Bootstrap tree #641, logLikelihood: -1634.660814
[00:25:26] [worker #0] Bootstrap tree #649, logLikelihood: -1526.433620
[00:25:35] [worker #1] Bootstrap tree #658, logLikelihood: -1471.964868
[00:25:36] [worker #7] Bootstrap tree #656, logLikelihood: -1713.190778
[00:25:36] [worker #0] Bootstrap tree #657, logLikelihood: -1743.685802
[00:25:37] [worker #4] Bootstrap tree #653, logLikelihood: -1499.321768
[00:25:38] [worker #5] Bootstrap tree #654, logLikelihood: -1545.349787
[00:25:40] [worker #2] Bootstrap tree #651, logLikelihood: -1493.873049
[00:25:40] [worker #6] Bootstrap tree #655, logLikelihood: -1761.561872
[00:25:41] [worker #3] Bootstrap tree #652, logLikelihood: -1647.260619
[00:25:44] [worker #7] Bootstrap tree #664, logLikelihood: -1513.902473
[00:25:45] [worker #1] Bootstrap tree #666, logLikelihood: -1542.294443
[00:25:49] [worker #5] Bootstrap tree #662, logLikelihood: -1328.822671
[00:25:49] [worker #2] Bootstrap tree #659, logLikelihood: -1415.553840
[00:25:49] [worker #4] Bootstrap tree #661, logLikelihood: -1518.471130
[00:25:52] [worker #6] Bootstrap tree #663, logLikelihood: -1656.301709
[00:25:52] [worker #7] Bootstrap tree #672, logLikelihood: -1545.503829
[00:25:53] [worker #3] Bootstrap tree #660, logLikelihood: -1349.257571
[00:25:57] [worker #1] Bootstrap tree #674, logLikelihood: -1561.781298
[00:26:00] [worker #0] Bootstrap tree #665, logLikelihood: -1605.000371
[00:26:02] [worker #6] Bootstrap tree #671, logLikelihood: -1573.400258
[00:26:02] [worker #4] Bootstrap tree #669, logLikelihood: -1604.362463
[00:26:03] [worker #2] Bootstrap tree #667, logLikelihood: -1478.084930
[00:26:04] [worker #7] Bootstrap tree #680, logLikelihood: -1482.106818
[00:26:09] [worker #3] Bootstrap tree #668, logLikelihood: -1620.815967
[00:26:10] [worker #1] Bootstrap tree #682, logLikelihood: -1588.758744
[00:26:11] [worker #5] Bootstrap tree #670, logLikelihood: -1556.846542
[00:26:15] [worker #4] Bootstrap tree #677, logLikelihood: -1568.234883
[00:26:19] [worker #6] Bootstrap tree #679, logLikelihood: -1552.857604
[00:26:20] [worker #2] Bootstrap tree #675, logLikelihood: -1629.231591
[00:26:23] [worker #0] Bootstrap tree #673, logLikelihood: -1655.178469
[00:26:26] [worker #3] Bootstrap tree #676, logLikelihood: -1471.385351
[00:26:26] [worker #1] Bootstrap tree #690, logLikelihood: -1613.659150
[00:26:26] [worker #7] Bootstrap tree #688, logLikelihood: -1574.370152
[00:26:26] [worker #5] Bootstrap tree #678, logLikelihood: -1592.014847
[00:26:27] [worker #4] Bootstrap tree #685, logLikelihood: -1447.493185
[00:26:30] [worker #2] Bootstrap tree #683, logLikelihood: -1533.428229
[00:26:35] [worker #3] Bootstrap tree #684, logLikelihood: -1435.022101
[00:26:35] [worker #7] Bootstrap tree #696, logLikelihood: -1494.275498
[00:26:36] [worker #5] Bootstrap tree #686, logLikelihood: -1633.549867
[00:26:36] [worker #6] Bootstrap tree #687, logLikelihood: -1480.421508
[00:26:39] [worker #1] Bootstrap tree #698, logLikelihood: -1461.570006
[00:26:41] [worker #0] Bootstrap tree #681, logLikelihood: -1682.072429
[00:26:42] [worker #2] Bootstrap tree #691, logLikelihood: -1858.814820
[00:26:42] [worker #4] Bootstrap tree #693, logLikelihood: -1477.500400
[00:26:43] [worker #3] Bootstrap tree #692, logLikelihood: -1541.852229
[00:26:44] [worker #6] Bootstrap tree #695, logLikelihood: -1484.136444
[00:26:44] [worker #5] Bootstrap tree #694, logLikelihood: -1436.228580
[00:26:53] [worker #0] Bootstrap tree #689, logLikelihood: -1583.008409
[00:26:54] [worker #2] Bootstrap tree #699, logLikelihood: -1608.163439
[00:26:58] [worker #3] Bootstrap tree #700, logLikelihood: -1528.623782
[00:27:02] [worker #0] Bootstrap tree #697, logLikelihood: -1563.914410
[00:27:10] [worker #6] Bootstrap tree #703, logLikelihood: -1430.850536
[00:27:14] [worker #0] Bootstrap tree #705, logLikelihood: -1552.904119
[00:27:15] [worker #1] Bootstrap tree #706, logLikelihood: -1599.971345
[00:27:16] [worker #5] Bootstrap tree #702, logLikelihood: -1476.447271
[00:27:16] [worker #4] Bootstrap tree #701, logLikelihood: -1623.207894
[00:27:18] [worker #6] Bootstrap tree #711, logLikelihood: -1561.676115
[00:27:18] [worker #7] Bootstrap tree #704, logLikelihood: -1644.758497
[00:27:19] [worker #3] Bootstrap tree #708, logLikelihood: -1467.585690
[00:27:20] [worker #2] Bootstrap tree #707, logLikelihood: -1484.625943
[00:27:25] [worker #5] Bootstrap tree #710, logLikelihood: -1605.249618
[00:27:27] [worker #4] Bootstrap tree #709, logLikelihood: -1548.830324
[00:27:33] [worker #3] Bootstrap tree #716, logLikelihood: -1670.404630
[00:27:34] [worker #6] Bootstrap tree #719, logLikelihood: -1581.688666
[00:27:35] [worker #0] Bootstrap tree #713, logLikelihood: -1544.290613
[00:27:36] [worker #2] Bootstrap tree #715, logLikelihood: -1733.454044
[00:27:37] [worker #7] Bootstrap tree #712, logLikelihood: -1510.723169
[00:27:38] [worker #1] Bootstrap tree #714, logLikelihood: -1587.699734
[00:27:38] [worker #5] Bootstrap tree #718, logLikelihood: -1408.362235
[00:27:45] [worker #3] Bootstrap tree #724, logLikelihood: -1409.424597
[00:27:45] [worker #2] Bootstrap tree #723, logLikelihood: -1724.287795
[00:27:46] [worker #7] Bootstrap tree #720, logLikelihood: -1732.142063
[00:27:48] [worker #4] Bootstrap tree #717, logLikelihood: -1492.645660
[00:27:49] [worker #5] Bootstrap tree #726, logLikelihood: -1634.231397
[00:27:52] [worker #6] Bootstrap tree #727, logLikelihood: -1765.634473
[00:27:55] [worker #7] Bootstrap tree #728, logLikelihood: -1636.650965
[00:27:56] [worker #3] Bootstrap tree #732, logLikelihood: -1501.210679
[00:27:56] [worker #2] Bootstrap tree #731, logLikelihood: -1605.458307
[00:27:59] [worker #0] Bootstrap tree #721, logLikelihood: -1585.552395
[00:27:59] [worker #1] Bootstrap tree #722, logLikelihood: -1608.078705
[00:28:05] [worker #5] Bootstrap tree #734, logLikelihood: -1615.662825
[00:28:06] [worker #6] Bootstrap tree #735, logLikelihood: -1671.901653
[00:28:06] [worker #7] Bootstrap tree #736, logLikelihood: -1630.235414
[00:28:07] [worker #3] Bootstrap tree #740, logLikelihood: -1502.548136
[00:28:09] [worker #2] Bootstrap tree #739, logLikelihood: -1477.412809
[00:28:13] [worker #1] Bootstrap tree #730, logLikelihood: -1610.181384
[00:28:14] [worker #0] Bootstrap tree #729, logLikelihood: -1606.359090
[00:28:20] [worker #6] Bootstrap tree #743, logLikelihood: -1482.330916
[00:28:21] [worker #2] Bootstrap tree #747, logLikelihood: -1442.002498
[00:28:22] [worker #4] Bootstrap tree #725, logLikelihood: -1702.228392
[00:28:22] [worker #5] Bootstrap tree #742, logLikelihood: -1470.967292
[00:28:22] [worker #3] Bootstrap tree #748, logLikelihood: -1564.087593
[00:28:23] [worker #7] Bootstrap tree #744, logLikelihood: -1591.764203
[00:28:23] [worker #1] Bootstrap tree #738, logLikelihood: -1527.391748
[00:28:30] [worker #5] Bootstrap tree #750, logLikelihood: -1589.930145
[00:28:32] [worker #0] Bootstrap tree #737, logLikelihood: -1718.372128
[00:28:34] [worker #1] Bootstrap tree #746, logLikelihood: -1637.798052
[00:28:35] [worker #4] Bootstrap tree #733, logLikelihood: -1523.992085
[00:28:41] [worker #0] Bootstrap tree #745, logLikelihood: -1458.764225
[00:28:45] [worker #4] Bootstrap tree #741, logLikelihood: -1688.500830
[00:28:58] [worker #4] Bootstrap tree #749, logLikelihood: -1598.792494
[00:29:06] [worker #6] Bootstrap tree #751, logLikelihood: -1520.352848
[00:29:07] [worker #7] Bootstrap tree #752, logLikelihood: -1648.812377
[00:29:08] [worker #4] Bootstrap tree #757, logLikelihood: -1799.094128
[00:29:08] [worker #2] Bootstrap tree #755, logLikelihood: -1566.526037
[00:29:10] [worker #3] Bootstrap tree #756, logLikelihood: -1538.273468
[00:29:11] [worker #1] Bootstrap tree #754, logLikelihood: -1478.471309
[00:29:16] [worker #7] Bootstrap tree #760, logLikelihood: -1612.420576
[00:29:17] [worker #0] Bootstrap tree #753, logLikelihood: -1770.189625
[00:29:17] [worker #5] Bootstrap tree #758, logLikelihood: -1626.131392
[00:29:18] [worker #4] Bootstrap tree #765, logLikelihood: -1562.258391
[00:29:18] [worker #2] Bootstrap tree #763, logLikelihood: -1496.746979
[00:29:18] [worker #3] Bootstrap tree #764, logLikelihood: -1437.977128
[00:29:18] [worker #6] Bootstrap tree #759, logLikelihood: -1605.420668
[00:29:21] [worker #1] Bootstrap tree #762, logLikelihood: -1512.067221
[00:29:29] [worker #4] Bootstrap tree #773, logLikelihood: -1460.298174
[00:29:30] [worker #6] Bootstrap tree #767, logLikelihood: -1596.356460
[00:29:33] [worker #3] Bootstrap tree #772, logLikelihood: -1624.159758
[00:29:37] [worker #5] Bootstrap tree #766, logLikelihood: -1572.355800
[00:29:37] [worker #7] Bootstrap tree #768, logLikelihood: -1660.878074
[00:29:40] [worker #0] Bootstrap tree #761, logLikelihood: -1601.311877
[00:29:40] [worker #1] Bootstrap tree #770, logLikelihood: -1482.818700
[00:29:41] [worker #4] Bootstrap tree #781, logLikelihood: -1486.118480
[00:29:42] [worker #3] Bootstrap tree #780, logLikelihood: -1641.324024
[00:29:43] [worker #6] Bootstrap tree #775, logLikelihood: -1369.783458
[00:29:45] [worker #2] Bootstrap tree #771, logLikelihood: -1634.725127
[00:29:50] [worker #0] Bootstrap tree #769, logLikelihood: -1693.365694
[00:29:51] [worker #5] Bootstrap tree #774, logLikelihood: -1543.484319
[00:29:52] [worker #3] Bootstrap tree #788, logLikelihood: -1550.859893
[00:29:55] [worker #1] Bootstrap tree #778, logLikelihood: -1875.956728
[00:29:59] [worker #4] Bootstrap tree #789, logLikelihood: -1706.128626
[00:30:00] [worker #6] Bootstrap tree #783, logLikelihood: -1586.620552
[00:30:02] [worker #5] Bootstrap tree #782, logLikelihood: -1455.133085
[00:30:03] [worker #7] Bootstrap tree #776, logLikelihood: -1650.996785
[00:30:04] [worker #2] Bootstrap tree #779, logLikelihood: -1441.722490
[00:30:07] [worker #1] Bootstrap tree #786, logLikelihood: -1637.118197
[00:30:10] [worker #3] Bootstrap tree #796, logLikelihood: -1687.804842
[00:30:11] [worker #5] Bootstrap tree #790, logLikelihood: -1404.112106
[00:30:12] [worker #0] Bootstrap tree #777, logLikelihood: -1519.049158
[00:30:12] [worker #4] Bootstrap tree #797, logLikelihood: -1745.613914
[00:30:13] [worker #6] Bootstrap tree #791, logLikelihood: -1538.296534
[00:30:14] [worker #2] Bootstrap tree #787, logLikelihood: -1591.255927
[00:30:15] [worker #7] Bootstrap tree #784, logLikelihood: -1569.057485
[00:30:18] [worker #1] Bootstrap tree #794, logLikelihood: -1486.760761
[00:30:21] [worker #5] Bootstrap tree #798, logLikelihood: -1563.485915
[00:30:28] [worker #7] Bootstrap tree #792, logLikelihood: -1531.175175
[00:30:32] [worker #2] Bootstrap tree #795, logLikelihood: -1572.511690
[00:30:34] [worker #6] Bootstrap tree #799, logLikelihood: -1662.100754
[00:30:38] [worker #0] Bootstrap tree #785, logLikelihood: -1645.515717
[00:30:49] [worker #7] Bootstrap tree #800, logLikelihood: -1583.327749
[00:30:49] [worker #0] Bootstrap tree #793, logLikelihood: -1413.872358
[00:30:58] [worker #5] Bootstrap tree #806, logLikelihood: -1654.868296
[00:31:00] [worker #2] Bootstrap tree #803, logLikelihood: -1536.747478
[00:31:01] [worker #1] Bootstrap tree #802, logLikelihood: -1517.902475
[00:31:03] [worker #0] Bootstrap tree #801, logLikelihood: -1458.774109
[00:31:06] [worker #5] Bootstrap tree #814, logLikelihood: -1384.859189
[00:31:07] [worker #3] Bootstrap tree #804, logLikelihood: -1615.950835
[00:31:08] [worker #4] Bootstrap tree #805, logLikelihood: -1473.949531
[00:31:10] [worker #6] Bootstrap tree #807, logLikelihood: -1661.800768
[00:31:10] [worker #2] Bootstrap tree #811, logLikelihood: -1638.178202
[00:31:13] [worker #1] Bootstrap tree #810, logLikelihood: -1622.771933
[00:31:14] [worker #0] Bootstrap tree #809, logLikelihood: -1519.672317
[00:31:15] [worker #7] Bootstrap tree #808, logLikelihood: -1438.756717
[00:31:16] [worker #4] Bootstrap tree #813, logLikelihood: -1507.583532
[00:31:17] [worker #5] Bootstrap tree #822, logLikelihood: -1562.305315
[00:31:19] [worker #3] Bootstrap tree #812, logLikelihood: -1765.182139
[00:31:20] [worker #6] Bootstrap tree #815, logLikelihood: -1646.767705
[00:31:20] [worker #2] Bootstrap tree #819, logLikelihood: -1498.261019
[00:31:27] [worker #5] Bootstrap tree #830, logLikelihood: -1478.053110
[00:31:29] [worker #3] Bootstrap tree #820, logLikelihood: -1595.791629
[00:31:29] [worker #1] Bootstrap tree #818, logLikelihood: -1599.946908
[00:31:30] [worker #4] Bootstrap tree #821, logLikelihood: -1489.420237
[00:31:31] [worker #7] Bootstrap tree #816, logLikelihood: -1649.266393
[00:31:31] [worker #2] Bootstrap tree #827, logLikelihood: -1582.584760
[00:31:35] [worker #6] Bootstrap tree #823, logLikelihood: -1567.225095
[00:31:38] [worker #5] Bootstrap tree #838, logLikelihood: -1875.479002
[00:31:38] [worker #3] Bootstrap tree #828, logLikelihood: -1346.817555
[00:31:41] [worker #1] Bootstrap tree #826, logLikelihood: -1601.120011
[00:31:43] [worker #4] Bootstrap tree #829, logLikelihood: -1607.731397
[00:31:45] [worker #7] Bootstrap tree #824, logLikelihood: -1499.034249
[00:31:46] [worker #0] Bootstrap tree #817, logLikelihood: -1644.838735
[00:31:46] [worker #2] Bootstrap tree #835, logLikelihood: -1590.445247
[00:31:47] [worker #5] Bootstrap tree #846, logLikelihood: -1606.215993
[00:31:47] [worker #6] Bootstrap tree #831, logLikelihood: -1647.021702
[00:31:52] [worker #4] Bootstrap tree #837, logLikelihood: -1596.962904
[00:31:53] [worker #1] Bootstrap tree #834, logLikelihood: -1775.984455
[00:31:55] [worker #7] Bootstrap tree #832, logLikelihood: -1668.759097
[00:31:57] [worker #3] Bootstrap tree #836, logLikelihood: -1498.068336
[00:32:00] [worker #0] Bootstrap tree #825, logLikelihood: -1603.562461
[00:32:03] [worker #6] Bootstrap tree #839, logLikelihood: -1392.677718
[00:32:04] [worker #2] Bootstrap tree #843, logLikelihood: -1658.821191
[00:32:07] [worker #3] Bootstrap tree #844, logLikelihood: -1522.175068
[00:32:09] [worker #7] Bootstrap tree #840, logLikelihood: -1555.241418
[00:32:09] [worker #4] Bootstrap tree #845, logLikelihood: -1510.254031
[00:32:10] [worker #1] Bootstrap tree #842, logLikelihood: -1531.179273
[00:32:16] [worker #0] Bootstrap tree #833, logLikelihood: -1606.194809
[00:32:17] [worker #6] Bootstrap tree #847, logLikelihood: -1529.394512
[00:32:20] [worker #7] Bootstrap tree #848, logLikelihood: -1576.812556
[00:32:28] [worker #1] Bootstrap tree #850, logLikelihood: -1709.701169
[00:32:33] [worker #0] Bootstrap tree #841, logLikelihood: -1763.856965
[00:32:53] [worker #0] Bootstrap tree #849, logLikelihood: -1776.319849
[00:33:03] [worker #2] Bootstrap tree #851, logLikelihood: -1523.768742
[00:33:03] [worker #1] Bootstrap tree #858, logLikelihood: -1441.904170
[00:33:03] [worker #5] Bootstrap tree #854, logLikelihood: -1707.222191
[00:33:04] [worker #3] Bootstrap tree #852, logLikelihood: -1571.011845
[00:33:04] [worker #7] Bootstrap tree #856, logLikelihood: -1881.515437
[00:33:05] [worker #0] Bootstrap tree #857, logLikelihood: -1564.078467
[00:33:08] [worker #4] Bootstrap tree #853, logLikelihood: -1657.960161
[00:33:09] [worker #6] Bootstrap tree #855, logLikelihood: -1627.415180
[00:33:11] [worker #2] Bootstrap tree #859, logLikelihood: -1579.563951
[00:33:14] [worker #5] Bootstrap tree #862, logLikelihood: -1380.468336
[00:33:15] [worker #0] Bootstrap tree #865, logLikelihood: -1542.480899
[00:33:15] [worker #7] Bootstrap tree #864, logLikelihood: -1665.239813
[00:33:16] [worker #4] Bootstrap tree #861, logLikelihood: -1518.019261
[00:33:16] [worker #1] Bootstrap tree #866, logLikelihood: -1520.114801
[00:33:18] [worker #3] Bootstrap tree #860, logLikelihood: -1414.519789
[00:33:21] [worker #6] Bootstrap tree #863, logLikelihood: -1328.932550
[00:33:23] [worker #2] Bootstrap tree #867, logLikelihood: -1431.001641
[00:33:25] [worker #1] Bootstrap tree #874, logLikelihood: -1386.490668
[00:33:26] [worker #5] Bootstrap tree #870, logLikelihood: -1658.141691
[00:33:30] [worker #4] Bootstrap tree #869, logLikelihood: -1461.900853
[00:33:31] [worker #3] Bootstrap tree #868, logLikelihood: -1558.299476
[00:33:31] [worker #6] Bootstrap tree #871, logLikelihood: -1481.537741
[00:33:31] [worker #0] Bootstrap tree #873, logLikelihood: -1617.503107
[00:33:32] [worker #2] Bootstrap tree #875, logLikelihood: -1692.564331
[00:33:33] [worker #7] Bootstrap tree #872, logLikelihood: -1679.042870
[00:33:38] [worker #5] Bootstrap tree #878, logLikelihood: -1621.784878
[00:33:39] [worker #1] Bootstrap tree #882, logLikelihood: -1385.651594
[00:33:41] [worker #4] Bootstrap tree #877, logLikelihood: -1623.034331
[00:33:41] [worker #2] Bootstrap tree #883, logLikelihood: -1537.691332
[00:33:42] [worker #0] Bootstrap tree #881, logLikelihood: -1441.134449
[00:33:44] [worker #7] Bootstrap tree #880, logLikelihood: -1703.969266
[00:33:47] [worker #3] Bootstrap tree #876, logLikelihood: -1604.436245
[00:33:47] [worker #1] Bootstrap tree #890, logLikelihood: -1522.827772
[00:33:50] [worker #6] Bootstrap tree #879, logLikelihood: -1326.078503
[00:33:51] [worker #4] Bootstrap tree #885, logLikelihood: -1473.990210
[00:33:56] [worker #7] Bootstrap tree #888, logLikelihood: -1514.620577
[00:33:56] [worker #1] Bootstrap tree #898, logLikelihood: -1415.767329
[00:33:57] [worker #5] Bootstrap tree #886, logLikelihood: -1573.794936
[00:33:59] [worker #2] Bootstrap tree #891, logLikelihood: -1684.940322
[00:33:59] [worker #6] Bootstrap tree #887, logLikelihood: -1554.983614
[00:34:01] [worker #4] Bootstrap tree #893, logLikelihood: -1563.488733
[00:34:02] [worker #0] Bootstrap tree #889, logLikelihood: -1694.710425
[00:34:08] [worker #3] Bootstrap tree #884, logLikelihood: -1561.014441
[00:34:09] [worker #5] Bootstrap tree #894, logLikelihood: -1570.476112
[00:34:10] [worker #7] Bootstrap tree #896, logLikelihood: -1560.109465
[00:34:13] [worker #2] Bootstrap tree #899, logLikelihood: -1505.654933
[00:34:14] [worker #6] Bootstrap tree #895, logLikelihood: -1724.748925
[00:34:19] [worker #0] Bootstrap tree #897, logLikelihood: -1470.845499
[00:34:21] [worker #3] Bootstrap tree #892, logLikelihood: -1798.651659
[00:34:30] [worker #3] Bootstrap tree #900, logLikelihood: -1498.705967
[00:34:39] [worker #7] Bootstrap tree #904, logLikelihood: -1635.024138
[00:34:40] [worker #5] Bootstrap tree #902, logLikelihood: -1557.759546
[00:34:41] [worker #4] Bootstrap tree #901, logLikelihood: -1592.212850
[00:34:42] [worker #3] Bootstrap tree #908, logLikelihood: -1392.163439
[00:34:44] [worker #2] Bootstrap tree #907, logLikelihood: -1593.309588
[00:34:44] [worker #1] Bootstrap tree #906, logLikelihood: -1530.596096
[00:34:52] [worker #0] Bootstrap tree #905, logLikelihood: -1385.260789
[00:34:52] [worker #6] Bootstrap tree #903, logLikelihood: -1594.761295
[00:34:54] [worker #4] Bootstrap tree #909, logLikelihood: -1483.313153
[00:34:55] [worker #3] Bootstrap tree #916, logLikelihood: -1578.749368
[00:34:57] [worker #7] Bootstrap tree #912, logLikelihood: -1616.941833
[00:34:58] [worker #5] Bootstrap tree #910, logLikelihood: -1398.451203
[00:34:58] [worker #1] Bootstrap tree #914, logLikelihood: -1600.573143
[00:35:07] [worker #4] Bootstrap tree #917, logLikelihood: -1431.675330
[00:35:08] [worker #3] Bootstrap tree #924, logLikelihood: -1480.824517
[00:35:09] [worker #7] Bootstrap tree #920, logLikelihood: -1423.155274
[00:35:09] [worker #5] Bootstrap tree #918, logLikelihood: -1398.711696
[00:35:11] [worker #0] Bootstrap tree #913, logLikelihood: -1668.068857
[00:35:11] [worker #2] Bootstrap tree #915, logLikelihood: -1530.769115
[00:35:15] [worker #1] Bootstrap tree #922, logLikelihood: -1416.138047
[00:35:18] [worker #5] Bootstrap tree #926, logLikelihood: -1609.697414
[00:35:19] [worker #6] Bootstrap tree #911, logLikelihood: -1650.142191
[00:35:19] [worker #4] Bootstrap tree #925, logLikelihood: -1636.972438
[00:35:20] [worker #3] Bootstrap tree #932, logLikelihood: -1686.219741
[00:35:23] [worker #7] Bootstrap tree #928, logLikelihood: -1677.535165
[00:35:28] [worker #3] Bootstrap tree #940, logLikelihood: -1575.749188
[00:35:29] [worker #2] Bootstrap tree #923, logLikelihood: -1591.186792
[00:35:30] [worker #4] Bootstrap tree #933, logLikelihood: -1449.082493
[00:35:30] [worker #5] Bootstrap tree #934, logLikelihood: -1433.179320
[00:35:31] [worker #0] Bootstrap tree #921, logLikelihood: -1547.939146
[00:35:32] [worker #1] Bootstrap tree #930, logLikelihood: -1636.661920
[00:35:37] [worker #6] Bootstrap tree #919, logLikelihood: -1502.483518
[00:35:38] [worker #4] Bootstrap tree #941, logLikelihood: -1541.905529
[00:35:39] [worker #7] Bootstrap tree #936, logLikelihood: -1533.349524
[00:35:41] [worker #3] Bootstrap tree #948, logLikelihood: -1645.442440
[00:35:42] [worker #5] Bootstrap tree #942, logLikelihood: -1447.888330
[00:35:42] [worker #1] Bootstrap tree #938, logLikelihood: -1652.280910
[00:35:45] [worker #6] Bootstrap tree #927, logLikelihood: -1384.016700
[00:35:45] [worker #2] Bootstrap tree #931, logLikelihood: -1582.149411
[00:35:47] [worker #4] Bootstrap tree #949, logLikelihood: -1550.216895
[00:35:51] [worker #7] Bootstrap tree #944, logLikelihood: -1595.643653
[00:35:54] [worker #0] Bootstrap tree #929, logLikelihood: -1538.315001
[00:35:54] [worker #5] Bootstrap tree #950, logLikelihood: -1765.915269
[00:35:58] [worker #2] Bootstrap tree #939, logLikelihood: -1590.902302
[00:36:02] [worker #0] Bootstrap tree #937, logLikelihood: -1466.153433
[00:36:04] [worker #6] Bootstrap tree #935, logLikelihood: -1513.219501
[00:36:06] [worker #1] Bootstrap tree #946, logLikelihood: -1727.383836
[00:36:10] [worker #2] Bootstrap tree #947, logLikelihood: -1441.539269
[00:36:19] [worker #6] Bootstrap tree #943, logLikelihood: -1560.665222
[00:36:23] [worker #0] Bootstrap tree #945, logLikelihood: -1518.730441
[00:36:33] [worker #5] Bootstrap tree #958, logLikelihood: -1482.986181
[00:36:33] [worker #0] Bootstrap tree #953, logLikelihood: -1813.629651
[00:36:34] [worker #3] Bootstrap tree #956, logLikelihood: -1630.032194
[00:36:34] [worker #4] Bootstrap tree #957, logLikelihood: -1423.132205
[00:36:35] [worker #1] Bootstrap tree #954, logLikelihood: -1411.562126
[00:36:36] [worker #2] Bootstrap tree #955, logLikelihood: -1765.847046
[00:36:37] [worker #7] Bootstrap tree #952, logLikelihood: -1621.882276
[00:36:40] [worker #6] Bootstrap tree #951, logLikelihood: -1688.175382
[00:36:42] [worker #5] Bootstrap tree #966, logLikelihood: -1593.916788
[00:36:45] [worker #3] Bootstrap tree #964, logLikelihood: -1502.401990
[00:36:46] [worker #7] Bootstrap tree #960, logLikelihood: -1345.073620
[00:36:50] [worker #2] Bootstrap tree #963, logLikelihood: -1624.678135
[00:36:52] [worker #3] Bootstrap tree #972, logLikelihood: -1429.941620
[00:36:54] [worker #7] Bootstrap tree #968, logLikelihood: -1550.401876
[00:36:54] [worker #0] Bootstrap tree #961, logLikelihood: -1509.242563
[00:36:55] [worker #1] Bootstrap tree #962, logLikelihood: -1453.758966
[00:36:55] [worker #5] Bootstrap tree #974, logLikelihood: -1628.761752
[00:36:55] [worker #4] Bootstrap tree #965, logLikelihood: -1535.450019
[00:36:59] [worker #6] Bootstrap tree #959, logLikelihood: -1610.283501
[00:37:00] [worker #3] Bootstrap tree #980, logLikelihood: -1396.919783
[00:37:02] [worker #2] Bootstrap tree #971, logLikelihood: -1481.602292
[00:37:03] [worker #7] Bootstrap tree #976, logLikelihood: -1584.765052
[00:37:08] [worker #0] Bootstrap tree #969, logLikelihood: -1511.216685
[00:37:12] [worker #5] Bootstrap tree #982, logLikelihood: -1598.318253
[00:37:14] [worker #2] Bootstrap tree #979, logLikelihood: -1831.412305
[00:37:14] [worker #1] Bootstrap tree #970, logLikelihood: -1569.910398
[00:37:14] [worker #4] Bootstrap tree #973, logLikelihood: -1590.384640
[00:37:15] [worker #3] Bootstrap tree #988, logLikelihood: -1643.355435
[00:37:15] [worker #6] Bootstrap tree #967, logLikelihood: -1575.953665
[00:37:18] [worker #7] Bootstrap tree #984, logLikelihood: -1550.210718
[00:37:22] [worker #0] Bootstrap tree #977, logLikelihood: -1631.588003
[00:37:25] [worker #2] Bootstrap tree #987, logLikelihood: -1590.717234
[00:37:26] [worker #1] Bootstrap tree #978, logLikelihood: -1714.876660
[00:37:26] [worker #5] Bootstrap tree #990, logLikelihood: -1660.496401
[00:37:27] [worker #7] Bootstrap tree #992, logLikelihood: -1422.250037
[00:37:29] [worker #3] Bootstrap tree #996, logLikelihood: -1496.040532
[00:37:34] [worker #4] Bootstrap tree #981, logLikelihood: -1776.959578
[00:37:34] [worker #6] Bootstrap tree #975, logLikelihood: -1593.810755
[00:37:35] [worker #2] Bootstrap tree #995, logLikelihood: -1739.382076
[00:37:37] [worker #7] Bootstrap tree #1000, logLikelihood: -1536.044555
[00:37:41] [worker #1] Bootstrap tree #986, logLikelihood: -1629.006794
[00:37:41] [worker #0] Bootstrap tree #985, logLikelihood: -1472.153615
[00:37:48] [worker #5] Bootstrap tree #998, logLikelihood: -1434.774170
[00:37:52] [worker #6] Bootstrap tree #983, logLikelihood: -1596.993508
[00:37:52] [worker #4] Bootstrap tree #989, logLikelihood: -1533.857780
[00:37:52] [worker #0] Bootstrap tree #993, logLikelihood: -1767.182428
[00:37:53] [worker #1] Bootstrap tree #994, logLikelihood: -1584.756310
[00:38:00] [worker #4] Bootstrap tree #997, logLikelihood: -1570.750241
[00:38:00] [worker #6] Bootstrap tree #991, logLikelihood: -1653.800620
[00:38:10] [worker #6] Bootstrap tree #999, logLikelihood: -1514.920740

Optimized model parameters:

   Partition 0: noname
   Rate heterogeneity: GAMMA (4 cats, mean),  alpha: 0.870702 (ML),  weights&rates: (0.250000,0.110491) (0.250000,0.434115) (0.250000,0.974772) (0.250000,2.480622) 
   P-inv (ML): 0.792117
   Base frequencies (ML): 0.272964 0.279215 0.151177 0.296644 
   Substitution rates (ML): 6.159749 976.257525 11.532541 0.001000 381.160143 1.000000 


Final LogLikelihood: -1653.097233

AIC score: 4124.194465 / AICc score: 5684.101442 / BIC score: 5939.234890
Free parameters (model + branch lengths): 409

WARNING: Best ML tree contains 149 near-zero branches!

Best ML tree with collapsed near-zero branches saved to: /home/ariane/Documents/PhD/Data/Dene-dogs/analysis/pcdclade/TKWS_Seqotron_align_dogs_partial_mtDNA_notrim.raxml.bestTreeCollapsed
Best ML tree saved to: /home/ariane/Documents/PhD/Data/Dene-dogs/analysis/pcdclade/TKWS_Seqotron_align_dogs_partial_mtDNA_notrim.raxml.bestTree
All ML trees saved to: /home/ariane/Documents/PhD/Data/Dene-dogs/analysis/pcdclade/TKWS_Seqotron_align_dogs_partial_mtDNA_notrim.raxml.mlTrees
Best ML tree with Transfer bootstrap (TBE) support values saved to: /home/ariane/Documents/PhD/Data/Dene-dogs/analysis/pcdclade/TKWS_Seqotron_align_dogs_partial_mtDNA_notrim.raxml.support
Optimized model saved to: /home/ariane/Documents/PhD/Data/Dene-dogs/analysis/pcdclade/TKWS_Seqotron_align_dogs_partial_mtDNA_notrim.raxml.bestModel
Bootstrap trees saved to: /home/ariane/Documents/PhD/Data/Dene-dogs/analysis/pcdclade/TKWS_Seqotron_align_dogs_partial_mtDNA_notrim.raxml.bootstraps

Execution log saved to: /home/ariane/Documents/PhD/Data/Dene-dogs/analysis/pcdclade/TKWS_Seqotron_align_dogs_partial_mtDNA_notrim.raxml.log

Analysis started: 15-Oct-2020 14:36:03 / finished: 15-Oct-2020 15:14:15

Elapsed time: 2291.401 seconds

