
RAxML-NG v. 1.0.0 released on 07.08.2020 by The Exelixis Lab.
Developed by: Alexey M. Kozlov and Alexandros Stamatakis.
Contributors: Diego Darriba, Tomas Flouri, Benoit Morel, Sarah Lutteropp, Ben Bettisworth.
Latest version: https://github.com/amkozlov/raxml-ng
Questions/problems/suggestions? Please visit: https://groups.google.com/forum/#!forum/raxml

System: AMD Ryzen 7 3700X 8-Core Processor, 8 cores, 31 GB RAM

RAxML-NG was called at 15-Oct-2020 16:54:25 as follows:

/tmp/.mount_raxmlGx81r7v/resources/static/bin/raxml-ng --all --msa /home/ariane/Documents/PhD/Data/Dene-dogs/analysis/pcdclade/TKWS_Seqotron_align_dogs_partial_mtDNA_completetrim.fas --model GTR+FO+I+G --prefix /home/ariane/Documents/PhD/Data/Dene-dogs/analysis/pcdclade/TKWS_Seqotron_align_dogs_partial_mtDNA_completetrim --seed 123 --bs-metric tbe --tree rand{10} --bs-trees 1000

Analysis options:
  run mode: ML tree search + bootstrapping (Transfer Bootstrap)
  start tree(s): random (10)
  bootstrap replicates: 1000
  random seed: 123
  tip-inner: OFF
  pattern compression: ON
  per-rate scalers: OFF
  site repeats: ON
  branch lengths: proportional (ML estimate, algorithm: NR-FAST)
  SIMD kernels: AVX2
  parallelization: coarse-grained (auto), PTHREADS (auto)

[00:00:00] Reading alignment from file: /home/ariane/Documents/PhD/Data/Dene-dogs/analysis/pcdclade/TKWS_Seqotron_align_dogs_partial_mtDNA_completetrim.fas
[00:00:00] Loaded alignment with 194 taxa and 232 sites

WARNING: Sequences MF197023 and MF197014 are exactly identical!
WARNING: Sequences MF197033 and MF197032 are exactly identical!
WARNING: Sequences AF531671 and AF531672 are exactly identical!
WARNING: Sequences AF531671 and AF531673 are exactly identical!
WARNING: Sequences AF531671 and KJ189502 are exactly identical!
WARNING: Sequences AF531671 and KJ189533 are exactly identical!
WARNING: Sequences AF531671 and AF531670 are exactly identical!
WARNING: Sequences AF531671 and 25CX1_29099 are exactly identical!
WARNING: Sequences AF531665 and AF531666 are exactly identical!
WARNING: Sequences AF531665 and AF531667_2 are exactly identical!
WARNING: Sequences AF531665 and AF531664 are exactly identical!
WARNING: Sequences AF531665 and AF531705 are exactly identical!
WARNING: Sequences AF531665 and KJ189512 are exactly identical!
WARNING: Sequences MF196985 and KJ189510 are exactly identical!
WARNING: Sequences MF196985 and KJ189511 are exactly identical!
WARNING: Sequences MF196985 and KJ189514 are exactly identical!
WARNING: Sequences MF196985 and KJ189515 are exactly identical!
WARNING: Sequences MF196985 and KJ189516 are exactly identical!
WARNING: Sequences MF196985 and KJ189518 are exactly identical!
WARNING: Sequences MF196985 and KJ189519 are exactly identical!
WARNING: Sequences MF196985 and KJ189520 are exactly identical!
WARNING: Sequences MF196985 and KJ189522 are exactly identical!
WARNING: Sequences MF196985 and KJ189524 are exactly identical!
WARNING: Sequences MF196985 and KJ189525 are exactly identical!
WARNING: Sequences MF196985 and KJ189526 are exactly identical!
WARNING: Sequences MF196985 and KJ189527 are exactly identical!
WARNING: Sequences MF196985 and KJ189528 are exactly identical!
WARNING: Sequences MF196985 and KJ189529 are exactly identical!
WARNING: Sequences MF196985 and KJ189530 are exactly identical!
WARNING: Sequences MF196985 and KJ189531 are exactly identical!
WARNING: Sequences MF196985 and KJ189532 are exactly identical!
WARNING: Sequences MF196985 and KJ189534 are exactly identical!
WARNING: Sequences MF196985 and KJ189535 are exactly identical!
WARNING: Sequences MF196985 and KJ189536 are exactly identical!
WARNING: Sequences MF196985 and AF531656 are exactly identical!
WARNING: Sequences MF196985 and AF531657 are exactly identical!
WARNING: Sequences MF196985 and AF531658 are exactly identical!
WARNING: Sequences MF196985 and AF531659 are exactly identical!
WARNING: Sequences MF196985 and AF531660 are exactly identical!
WARNING: Sequences MF196985 and AF531661 are exactly identical!
WARNING: Sequences MF196985 and AF531662 are exactly identical!
WARNING: Sequences MF196985 and AF531663 are exactly identical!
WARNING: Sequences MF196985 and 25CH1_2896 are exactly identical!
WARNING: Sequences MF196985 and 25CX1_14259 are exactly identical!
WARNING: Sequences MF196985 and 25CX1_14518 are exactly identical!
WARNING: Sequences MF196985 and AF531713 are exactly identical!
WARNING: Sequences MF196985 and KJ189509 are exactly identical!
WARNING: Sequences MF196985 and KJ189508 are exactly identical!
WARNING: Sequences MF196985 and KJ189507 are exactly identical!
WARNING: Sequences MF196985 and KJ189505 are exactly identical!
WARNING: Sequences MF196985 and KJ189504 are exactly identical!
WARNING: Sequences MF196985 and KJ189503 are exactly identical!
WARNING: Sequences MF196985 and KJ189496 are exactly identical!
WARNING: Sequences AF531654 and AF531655 are exactly identical!
WARNING: Sequences KJ189498 and KJ189501 are exactly identical!
WARNING: Sequences AF531737 and AF531736 are exactly identical!
WARNING: Sequences AF531737 and AF531735 are exactly identical!
WARNING: Sequences AF531737 and AF531738 are exactly identical!
WARNING: Sequences AF531669 and AF531668 are exactly identical!
WARNING: Sequences AF531669 and AF531685 are exactly identical!
WARNING: Sequences KJ189497 and KJ189499 are exactly identical!
WARNING: Sequences KJ189497 and KJ189500 are exactly identical!
WARNING: Sequences KJ189517 and KJ189495 are exactly identical!
WARNING: Sequences KJ189517 and MF197042 are exactly identical!
WARNING: Sequences KJ189517 and MF197041 are exactly identical!
WARNING: Sequences KJ189517 and MF197039 are exactly identical!
WARNING: Sequences KJ189517 and MF197038 are exactly identical!
WARNING: Sequences KJ189517 and MF197037 are exactly identical!
WARNING: Sequences KJ189517 and MF197036 are exactly identical!
WARNING: Sequences KJ189517 and MF197035 are exactly identical!
WARNING: Sequences KJ189517 and MF197034 are exactly identical!
WARNING: Sequences KJ189517 and MF197030 are exactly identical!
WARNING: Sequences KJ189517 and MF197028 are exactly identical!
WARNING: Sequences KJ189517 and MF197027 are exactly identical!
WARNING: Sequences KJ189517 and MF197026 are exactly identical!
WARNING: Sequences KJ189517 and MF197025 are exactly identical!
WARNING: Sequences KJ189517 and MF197019 are exactly identical!
WARNING: Sequences KJ189517 and MF197016 are exactly identical!
WARNING: Sequences KJ189517 and MF197013 are exactly identical!
WARNING: Sequences KJ189517 and MF197005 are exactly identical!
WARNING: Sequences KJ189517 and MF197002 are exactly identical!
WARNING: Sequences KJ189517 and MF197001 are exactly identical!
WARNING: Sequences KJ189517 and MF196998 are exactly identical!
WARNING: Sequences KJ189517 and MF196997 are exactly identical!
WARNING: Sequences KJ189517 and MF196996 are exactly identical!
WARNING: Sequences KJ189517 and MF196994 are exactly identical!
WARNING: Sequences KJ189517 and MF196993 are exactly identical!
WARNING: Sequences KJ189517 and MF196991 are exactly identical!
WARNING: Sequences KJ189517 and MF196990 are exactly identical!
WARNING: Sequences KJ189517 and MF196989 are exactly identical!
WARNING: Sequences KJ189517 and MF196988 are exactly identical!
WARNING: Sequences KJ189517 and MF196981 are exactly identical!
WARNING: Sequences KJ189517 and MF196982 are exactly identical!
WARNING: Sequences KJ189517 and MF196984 are exactly identical!
WARNING: Sequences KJ189517 and MF196986 are exactly identical!
WARNING: Sequences KJ189517 and MF196992 are exactly identical!
WARNING: Sequences KJ189517 and MF196995 are exactly identical!
WARNING: Sequences KJ189517 and MF197000 are exactly identical!
WARNING: Sequences KJ189517 and MF197004 are exactly identical!
WARNING: Sequences KJ189517 and MF197006 are exactly identical!
WARNING: Sequences KJ189517 and MF197007 are exactly identical!
WARNING: Sequences KJ189517 and MF197009 are exactly identical!
WARNING: Sequences KJ189517 and MF197010 are exactly identical!
WARNING: Sequences KJ189517 and MF197011 are exactly identical!
WARNING: Sequences KJ189517 and MF197012 are exactly identical!
WARNING: Sequences KJ189517 and MF197015 are exactly identical!
WARNING: Sequences KJ189517 and MF197017 are exactly identical!
WARNING: Sequences KJ189517 and MF197018 are exactly identical!
WARNING: Sequences KJ189517 and MF197020 are exactly identical!
WARNING: Sequences KJ189517 and MF197021 are exactly identical!
WARNING: Sequences KJ189517 and MF197022 are exactly identical!
WARNING: Sequences KJ189517 and MF197031 are exactly identical!
WARNING: Sequences KJ189517 and MF197040 are exactly identical!
WARNING: Sequences AF531674 and AF531675 are exactly identical!
WARNING: Sequences AF531676 and AF531677 are exactly identical!
WARNING: Sequences AF531681 and AF531700 are exactly identical!
WARNING: Sequences AF531681 and AF531711 are exactly identical!
WARNING: Sequences AF531681 and AF531709 are exactly identical!
WARNING: Sequences AF531689 and AF531714 are exactly identical!
WARNING: Sequences AF531695 and AF531703 are exactly identical!
WARNING: Sequences AF531717 and AF531715 are exactly identical!
WARNING: Sequences AF531717 and AF531716 are exactly identical!
WARNING: Sequences AF531717 and AF531718 are exactly identical!
WARNING: Sequences AF531727 and AF531728 are exactly identical!
WARNING: Sequences AF531727 and AF531729 are exactly identical!
WARNING: Sequences AF531734 and AF531726 are exactly identical!
WARNING: Sequences AF531734 and AF531724 are exactly identical!
WARNING: Sequences AF531734 and AF531725 are exactly identical!
WARNING: Sequences AF531734 and AF531722 are exactly identical!
WARNING: Sequences AF531734 and AF531723 are exactly identical!
WARNING: Duplicate sequences found: 130

NOTE: Reduced alignment (with duplicates and gap-only sites/taxa removed) 
NOTE: was saved to: /home/ariane/Documents/PhD/Data/Dene-dogs/analysis/pcdclade/TKWS_Seqotron_align_dogs_partial_mtDNA_completetrim.raxml.reduced.phy

Alignment comprises 1 partitions and 66 patterns

Partition 0: noname
Model: GTR+FO+I+G4m
Alignment sites / patterns: 232 / 66
Gaps: 1.67 %
Invariant sites: 83.19 %


NOTE: Binary MSA file created: /home/ariane/Documents/PhD/Data/Dene-dogs/analysis/pcdclade/TKWS_Seqotron_align_dogs_partial_mtDNA_completetrim.raxml.rba

Parallelization scheme autoconfig: 8 worker(s) x 1 thread(s)

Parallel reduction/worker buffer size: 1 KB  / 0 KB

[00:00:00] Generating 10 random starting tree(s) with 194 taxa
[00:00:00] Data distribution: max. partitions/sites/weight per thread: 1 / 66 / 1056
[00:00:00] Data distribution: max. searches per worker: 127

Starting ML tree search with 10 distinct starting trees

[00:00:06] [worker #2] ML tree search #3, logLikelihood: -715.973420
[00:00:09] [worker #4] ML tree search #5, logLikelihood: -716.239541
[00:00:10] [worker #3] ML tree search #4, logLikelihood: -714.457076
[00:00:11] [worker #5] ML tree search #6, logLikelihood: -713.462227
[00:00:14] [worker #1] ML tree search #2, logLikelihood: -712.166506
[00:00:19] [worker #7] ML tree search #8, logLikelihood: -712.041788
[00:00:21] [worker #6] ML tree search #7, logLikelihood: -712.935102
[00:00:22] [worker #1] ML tree search #10, logLikelihood: -712.460826
[00:00:26] [worker #0] ML tree search #1, logLikelihood: -711.443178
[00:00:41] [worker #0] ML tree search #9, logLikelihood: -714.259536

[00:00:41] ML tree search completed, best tree logLH: -711.443178

[00:00:41] Starting bootstrapping analysis with 1000 replicates.

[00:00:47] [worker #1] Bootstrap tree #2, logLikelihood: -578.001795
[00:00:49] [worker #3] Bootstrap tree #4, logLikelihood: -630.359814
[00:00:49] [worker #4] Bootstrap tree #5, logLikelihood: -653.762044
[00:00:49] [worker #2] Bootstrap tree #3, logLikelihood: -585.681357
[00:00:51] [worker #7] Bootstrap tree #8, logLikelihood: -624.209266
[00:00:54] [worker #6] Bootstrap tree #7, logLikelihood: -630.386829
[00:00:56] [worker #4] Bootstrap tree #13, logLikelihood: -546.131070
[00:00:56] [worker #5] Bootstrap tree #6, logLikelihood: -649.478902
[00:00:57] [worker #0] Bootstrap tree #1, logLikelihood: -650.554106
[00:00:57] [worker #2] Bootstrap tree #11, logLikelihood: -729.475224
[00:00:59] [worker #3] Bootstrap tree #12, logLikelihood: -666.901036
[00:01:00] [worker #7] Bootstrap tree #16, logLikelihood: -788.164420
[00:01:02] [worker #5] Bootstrap tree #14, logLikelihood: -644.683278
[00:01:03] [worker #6] Bootstrap tree #15, logLikelihood: -612.035809
[00:01:04] [worker #2] Bootstrap tree #19, logLikelihood: -762.573321
[00:01:05] [worker #1] Bootstrap tree #10, logLikelihood: -724.475909
[00:01:06] [worker #0] Bootstrap tree #9, logLikelihood: -567.199295
[00:01:07] [worker #7] Bootstrap tree #24, logLikelihood: -589.100426
[00:01:08] [worker #3] Bootstrap tree #20, logLikelihood: -616.351625
[00:01:09] [worker #4] Bootstrap tree #21, logLikelihood: -617.582668
[00:01:10] [worker #6] Bootstrap tree #23, logLikelihood: -691.497326
[00:01:12] [worker #2] Bootstrap tree #27, logLikelihood: -637.176630
[00:01:12] [worker #5] Bootstrap tree #22, logLikelihood: -659.776001
[00:01:16] [worker #3] Bootstrap tree #28, logLikelihood: -560.144535
[00:01:16] [worker #6] Bootstrap tree #31, logLikelihood: -510.788546
[00:01:16] [worker #0] Bootstrap tree #17, logLikelihood: -639.982670
[00:01:17] [worker #7] Bootstrap tree #32, logLikelihood: -660.012175
[00:01:18] [worker #1] Bootstrap tree #18, logLikelihood: -762.255875
[00:01:19] [worker #4] Bootstrap tree #29, logLikelihood: -596.035888
[00:01:21] [worker #3] Bootstrap tree #36, logLikelihood: -566.378489
[00:01:24] [worker #5] Bootstrap tree #30, logLikelihood: -712.185822
[00:01:25] [worker #7] Bootstrap tree #40, logLikelihood: -595.119677
[00:01:25] [worker #4] Bootstrap tree #37, logLikelihood: -676.401556
[00:01:26] [worker #6] Bootstrap tree #39, logLikelihood: -623.726417
[00:01:27] [worker #2] Bootstrap tree #35, logLikelihood: -689.340824
[00:01:27] [worker #1] Bootstrap tree #26, logLikelihood: -593.038293
[00:01:29] [worker #0] Bootstrap tree #25, logLikelihood: -720.836877
[00:01:29] [worker #3] Bootstrap tree #44, logLikelihood: -650.307679
[00:01:32] [worker #2] Bootstrap tree #43, logLikelihood: -632.373132
[00:01:33] [worker #5] Bootstrap tree #38, logLikelihood: -647.637953
[00:01:36] [worker #4] Bootstrap tree #45, logLikelihood: -733.080574
[00:01:36] [worker #7] Bootstrap tree #48, logLikelihood: -753.633311
[00:01:37] [worker #6] Bootstrap tree #47, logLikelihood: -633.203897
[00:01:39] [worker #5] Bootstrap tree #46, logLikelihood: -575.152044
[00:01:40] [worker #0] Bootstrap tree #33, logLikelihood: -621.433361
[00:01:41] [worker #1] Bootstrap tree #34, logLikelihood: -643.797550
[00:01:47] [worker #1] Bootstrap tree #42, logLikelihood: -632.494976
[00:01:51] [worker #0] Bootstrap tree #41, logLikelihood: -705.541304
[00:01:53] [worker #1] Bootstrap tree #50, logLikelihood: -536.433013
[00:01:56] [worker #0] Bootstrap tree #49, logLikelihood: -547.678168
[00:02:03] [worker #5] Bootstrap tree #54, logLikelihood: -613.100013
[00:02:03] [worker #6] Bootstrap tree #55, logLikelihood: -760.653887
[00:02:03] [worker #4] Bootstrap tree #53, logLikelihood: -637.544359
[00:02:04] [worker #2] Bootstrap tree #51, logLikelihood: -662.900953
[00:02:06] [worker #1] Bootstrap tree #58, logLikelihood: -651.732926
[00:02:06] [worker #3] Bootstrap tree #52, logLikelihood: -649.684776
[00:02:06] [worker #7] Bootstrap tree #56, logLikelihood: -699.659379
[00:02:09] [worker #4] Bootstrap tree #61, logLikelihood: -572.787557
[00:02:09] [worker #0] Bootstrap tree #57, logLikelihood: -656.644204
[00:02:10] [worker #2] Bootstrap tree #59, logLikelihood: -631.017707
[00:02:11] [worker #3] Bootstrap tree #60, logLikelihood: -598.177247
[00:02:12] [worker #5] Bootstrap tree #62, logLikelihood: -628.166524
[00:02:12] [worker #1] Bootstrap tree #66, logLikelihood: -641.633577
[00:02:12] [worker #6] Bootstrap tree #63, logLikelihood: -602.222041
[00:02:15] [worker #4] Bootstrap tree #69, logLikelihood: -580.244703
[00:02:16] [worker #7] Bootstrap tree #64, logLikelihood: -633.408750
[00:02:17] [worker #2] Bootstrap tree #67, logLikelihood: -537.360545
[00:02:20] [worker #5] Bootstrap tree #70, logLikelihood: -713.510817
[00:02:20] [worker #1] Bootstrap tree #74, logLikelihood: -517.043549
[00:02:22] [worker #3] Bootstrap tree #68, logLikelihood: -551.160825
[00:02:23] [worker #2] Bootstrap tree #75, logLikelihood: -624.256864
[00:02:23] [worker #7] Bootstrap tree #72, logLikelihood: -594.036675
[00:02:24] [worker #6] Bootstrap tree #71, logLikelihood: -828.254513
[00:02:27] [worker #5] Bootstrap tree #78, logLikelihood: -569.040965
[00:02:28] [worker #0] Bootstrap tree #65, logLikelihood: -672.515373
[00:02:30] [worker #3] Bootstrap tree #76, logLikelihood: -522.871983
[00:02:32] [worker #7] Bootstrap tree #80, logLikelihood: -575.030455
[00:02:32] [worker #4] Bootstrap tree #77, logLikelihood: -704.965890
[00:02:33] [worker #1] Bootstrap tree #82, logLikelihood: -612.007953
[00:02:34] [worker #5] Bootstrap tree #86, logLikelihood: -626.956833
[00:02:35] [worker #6] Bootstrap tree #79, logLikelihood: -604.554390
[00:02:35] [worker #3] Bootstrap tree #84, logLikelihood: -705.817491
[00:02:37] [worker #2] Bootstrap tree #83, logLikelihood: -613.111740
[00:02:40] [worker #7] Bootstrap tree #88, logLikelihood: -718.403254
[00:02:40] [worker #5] Bootstrap tree #94, logLikelihood: -632.543176
[00:02:40] [worker #3] Bootstrap tree #92, logLikelihood: -567.927776
[00:02:40] [worker #6] Bootstrap tree #87, logLikelihood: -725.470113
[00:02:42] [worker #1] Bootstrap tree #90, logLikelihood: -606.971424
[00:02:43] [worker #0] Bootstrap tree #73, logLikelihood: -593.142675
[00:02:44] [worker #4] Bootstrap tree #85, logLikelihood: -646.056578
[00:02:45] [worker #2] Bootstrap tree #91, logLikelihood: -690.957972
[00:02:47] [worker #3] Bootstrap tree #100, logLikelihood: -631.538693
[00:02:48] [worker #7] Bootstrap tree #96, logLikelihood: -638.351376
[00:02:50] [worker #1] Bootstrap tree #98, logLikelihood: -571.980824
[00:02:56] [worker #6] Bootstrap tree #95, logLikelihood: -650.596311
[00:02:58] [worker #2] Bootstrap tree #99, logLikelihood: -629.623651
[00:03:01] [worker #4] Bootstrap tree #93, logLikelihood: -656.705972
[00:03:02] [worker #0] Bootstrap tree #81, logLikelihood: -673.979547
[00:03:07] [worker #0] Bootstrap tree #89, logLikelihood: -594.152787
[00:03:12] [worker #0] Bootstrap tree #97, logLikelihood: -782.192769
[00:03:18] [worker #4] Bootstrap tree #101, logLikelihood: -692.367618
[00:03:18] [worker #2] Bootstrap tree #107, logLikelihood: -613.219277
[00:03:19] [worker #0] Bootstrap tree #105, logLikelihood: -721.773258
[00:03:21] [worker #6] Bootstrap tree #103, logLikelihood: -648.285953
[00:03:22] [worker #7] Bootstrap tree #104, logLikelihood: -578.611630
[00:03:22] [worker #3] Bootstrap tree #108, logLikelihood: -752.001107
[00:03:23] [worker #1] Bootstrap tree #106, logLikelihood: -615.198345
[00:03:24] [worker #4] Bootstrap tree #109, logLikelihood: -708.455160
[00:03:26] [worker #5] Bootstrap tree #102, logLikelihood: -739.590070
[00:03:27] [worker #0] Bootstrap tree #113, logLikelihood: -731.991096
[00:03:28] [worker #2] Bootstrap tree #115, logLikelihood: -773.625221
[00:03:29] [worker #6] Bootstrap tree #111, logLikelihood: -615.803878
[00:03:29] [worker #3] Bootstrap tree #116, logLikelihood: -542.077338
[00:03:31] [worker #5] Bootstrap tree #110, logLikelihood: -596.862020
[00:03:32] [worker #4] Bootstrap tree #117, logLikelihood: -604.008113
[00:03:32] [worker #7] Bootstrap tree #112, logLikelihood: -635.178045
[00:03:33] [worker #1] Bootstrap tree #114, logLikelihood: -732.925101
[00:03:37] [worker #3] Bootstrap tree #124, logLikelihood: -739.625242
[00:03:38] [worker #2] Bootstrap tree #123, logLikelihood: -544.834115
[00:03:39] [worker #4] Bootstrap tree #125, logLikelihood: -762.010453
[00:03:39] [worker #1] Bootstrap tree #122, logLikelihood: -588.260374
[00:03:40] [worker #6] Bootstrap tree #119, logLikelihood: -819.276037
[00:03:41] [worker #5] Bootstrap tree #118, logLikelihood: -695.277845
[00:03:43] [worker #7] Bootstrap tree #120, logLikelihood: -704.614827
[00:03:45] [worker #3] Bootstrap tree #132, logLikelihood: -679.598664
[00:03:45] [worker #0] Bootstrap tree #121, logLikelihood: -612.665891
[00:03:46] [worker #2] Bootstrap tree #131, logLikelihood: -625.879583
[00:03:47] [worker #4] Bootstrap tree #133, logLikelihood: -569.048274
[00:03:47] [worker #5] Bootstrap tree #126, logLikelihood: -612.392190
[00:03:50] [worker #7] Bootstrap tree #128, logLikelihood: -617.373629
[00:03:50] [worker #6] Bootstrap tree #127, logLikelihood: -672.858139
[00:03:52] [worker #1] Bootstrap tree #130, logLikelihood: -626.255666
[00:03:53] [worker #5] Bootstrap tree #134, logLikelihood: -725.218041
[00:03:53] [worker #3] Bootstrap tree #140, logLikelihood: -660.552159
[00:03:55] [worker #0] Bootstrap tree #129, logLikelihood: -629.224034
[00:03:55] [worker #2] Bootstrap tree #139, logLikelihood: -568.754010
[00:03:56] [worker #4] Bootstrap tree #141, logLikelihood: -735.668171
[00:03:58] [worker #6] Bootstrap tree #135, logLikelihood: -640.248447
[00:04:00] [worker #7] Bootstrap tree #136, logLikelihood: -593.250109
[00:04:02] [worker #2] Bootstrap tree #147, logLikelihood: -762.612697
[00:04:03] [worker #3] Bootstrap tree #148, logLikelihood: -690.595357
[00:04:03] [worker #1] Bootstrap tree #138, logLikelihood: -664.590279
[00:04:03] [worker #4] Bootstrap tree #149, logLikelihood: -724.586263
[00:04:04] [worker #5] Bootstrap tree #142, logLikelihood: -662.989117
[00:04:05] [worker #7] Bootstrap tree #144, logLikelihood: -598.261052
[00:04:09] [worker #1] Bootstrap tree #146, logLikelihood: -668.142128
[00:04:09] [worker #0] Bootstrap tree #137, logLikelihood: -596.549867
[00:04:10] [worker #6] Bootstrap tree #143, logLikelihood: -622.791464
[00:04:14] [worker #5] Bootstrap tree #150, logLikelihood: -692.015471
[00:04:16] [worker #0] Bootstrap tree #145, logLikelihood: -558.824425
[00:04:22] [worker #5] Bootstrap tree #158, logLikelihood: -618.535904
[00:04:24] [worker #2] Bootstrap tree #155, logLikelihood: -701.460616
[00:04:24] [worker #1] Bootstrap tree #154, logLikelihood: -640.633295
[00:04:27] [worker #6] Bootstrap tree #151, logLikelihood: -660.984351
[00:04:27] [worker #7] Bootstrap tree #152, logLikelihood: -771.710221
[00:04:30] [worker #4] Bootstrap tree #157, logLikelihood: -704.484438
[00:04:30] [worker #1] Bootstrap tree #162, logLikelihood: -598.240258
[00:04:30] [worker #3] Bootstrap tree #156, logLikelihood: -575.595919
[00:04:31] [worker #5] Bootstrap tree #166, logLikelihood: -659.994443
[00:04:32] [worker #7] Bootstrap tree #160, logLikelihood: -557.560762
[00:04:34] [worker #2] Bootstrap tree #163, logLikelihood: -536.810392
[00:04:34] [worker #0] Bootstrap tree #153, logLikelihood: -618.646615
[00:04:34] [worker #6] Bootstrap tree #159, logLikelihood: -736.512981
[00:04:35] [worker #4] Bootstrap tree #165, logLikelihood: -549.453358
[00:04:37] [worker #1] Bootstrap tree #170, logLikelihood: -659.013487
[00:04:37] [worker #7] Bootstrap tree #168, logLikelihood: -553.310441
[00:04:38] [worker #5] Bootstrap tree #174, logLikelihood: -631.572592
[00:04:38] [worker #3] Bootstrap tree #164, logLikelihood: -611.473617
[00:04:39] [worker #2] Bootstrap tree #171, logLikelihood: -564.261022
[00:04:40] [worker #6] Bootstrap tree #167, logLikelihood: -715.961304
[00:04:40] [worker #4] Bootstrap tree #173, logLikelihood: -576.170783
[00:04:45] [worker #5] Bootstrap tree #182, logLikelihood: -640.558133
[00:04:47] [worker #7] Bootstrap tree #176, logLikelihood: -608.481104
[00:04:48] [worker #2] Bootstrap tree #179, logLikelihood: -687.431062
[00:04:48] [worker #1] Bootstrap tree #178, logLikelihood: -580.658676
[00:04:50] [worker #3] Bootstrap tree #172, logLikelihood: -643.768287
[00:04:53] [worker #7] Bootstrap tree #184, logLikelihood: -686.965313
[00:04:54] [worker #0] Bootstrap tree #161, logLikelihood: -719.335373
[00:04:54] [worker #5] Bootstrap tree #190, logLikelihood: -690.682448
[00:04:54] [worker #1] Bootstrap tree #186, logLikelihood: -593.354884
[00:04:56] [worker #3] Bootstrap tree #180, logLikelihood: -641.918484
[00:04:57] [worker #2] Bootstrap tree #187, logLikelihood: -661.822419
[00:04:57] [worker #4] Bootstrap tree #181, logLikelihood: -731.739415
[00:04:58] [worker #6] Bootstrap tree #175, logLikelihood: -669.388531
[00:05:02] [worker #1] Bootstrap tree #194, logLikelihood: -592.884615
[00:05:02] [worker #4] Bootstrap tree #189, logLikelihood: -631.750173
[00:05:03] [worker #5] Bootstrap tree #198, logLikelihood: -762.095856
[00:05:03] [worker #6] Bootstrap tree #183, logLikelihood: -687.238786
[00:05:05] [worker #7] Bootstrap tree #192, logLikelihood: -638.605655
[00:05:05] [worker #2] Bootstrap tree #195, logLikelihood: -551.569729
[00:05:07] [worker #3] Bootstrap tree #188, logLikelihood: -567.080523
[00:05:08] [worker #4] Bootstrap tree #197, logLikelihood: -663.277867
[00:05:10] [worker #7] Bootstrap tree #200, logLikelihood: -589.978905
[00:05:11] [worker #0] Bootstrap tree #169, logLikelihood: -540.220362
[00:05:12] [worker #6] Bootstrap tree #191, logLikelihood: -671.208067
[00:05:16] [worker #3] Bootstrap tree #196, logLikelihood: -685.106142
[00:05:17] [worker #6] Bootstrap tree #199, logLikelihood: -660.568906
[00:05:20] [worker #0] Bootstrap tree #177, logLikelihood: -784.440874
[00:05:26] [worker #0] Bootstrap tree #185, logLikelihood: -663.863330
[00:05:32] [worker #0] Bootstrap tree #193, logLikelihood: -681.814586
[00:05:37] [worker #4] Bootstrap tree #205, logLikelihood: -595.642873
[00:05:38] [worker #7] Bootstrap tree #208, logLikelihood: -698.264907
[00:05:39] [worker #3] Bootstrap tree #204, logLikelihood: -512.431856
[00:05:39] [worker #1] Bootstrap tree #202, logLikelihood: -683.756121
[00:05:39] [worker #2] Bootstrap tree #203, logLikelihood: -648.880482
[00:05:41] [worker #6] Bootstrap tree #207, logLikelihood: -663.857832
[00:05:44] [worker #0] Bootstrap tree #201, logLikelihood: -610.300210
[00:05:45] [worker #2] Bootstrap tree #211, logLikelihood: -652.443385
[00:05:46] [worker #5] Bootstrap tree #206, logLikelihood: -604.488629
[00:05:46] [worker #3] Bootstrap tree #212, logLikelihood: -714.282885
[00:05:46] [worker #7] Bootstrap tree #216, logLikelihood: -700.115693
[00:05:47] [worker #4] Bootstrap tree #213, logLikelihood: -651.148363
[00:05:48] [worker #1] Bootstrap tree #210, logLikelihood: -657.239473
[00:05:48] [worker #6] Bootstrap tree #215, logLikelihood: -744.908810
[00:05:52] [worker #0] Bootstrap tree #209, logLikelihood: -640.368581
[00:05:52] [worker #2] Bootstrap tree #219, logLikelihood: -606.563468
[00:05:53] [worker #4] Bootstrap tree #221, logLikelihood: -618.268841
[00:05:54] [worker #3] Bootstrap tree #220, logLikelihood: -628.853075
[00:05:56] [worker #5] Bootstrap tree #214, logLikelihood: -621.608823
[00:05:56] [worker #6] Bootstrap tree #223, logLikelihood: -639.263982
[00:05:59] [worker #3] Bootstrap tree #228, logLikelihood: -636.184185
[00:06:00] [worker #4] Bootstrap tree #229, logLikelihood: -690.098151
[00:06:01] [worker #2] Bootstrap tree #227, logLikelihood: -656.162655
[00:06:02] [worker #1] Bootstrap tree #218, logLikelihood: -742.316935
[00:06:02] [worker #7] Bootstrap tree #224, logLikelihood: -763.334603
[00:06:05] [worker #6] Bootstrap tree #231, logLikelihood: -789.262301
[00:06:07] [worker #2] Bootstrap tree #235, logLikelihood: -587.499324
[00:06:07] [worker #5] Bootstrap tree #222, logLikelihood: -649.135940
[00:06:07] [worker #0] Bootstrap tree #217, logLikelihood: -614.752558
[00:06:08] [worker #3] Bootstrap tree #236, logLikelihood: -690.889837
[00:06:09] [worker #4] Bootstrap tree #237, logLikelihood: -704.456495
[00:06:10] [worker #7] Bootstrap tree #232, logLikelihood: -667.955984
[00:06:11] [worker #6] Bootstrap tree #239, logLikelihood: -660.146256
[00:06:11] [worker #1] Bootstrap tree #226, logLikelihood: -610.183820
[00:06:14] [worker #3] Bootstrap tree #244, logLikelihood: -558.301256
[00:06:15] [worker #2] Bootstrap tree #243, logLikelihood: -680.443902
[00:06:17] [worker #5] Bootstrap tree #230, logLikelihood: -766.314512
[00:06:21] [worker #0] Bootstrap tree #225, logLikelihood: -653.080475
[00:06:21] [worker #6] Bootstrap tree #247, logLikelihood: -665.932915
[00:06:21] [worker #4] Bootstrap tree #245, logLikelihood: -804.608449
[00:06:21] [worker #1] Bootstrap tree #234, logLikelihood: -624.454953
[00:06:23] [worker #7] Bootstrap tree #240, logLikelihood: -646.498426
[00:06:26] [worker #5] Bootstrap tree #238, logLikelihood: -633.356161
[00:06:33] [worker #1] Bootstrap tree #242, logLikelihood: -686.492070
[00:06:33] [worker #0] Bootstrap tree #233, logLikelihood: -718.258948
[00:06:34] [worker #5] Bootstrap tree #246, logLikelihood: -570.311269
[00:06:40] [worker #0] Bootstrap tree #241, logLikelihood: -676.551130
[00:06:41] [worker #1] Bootstrap tree #250, logLikelihood: -663.673618
[00:06:41] [worker #7] Bootstrap tree #248, logLikelihood: -831.154063
[00:06:50] [worker #0] Bootstrap tree #249, logLikelihood: -680.894472
[00:06:55] [worker #1] Bootstrap tree #258, logLikelihood: -619.734241
[00:06:57] [worker #7] Bootstrap tree #256, logLikelihood: -658.573262
[00:06:57] [worker #5] Bootstrap tree #254, logLikelihood: -662.959978
[00:06:57] [worker #4] Bootstrap tree #253, logLikelihood: -608.932381
[00:06:58] [worker #6] Bootstrap tree #255, logLikelihood: -583.622336
[00:07:00] [worker #3] Bootstrap tree #252, logLikelihood: -626.155073
[00:07:01] [worker #0] Bootstrap tree #257, logLikelihood: -553.978744
[00:07:01] [worker #2] Bootstrap tree #251, logLikelihood: -625.536593
[00:07:02] [worker #1] Bootstrap tree #266, logLikelihood: -705.280283
[00:07:04] [worker #7] Bootstrap tree #264, logLikelihood: -671.487982
[00:07:06] [worker #4] Bootstrap tree #261, logLikelihood: -666.811844
[00:07:07] [worker #5] Bootstrap tree #262, logLikelihood: -766.219467
[00:07:08] [worker #1] Bootstrap tree #274, logLikelihood: -673.246365
[00:07:09] [worker #6] Bootstrap tree #263, logLikelihood: -679.003474
[00:07:11] [worker #7] Bootstrap tree #272, logLikelihood: -578.509852
[00:07:13] [worker #0] Bootstrap tree #265, logLikelihood: -526.415161
[00:07:13] [worker #2] Bootstrap tree #259, logLikelihood: -599.477546
[00:07:16] [worker #6] Bootstrap tree #271, logLikelihood: -668.329516
[00:07:16] [worker #5] Bootstrap tree #270, logLikelihood: -653.049168
[00:07:19] [worker #7] Bootstrap tree #280, logLikelihood: -656.854871
[00:07:19] [worker #3] Bootstrap tree #260, logLikelihood: -715.917551
[00:07:20] [worker #4] Bootstrap tree #269, logLikelihood: -641.013097
[00:07:21] [worker #6] Bootstrap tree #279, logLikelihood: -541.796704
[00:07:22] [worker #0] Bootstrap tree #273, logLikelihood: -657.083310
[00:07:23] [worker #1] Bootstrap tree #282, logLikelihood: -684.976543
[00:07:24] [worker #2] Bootstrap tree #267, logLikelihood: -653.951591
[00:07:26] [worker #7] Bootstrap tree #288, logLikelihood: -603.680662
[00:07:27] [worker #4] Bootstrap tree #277, logLikelihood: -578.367210
[00:07:27] [worker #3] Bootstrap tree #268, logLikelihood: -647.727418
[00:07:27] [worker #5] Bootstrap tree #278, logLikelihood: -662.140194
[00:07:29] [worker #6] Bootstrap tree #287, logLikelihood: -646.779362
[00:07:29] [worker #1] Bootstrap tree #290, logLikelihood: -720.809403
[00:07:33] [worker #4] Bootstrap tree #285, logLikelihood: -694.111648
[00:07:33] [worker #3] Bootstrap tree #276, logLikelihood: -665.808954
[00:07:34] [worker #7] Bootstrap tree #296, logLikelihood: -626.169662
[00:07:34] [worker #2] Bootstrap tree #275, logLikelihood: -798.283553
[00:07:37] [worker #6] Bootstrap tree #295, logLikelihood: -612.591182
[00:07:38] [worker #4] Bootstrap tree #293, logLikelihood: -649.568344
[00:07:38] [worker #5] Bootstrap tree #286, logLikelihood: -739.178568
[00:07:39] [worker #1] Bootstrap tree #298, logLikelihood: -729.500340
[00:07:40] [worker #2] Bootstrap tree #283, logLikelihood: -669.040135
[00:07:42] [worker #0] Bootstrap tree #281, logLikelihood: -672.755584
[00:07:44] [worker #3] Bootstrap tree #284, logLikelihood: -639.477987
[00:07:44] [worker #5] Bootstrap tree #294, logLikelihood: -563.002037
[00:07:46] [worker #2] Bootstrap tree #291, logLikelihood: -685.907111
[00:07:48] [worker #0] Bootstrap tree #289, logLikelihood: -543.162036
[00:07:49] [worker #3] Bootstrap tree #292, logLikelihood: -606.587375
[00:07:54] [worker #3] Bootstrap tree #300, logLikelihood: -639.906651
[00:07:55] [worker #2] Bootstrap tree #299, logLikelihood: -648.912395
[00:07:56] [worker #0] Bootstrap tree #297, logLikelihood: -663.979506
[00:08:02] [worker #1] Bootstrap tree #306, logLikelihood: -629.550431
[00:08:02] [worker #3] Bootstrap tree #308, logLikelihood: -543.292340
[00:08:03] [worker #5] Bootstrap tree #302, logLikelihood: -718.831718
[00:08:04] [worker #2] Bootstrap tree #307, logLikelihood: -694.542076
[00:08:04] [worker #6] Bootstrap tree #303, logLikelihood: -668.518182
[00:08:07] [worker #0] Bootstrap tree #305, logLikelihood: -590.658439
[00:08:09] [worker #7] Bootstrap tree #304, logLikelihood: -660.077460
[00:08:10] [worker #2] Bootstrap tree #315, logLikelihood: -578.715448
[00:08:11] [worker #1] Bootstrap tree #314, logLikelihood: -600.167661
[00:08:11] [worker #4] Bootstrap tree #301, logLikelihood: -711.423423
[00:08:15] [worker #3] Bootstrap tree #316, logLikelihood: -720.364063
[00:08:15] [worker #0] Bootstrap tree #313, logLikelihood: -810.308412
[00:08:16] [worker #5] Bootstrap tree #310, logLikelihood: -691.733409
[00:08:16] [worker #6] Bootstrap tree #311, logLikelihood: -617.148546
[00:08:16] [worker #2] Bootstrap tree #323, logLikelihood: -511.748237
[00:08:16] [worker #7] Bootstrap tree #312, logLikelihood: -671.655570
[00:08:17] [worker #1] Bootstrap tree #322, logLikelihood: -595.236626
[00:08:20] [worker #4] Bootstrap tree #309, logLikelihood: -612.532669
[00:08:23] [worker #7] Bootstrap tree #320, logLikelihood: -650.112860
[00:08:24] [worker #1] Bootstrap tree #330, logLikelihood: -628.244311
[00:08:27] [worker #2] Bootstrap tree #331, logLikelihood: -729.821408
[00:08:29] [worker #3] Bootstrap tree #324, logLikelihood: -686.719137
[00:08:29] [worker #0] Bootstrap tree #321, logLikelihood: -670.810122
[00:08:31] [worker #6] Bootstrap tree #319, logLikelihood: -693.175082
[00:08:32] [worker #2] Bootstrap tree #339, logLikelihood: -700.014744
[00:08:33] [worker #7] Bootstrap tree #328, logLikelihood: -703.771383
[00:08:33] [worker #5] Bootstrap tree #318, logLikelihood: -716.708746
[00:08:35] [worker #3] Bootstrap tree #332, logLikelihood: -591.255751
[00:08:36] [worker #4] Bootstrap tree #317, logLikelihood: -640.591791
[00:08:37] [worker #1] Bootstrap tree #338, logLikelihood: -780.049442
[00:08:39] [worker #5] Bootstrap tree #326, logLikelihood: -735.745653
[00:08:42] [worker #4] Bootstrap tree #325, logLikelihood: -641.109687
[00:08:43] [worker #2] Bootstrap tree #347, logLikelihood: -652.450347
[00:08:45] [worker #6] Bootstrap tree #327, logLikelihood: -665.017660
[00:08:45] [worker #1] Bootstrap tree #346, logLikelihood: -719.506892
[00:08:47] [worker #0] Bootstrap tree #329, logLikelihood: -669.895235
[00:08:47] [worker #7] Bootstrap tree #336, logLikelihood: -645.215664
[00:08:48] [worker #4] Bootstrap tree #333, logLikelihood: -714.269910
[00:08:50] [worker #5] Bootstrap tree #334, logLikelihood: -553.975065
[00:08:51] [worker #3] Bootstrap tree #340, logLikelihood: -647.678930
[00:08:52] [worker #6] Bootstrap tree #335, logLikelihood: -695.014769
[00:08:53] [worker #4] Bootstrap tree #341, logLikelihood: -691.303193
[00:08:54] [worker #0] Bootstrap tree #337, logLikelihood: -717.328311
[00:08:56] [worker #5] Bootstrap tree #342, logLikelihood: -697.688013
[00:08:58] [worker #6] Bootstrap tree #343, logLikelihood: -743.263238
[00:09:00] [worker #4] Bootstrap tree #349, logLikelihood: -636.648672
[00:09:01] [worker #3] Bootstrap tree #348, logLikelihood: -555.749226
[00:09:04] [worker #7] Bootstrap tree #344, logLikelihood: -688.427236
[00:09:05] [worker #5] Bootstrap tree #350, logLikelihood: -529.350905
[00:09:08] [worker #0] Bootstrap tree #345, logLikelihood: -620.504899
[00:09:13] [worker #7] Bootstrap tree #352, logLikelihood: -602.057192
[00:09:14] [worker #5] Bootstrap tree #358, logLikelihood: -632.338969
[00:09:15] [worker #6] Bootstrap tree #351, logLikelihood: -698.866777
[00:09:15] [worker #1] Bootstrap tree #354, logLikelihood: -700.496390
[00:09:16] [worker #2] Bootstrap tree #355, logLikelihood: -580.566022
[00:09:18] [worker #4] Bootstrap tree #357, logLikelihood: -661.261524
[00:09:19] [worker #7] Bootstrap tree #360, logLikelihood: -752.560748
[00:09:19] [worker #3] Bootstrap tree #356, logLikelihood: -791.076159
[00:09:24] [worker #1] Bootstrap tree #362, logLikelihood: -634.503339
[00:09:24] [worker #6] Bootstrap tree #359, logLikelihood: -684.516146
[00:09:25] [worker #0] Bootstrap tree #353, logLikelihood: -628.563304
[00:09:26] [worker #7] Bootstrap tree #368, logLikelihood: -572.941565
[00:09:26] [worker #4] Bootstrap tree #365, logLikelihood: -709.876098
[00:09:26] [worker #2] Bootstrap tree #363, logLikelihood: -598.914781
[00:09:27] [worker #5] Bootstrap tree #366, logLikelihood: -622.905064
[00:09:29] [worker #3] Bootstrap tree #364, logLikelihood: -784.302193
[00:09:31] [worker #1] Bootstrap tree #370, logLikelihood: -626.991774
[00:09:33] [worker #0] Bootstrap tree #361, logLikelihood: -613.389722
[00:09:33] [worker #6] Bootstrap tree #367, logLikelihood: -674.869249
[00:09:36] [worker #5] Bootstrap tree #374, logLikelihood: -664.613940
[00:09:36] [worker #2] Bootstrap tree #371, logLikelihood: -613.723934
[00:09:36] [worker #1] Bootstrap tree #378, logLikelihood: -604.337492
[00:09:37] [worker #4] Bootstrap tree #373, logLikelihood: -704.705556
[00:09:37] [worker #7] Bootstrap tree #376, logLikelihood: -702.348483
[00:09:38] [worker #3] Bootstrap tree #372, logLikelihood: -715.100706
[00:09:41] [worker #2] Bootstrap tree #379, logLikelihood: -610.756079
[00:09:43] [worker #3] Bootstrap tree #380, logLikelihood: -649.769855
[00:09:44] [worker #6] Bootstrap tree #375, logLikelihood: -764.165960
[00:09:45] [worker #5] Bootstrap tree #382, logLikelihood: -653.796099
[00:09:47] [worker #0] Bootstrap tree #369, logLikelihood: -665.080742
[00:09:48] [worker #7] Bootstrap tree #384, logLikelihood: -690.119282
[00:09:48] [worker #4] Bootstrap tree #381, logLikelihood: -578.116171
[00:09:50] [worker #6] Bootstrap tree #383, logLikelihood: -663.232169
[00:09:50] [worker #5] Bootstrap tree #390, logLikelihood: -557.833506
[00:09:50] [worker #2] Bootstrap tree #387, logLikelihood: -736.194161
[00:09:51] [worker #1] Bootstrap tree #386, logLikelihood: -651.327585
[00:09:55] [worker #7] Bootstrap tree #392, logLikelihood: -584.947453
[00:09:55] [worker #3] Bootstrap tree #388, logLikelihood: -689.375291
[00:09:55] [worker #0] Bootstrap tree #377, logLikelihood: -716.417284
[00:09:56] [worker #1] Bootstrap tree #394, logLikelihood: -586.369702
[00:09:58] [worker #6] Bootstrap tree #391, logLikelihood: -698.687779
[00:09:58] [worker #4] Bootstrap tree #389, logLikelihood: -737.476660
[00:10:00] [worker #2] Bootstrap tree #395, logLikelihood: -555.639169
[00:10:01] [worker #7] Bootstrap tree #400, logLikelihood: -650.194255
[00:10:02] [worker #5] Bootstrap tree #398, logLikelihood: -673.660708
[00:10:03] [worker #3] Bootstrap tree #396, logLikelihood: -582.361217
[00:10:04] [worker #6] Bootstrap tree #399, logLikelihood: -767.997527
[00:10:10] [worker #0] Bootstrap tree #385, logLikelihood: -728.816859
[00:10:10] [worker #4] Bootstrap tree #397, logLikelihood: -733.229597
[00:10:16] [worker #0] Bootstrap tree #393, logLikelihood: -643.157994
[00:10:23] [worker #1] Bootstrap tree #402, logLikelihood: -596.965484
[00:10:23] [worker #2] Bootstrap tree #403, logLikelihood: -602.145281
[00:10:23] [worker #5] Bootstrap tree #406, logLikelihood: -778.205672
[00:10:24] [worker #7] Bootstrap tree #408, logLikelihood: -712.127352
[00:10:25] [worker #0] Bootstrap tree #401, logLikelihood: -614.017244
[00:10:26] [worker #3] Bootstrap tree #404, logLikelihood: -639.216864
[00:10:28] [worker #1] Bootstrap tree #410, logLikelihood: -757.412883
[00:10:29] [worker #5] Bootstrap tree #414, logLikelihood: -726.980371
[00:10:29] [worker #2] Bootstrap tree #411, logLikelihood: -727.248786
[00:10:33] [worker #6] Bootstrap tree #407, logLikelihood: -562.629233
[00:10:33] [worker #7] Bootstrap tree #416, logLikelihood: -561.908371
[00:10:34] [worker #0] Bootstrap tree #409, logLikelihood: -654.521307
[00:10:34] [worker #3] Bootstrap tree #412, logLikelihood: -613.776350
[00:10:35] [worker #1] Bootstrap tree #418, logLikelihood: -720.282654
[00:10:35] [worker #4] Bootstrap tree #405, logLikelihood: -750.081138
[00:10:35] [worker #5] Bootstrap tree #422, logLikelihood: -613.570743
[00:10:35] [worker #2] Bootstrap tree #419, logLikelihood: -759.167471
[00:10:40] [worker #6] Bootstrap tree #415, logLikelihood: -687.005647
[00:10:41] [worker #5] Bootstrap tree #430, logLikelihood: -579.640233
[00:10:41] [worker #4] Bootstrap tree #413, logLikelihood: -762.625756
[00:10:42] [worker #3] Bootstrap tree #420, logLikelihood: -628.556745
[00:10:44] [worker #7] Bootstrap tree #424, logLikelihood: -745.498977
[00:10:44] [worker #1] Bootstrap tree #426, logLikelihood: -652.168562
[00:10:47] [worker #6] Bootstrap tree #423, logLikelihood: -628.056620
[00:10:47] [worker #5] Bootstrap tree #438, logLikelihood: -720.529596
[00:10:47] [worker #4] Bootstrap tree #421, logLikelihood: -683.837757
[00:10:49] [worker #2] Bootstrap tree #427, logLikelihood: -748.202028
[00:10:50] [worker #3] Bootstrap tree #428, logLikelihood: -586.923767
[00:10:52] [worker #7] Bootstrap tree #432, logLikelihood: -813.776458
[00:10:52] [worker #1] Bootstrap tree #434, logLikelihood: -610.331444
[00:10:54] [worker #5] Bootstrap tree #446, logLikelihood: -695.678858
[00:10:55] [worker #2] Bootstrap tree #435, logLikelihood: -700.501630
[00:10:57] [worker #3] Bootstrap tree #436, logLikelihood: -618.435754
[00:10:58] [worker #0] Bootstrap tree #417, logLikelihood: -718.200594
[00:10:58] [worker #1] Bootstrap tree #442, logLikelihood: -602.787046
[00:10:59] [worker #4] Bootstrap tree #429, logLikelihood: -663.677034
[00:10:59] [worker #7] Bootstrap tree #440, logLikelihood: -669.570522
[00:10:59] [worker #6] Bootstrap tree #431, logLikelihood: -763.790610
[00:11:03] [worker #2] Bootstrap tree #443, logLikelihood: -698.423331
[00:11:04] [worker #3] Bootstrap tree #444, logLikelihood: -576.018327
[00:11:04] [worker #7] Bootstrap tree #448, logLikelihood: -637.868707
[00:11:06] [worker #4] Bootstrap tree #437, logLikelihood: -651.879595
[00:11:07] [worker #0] Bootstrap tree #425, logLikelihood: -636.074164
[00:11:08] [worker #6] Bootstrap tree #439, logLikelihood: -544.380238
[00:11:12] [worker #1] Bootstrap tree #450, logLikelihood: -662.596815
[00:11:14] [worker #4] Bootstrap tree #445, logLikelihood: -759.559604
[00:11:15] [worker #0] Bootstrap tree #433, logLikelihood: -618.654637
[00:11:15] [worker #6] Bootstrap tree #447, logLikelihood: -627.268243
[00:11:22] [worker #0] Bootstrap tree #441, logLikelihood: -583.557842
[00:11:36] [worker #0] Bootstrap tree #449, logLikelihood: -612.565763
[00:11:41] [worker #5] Bootstrap tree #454, logLikelihood: -586.576357
[00:11:42] [worker #2] Bootstrap tree #451, logLikelihood: -672.026851
[00:11:43] [worker #3] Bootstrap tree #452, logLikelihood: -696.684082
[00:11:44] [worker #4] Bootstrap tree #453, logLikelihood: -601.460006
[00:11:44] [worker #6] Bootstrap tree #455, logLikelihood: -722.361775
[00:11:46] [worker #0] Bootstrap tree #457, logLikelihood: -779.335667
[00:11:48] [worker #1] Bootstrap tree #458, logLikelihood: -590.826153
[00:11:49] [worker #4] Bootstrap tree #461, logLikelihood: -523.807566
[00:11:49] [worker #7] Bootstrap tree #456, logLikelihood: -718.982080
[00:11:51] [worker #5] Bootstrap tree #462, logLikelihood: -599.629689
[00:11:53] [worker #6] Bootstrap tree #463, logLikelihood: -625.932397
[00:11:54] [worker #1] Bootstrap tree #466, logLikelihood: -607.422964
[00:11:54] [worker #7] Bootstrap tree #464, logLikelihood: -639.833946
[00:11:55] [worker #3] Bootstrap tree #460, logLikelihood: -652.170239
[00:11:55] [worker #2] Bootstrap tree #459, logLikelihood: -761.536603
[00:11:57] [worker #0] Bootstrap tree #465, logLikelihood: -543.201798
[00:11:59] [worker #4] Bootstrap tree #469, logLikelihood: -672.754649
[00:12:00] [worker #7] Bootstrap tree #472, logLikelihood: -629.947830
[00:12:00] [worker #3] Bootstrap tree #468, logLikelihood: -586.867671
[00:12:02] [worker #6] Bootstrap tree #471, logLikelihood: -682.240801
[00:12:03] [worker #2] Bootstrap tree #467, logLikelihood: -651.949758
[00:12:03] [worker #5] Bootstrap tree #470, logLikelihood: -678.118485
[00:12:04] [worker #4] Bootstrap tree #477, logLikelihood: -598.178796
[00:12:04] [worker #0] Bootstrap tree #473, logLikelihood: -597.751264
[00:12:06] [worker #7] Bootstrap tree #480, logLikelihood: -623.545184
[00:12:06] [worker #3] Bootstrap tree #476, logLikelihood: -589.819952
[00:12:08] [worker #1] Bootstrap tree #474, logLikelihood: -600.311725
[00:12:09] [worker #6] Bootstrap tree #479, logLikelihood: -550.777685
[00:12:12] [worker #5] Bootstrap tree #478, logLikelihood: -750.968280
[00:12:12] [worker #7] Bootstrap tree #488, logLikelihood: -752.648519
[00:12:13] [worker #4] Bootstrap tree #485, logLikelihood: -659.435303
[00:12:13] [worker #0] Bootstrap tree #481, logLikelihood: -554.851590
[00:12:15] [worker #2] Bootstrap tree #475, logLikelihood: -695.418543
[00:12:16] [worker #1] Bootstrap tree #482, logLikelihood: -624.563763
[00:12:18] [worker #5] Bootstrap tree #486, logLikelihood: -520.798496
[00:12:18] [worker #6] Bootstrap tree #487, logLikelihood: -694.747543
[00:12:18] [worker #7] Bootstrap tree #496, logLikelihood: -635.840103
[00:12:19] [worker #3] Bootstrap tree #484, logLikelihood: -579.083863
[00:12:21] [worker #4] Bootstrap tree #493, logLikelihood: -543.556920
[00:12:21] [worker #2] Bootstrap tree #483, logLikelihood: -634.985799
[00:12:23] [worker #5] Bootstrap tree #494, logLikelihood: -660.417711
[00:12:23] [worker #1] Bootstrap tree #490, logLikelihood: -534.567478
[00:12:27] [worker #0] Bootstrap tree #489, logLikelihood: -688.072728
[00:12:28] [worker #2] Bootstrap tree #491, logLikelihood: -628.005737
[00:12:29] [worker #3] Bootstrap tree #492, logLikelihood: -750.060435
[00:12:29] [worker #6] Bootstrap tree #495, logLikelihood: -759.975515
[00:12:34] [worker #0] Bootstrap tree #497, logLikelihood: -619.214330
[00:12:35] [worker #2] Bootstrap tree #499, logLikelihood: -681.517247
[00:12:35] [worker #1] Bootstrap tree #498, logLikelihood: -627.119272
[00:12:38] [worker #3] Bootstrap tree #500, logLikelihood: -606.514590
[00:12:43] [worker #3] Bootstrap tree #508, logLikelihood: -643.743316
[00:12:43] [worker #7] Bootstrap tree #504, logLikelihood: -590.971019
[00:12:43] [worker #2] Bootstrap tree #507, logLikelihood: -766.283910
[00:12:45] [worker #1] Bootstrap tree #506, logLikelihood: -705.425891
[00:12:45] [worker #6] Bootstrap tree #503, logLikelihood: -633.650212
[00:12:47] [worker #0] Bootstrap tree #505, logLikelihood: -563.830319
[00:12:47] [worker #4] Bootstrap tree #501, logLikelihood: -638.335980
[00:12:49] [worker #2] Bootstrap tree #515, logLikelihood: -643.669291
[00:12:50] [worker #5] Bootstrap tree #502, logLikelihood: -589.984342
[00:12:53] [worker #7] Bootstrap tree #512, logLikelihood: -581.365128
[00:12:53] [worker #4] Bootstrap tree #509, logLikelihood: -622.007350
[00:12:55] [worker #3] Bootstrap tree #516, logLikelihood: -708.123262
[00:12:56] [worker #0] Bootstrap tree #513, logLikelihood: -702.112904
[00:12:56] [worker #2] Bootstrap tree #523, logLikelihood: -619.324846
[00:12:58] [worker #6] Bootstrap tree #511, logLikelihood: -660.260152
[00:12:58] [worker #5] Bootstrap tree #510, logLikelihood: -562.256461
[00:12:59] [worker #7] Bootstrap tree #520, logLikelihood: -801.250776
[00:12:59] [worker #1] Bootstrap tree #514, logLikelihood: -716.699127
[00:13:04] [worker #4] Bootstrap tree #517, logLikelihood: -636.539244
[00:13:04] [worker #2] Bootstrap tree #531, logLikelihood: -620.702382
[00:13:04] [worker #3] Bootstrap tree #524, logLikelihood: -650.518724
[00:13:09] [worker #1] Bootstrap tree #522, logLikelihood: -558.696366
[00:13:09] [worker #7] Bootstrap tree #528, logLikelihood: -614.140946
[00:13:09] [worker #3] Bootstrap tree #532, logLikelihood: -660.036162
[00:13:10] [worker #0] Bootstrap tree #521, logLikelihood: -707.423866
[00:13:13] [worker #4] Bootstrap tree #525, logLikelihood: -665.813733
[00:13:14] [worker #2] Bootstrap tree #539, logLikelihood: -668.439257
[00:13:14] [worker #6] Bootstrap tree #519, logLikelihood: -680.747356
[00:13:15] [worker #1] Bootstrap tree #530, logLikelihood: -564.069924
[00:13:19] [worker #7] Bootstrap tree #536, logLikelihood: -522.057089
[00:13:19] [worker #5] Bootstrap tree #518, logLikelihood: -668.507747
[00:13:20] [worker #6] Bootstrap tree #527, logLikelihood: -591.403099
[00:13:22] [worker #4] Bootstrap tree #533, logLikelihood: -739.684577
[00:13:22] [worker #2] Bootstrap tree #547, logLikelihood: -757.489438
[00:13:23] [worker #3] Bootstrap tree #540, logLikelihood: -728.330969
[00:13:24] [worker #5] Bootstrap tree #526, logLikelihood: -571.727941
[00:13:25] [worker #7] Bootstrap tree #544, logLikelihood: -700.390847
[00:13:25] [worker #0] Bootstrap tree #529, logLikelihood: -623.584304
[00:13:26] [worker #6] Bootstrap tree #535, logLikelihood: -808.511848
[00:13:27] [worker #4] Bootstrap tree #541, logLikelihood: -527.819707
[00:13:28] [worker #3] Bootstrap tree #548, logLikelihood: -635.450849
[00:13:29] [worker #1] Bootstrap tree #538, logLikelihood: -657.170255
[00:13:33] [worker #6] Bootstrap tree #543, logLikelihood: -505.514750
[00:13:34] [worker #4] Bootstrap tree #549, logLikelihood: -672.813808
[00:13:35] [worker #1] Bootstrap tree #546, logLikelihood: -607.986278
[00:13:37] [worker #5] Bootstrap tree #534, logLikelihood: -728.112422
[00:13:38] [worker #0] Bootstrap tree #537, logLikelihood: -600.356674
[00:13:48] [worker #5] Bootstrap tree #542, logLikelihood: -747.589500
[00:13:49] [worker #0] Bootstrap tree #545, logLikelihood: -602.009533
[00:13:54] [worker #5] Bootstrap tree #550, logLikelihood: -628.737239
[00:13:59] [worker #7] Bootstrap tree #552, logLikelihood: -618.052690
[00:13:59] [worker #3] Bootstrap tree #556, logLikelihood: -605.724240
[00:14:00] [worker #4] Bootstrap tree #557, logLikelihood: -677.443160
[00:14:00] [worker #6] Bootstrap tree #551, logLikelihood: -661.927048
[00:14:01] [worker #5] Bootstrap tree #558, logLikelihood: -688.015120
[00:14:01] [worker #2] Bootstrap tree #555, logLikelihood: -674.159594
[00:14:04] [worker #1] Bootstrap tree #554, logLikelihood: -724.933270
[00:14:05] [worker #7] Bootstrap tree #560, logLikelihood: -551.344238
[00:14:06] [worker #4] Bootstrap tree #565, logLikelihood: -598.712506
[00:14:06] [worker #0] Bootstrap tree #553, logLikelihood: -681.124919
[00:14:07] [worker #6] Bootstrap tree #559, logLikelihood: -709.525496
[00:14:07] [worker #2] Bootstrap tree #563, logLikelihood: -591.099108
[00:14:08] [worker #3] Bootstrap tree #564, logLikelihood: -690.939297
[00:14:09] [worker #5] Bootstrap tree #566, logLikelihood: -613.988222
[00:14:13] [worker #1] Bootstrap tree #562, logLikelihood: -648.815658
[00:14:14] [worker #7] Bootstrap tree #568, logLikelihood: -563.624868
[00:14:14] [worker #3] Bootstrap tree #572, logLikelihood: -609.970875
[00:14:14] [worker #2] Bootstrap tree #571, logLikelihood: -730.806836
[00:14:15] [worker #4] Bootstrap tree #573, logLikelihood: -604.789339
[00:14:15] [worker #6] Bootstrap tree #567, logLikelihood: -640.680862
[00:14:17] [worker #5] Bootstrap tree #574, logLikelihood: -720.973145
[00:14:17] [worker #0] Bootstrap tree #561, logLikelihood: -633.785300
[00:14:20] [worker #1] Bootstrap tree #570, logLikelihood: -602.762389
[00:14:21] [worker #4] Bootstrap tree #581, logLikelihood: -671.894222
[00:14:22] [worker #7] Bootstrap tree #576, logLikelihood: -772.402972
[00:14:24] [worker #5] Bootstrap tree #582, logLikelihood: -626.434850
[00:14:25] [worker #0] Bootstrap tree #569, logLikelihood: -641.693253
[00:14:26] [worker #2] Bootstrap tree #579, logLikelihood: -629.274331
[00:14:26] [worker #6] Bootstrap tree #575, logLikelihood: -698.047291
[00:14:27] [worker #4] Bootstrap tree #589, logLikelihood: -563.126363
[00:14:29] [worker #3] Bootstrap tree #580, logLikelihood: -596.008525
[00:14:30] [worker #5] Bootstrap tree #590, logLikelihood: -648.629435
[00:14:30] [worker #1] Bootstrap tree #578, logLikelihood: -617.759625
[00:14:32] [worker #7] Bootstrap tree #584, logLikelihood: -661.564935
[00:14:33] [worker #4] Bootstrap tree #597, logLikelihood: -642.322691
[00:14:36] [worker #2] Bootstrap tree #587, logLikelihood: -635.892333
[00:14:36] [worker #6] Bootstrap tree #583, logLikelihood: -656.833179
[00:14:36] [worker #5] Bootstrap tree #598, logLikelihood: -779.207826
[00:14:38] [worker #3] Bootstrap tree #588, logLikelihood: -674.140653
[00:14:41] [worker #1] Bootstrap tree #586, logLikelihood: -588.307105
[00:14:44] [worker #7] Bootstrap tree #592, logLikelihood: -636.746136
[00:14:45] [worker #2] Bootstrap tree #595, logLikelihood: -642.508633
[00:14:45] [worker #3] Bootstrap tree #596, logLikelihood: -699.064579
[00:14:46] [worker #0] Bootstrap tree #577, logLikelihood: -692.809746
[00:14:48] [worker #6] Bootstrap tree #591, logLikelihood: -583.037142
[00:14:48] [worker #1] Bootstrap tree #594, logLikelihood: -581.509314
[00:14:53] [worker #6] Bootstrap tree #599, logLikelihood: -571.119521
[00:14:54] [worker #7] Bootstrap tree #600, logLikelihood: -694.295870
[00:14:56] [worker #0] Bootstrap tree #585, logLikelihood: -612.972117
[00:15:02] [worker #0] Bootstrap tree #593, logLikelihood: -640.158057
[00:15:07] [worker #2] Bootstrap tree #603, logLikelihood: -634.457429
[00:15:08] [worker #7] Bootstrap tree #608, logLikelihood: -673.390732
[00:15:09] [worker #4] Bootstrap tree #605, logLikelihood: -560.250098
[00:15:09] [worker #3] Bootstrap tree #604, logLikelihood: -694.918780
[00:15:11] [worker #1] Bootstrap tree #602, logLikelihood: -715.399384
[00:15:12] [worker #6] Bootstrap tree #607, logLikelihood: -591.105974
[00:15:12] [worker #5] Bootstrap tree #606, logLikelihood: -734.351780
[00:15:15] [worker #4] Bootstrap tree #613, logLikelihood: -688.251963
[00:15:15] [worker #2] Bootstrap tree #611, logLikelihood: -662.667193
[00:15:16] [worker #3] Bootstrap tree #612, logLikelihood: -711.696549
[00:15:17] [worker #7] Bootstrap tree #616, logLikelihood: -677.316641
[00:15:18] [worker #1] Bootstrap tree #610, logLikelihood: -692.803014
[00:15:18] [worker #6] Bootstrap tree #615, logLikelihood: -682.592843
[00:15:22] [worker #4] Bootstrap tree #621, logLikelihood: -643.513647
[00:15:22] [worker #2] Bootstrap tree #619, logLikelihood: -582.268817
[00:15:23] [worker #3] Bootstrap tree #620, logLikelihood: -647.128417
[00:15:24] [worker #1] Bootstrap tree #618, logLikelihood: -667.786942
[00:15:24] [worker #0] Bootstrap tree #601, logLikelihood: -708.322333
[00:15:25] [worker #6] Bootstrap tree #623, logLikelihood: -511.077882
[00:15:26] [worker #5] Bootstrap tree #614, logLikelihood: -682.623864
[00:15:28] [worker #2] Bootstrap tree #627, logLikelihood: -676.042907
[00:15:28] [worker #3] Bootstrap tree #628, logLikelihood: -721.418609
[00:15:29] [worker #1] Bootstrap tree #626, logLikelihood: -637.119134
[00:15:30] [worker #4] Bootstrap tree #629, logLikelihood: -608.355956
[00:15:34] [worker #2] Bootstrap tree #635, logLikelihood: -582.497815
[00:15:34] [worker #3] Bootstrap tree #636, logLikelihood: -662.220430
[00:15:34] [worker #5] Bootstrap tree #622, logLikelihood: -628.243824
[00:15:34] [worker #7] Bootstrap tree #624, logLikelihood: -772.884318
[00:15:36] [worker #1] Bootstrap tree #634, logLikelihood: -681.605781
[00:15:36] [worker #0] Bootstrap tree #609, logLikelihood: -604.019007
[00:15:38] [worker #6] Bootstrap tree #631, logLikelihood: -604.913854
[00:15:41] [worker #2] Bootstrap tree #643, logLikelihood: -673.259736
[00:15:42] [worker #5] Bootstrap tree #630, logLikelihood: -637.596906
[00:15:43] [worker #3] Bootstrap tree #644, logLikelihood: -738.529162
[00:15:45] [worker #1] Bootstrap tree #642, logLikelihood: -705.333181
[00:15:47] [worker #6] Bootstrap tree #639, logLikelihood: -683.824085
[00:15:47] [worker #7] Bootstrap tree #632, logLikelihood: -625.919684
[00:15:47] [worker #5] Bootstrap tree #638, logLikelihood: -680.254769
[00:15:51] [worker #0] Bootstrap tree #617, logLikelihood: -671.969510
[00:15:52] [worker #6] Bootstrap tree #647, logLikelihood: -715.013538
[00:15:53] [worker #4] Bootstrap tree #637, logLikelihood: -625.905465
[00:15:54] [worker #7] Bootstrap tree #640, logLikelihood: -626.346770
[00:15:57] [worker #5] Bootstrap tree #646, logLikelihood: -675.267666
[00:16:03] [worker #7] Bootstrap tree #648, logLikelihood: -599.808810
[00:16:05] [worker #1] Bootstrap tree #650, logLikelihood: -813.099819
[00:16:05] [worker #0] Bootstrap tree #625, logLikelihood: -681.712242
[00:16:10] [worker #4] Bootstrap tree #645, logLikelihood: -677.455583
[00:16:15] [worker #0] Bootstrap tree #633, logLikelihood: -681.139919
[00:16:21] [worker #0] Bootstrap tree #641, logLikelihood: -589.651229
[00:16:26] [worker #0] Bootstrap tree #649, logLikelihood: -682.556259
[00:16:32] [worker #2] Bootstrap tree #651, logLikelihood: -693.146909
[00:16:32] [worker #4] Bootstrap tree #653, logLikelihood: -717.456021
[00:16:32] [worker #5] Bootstrap tree #654, logLikelihood: -589.302005
[00:16:34] [worker #1] Bootstrap tree #658, logLikelihood: -632.883206
[00:16:35] [worker #6] Bootstrap tree #655, logLikelihood: -520.186234
[00:16:35] [worker #3] Bootstrap tree #652, logLikelihood: -635.600389
[00:16:36] [worker #0] Bootstrap tree #657, logLikelihood: -621.114713
[00:16:38] [worker #2] Bootstrap tree #659, logLikelihood: -607.764616
[00:16:39] [worker #7] Bootstrap tree #656, logLikelihood: -662.674374
[00:16:40] [worker #5] Bootstrap tree #662, logLikelihood: -605.681244
[00:16:41] [worker #3] Bootstrap tree #660, logLikelihood: -648.746113
[00:16:42] [worker #1] Bootstrap tree #666, logLikelihood: -833.048015
[00:16:43] [worker #4] Bootstrap tree #661, logLikelihood: -728.703618
[00:16:45] [worker #5] Bootstrap tree #670, logLikelihood: -550.735172
[00:16:46] [worker #6] Bootstrap tree #663, logLikelihood: -691.711113
[00:16:47] [worker #3] Bootstrap tree #668, logLikelihood: -670.212346
[00:16:47] [worker #1] Bootstrap tree #674, logLikelihood: -623.814512
[00:16:48] [worker #7] Bootstrap tree #664, logLikelihood: -689.938981
[00:16:51] [worker #0] Bootstrap tree #665, logLikelihood: -685.146649
[00:16:53] [worker #3] Bootstrap tree #676, logLikelihood: -655.715302
[00:16:53] [worker #5] Bootstrap tree #678, logLikelihood: -589.433821
[00:16:54] [worker #2] Bootstrap tree #667, logLikelihood: -603.578840
[00:16:54] [worker #6] Bootstrap tree #671, logLikelihood: -666.113927
[00:16:55] [worker #7] Bootstrap tree #672, logLikelihood: -576.816946
[00:16:56] [worker #1] Bootstrap tree #682, logLikelihood: -661.079027
[00:16:58] [worker #4] Bootstrap tree #669, logLikelihood: -685.508581
[00:17:00] [worker #3] Bootstrap tree #684, logLikelihood: -680.008559
[00:17:01] [worker #7] Bootstrap tree #680, logLikelihood: -684.666019
[00:17:02] [worker #2] Bootstrap tree #675, logLikelihood: -654.423027
[00:17:03] [worker #6] Bootstrap tree #679, logLikelihood: -609.248355
[00:17:06] [worker #5] Bootstrap tree #686, logLikelihood: -658.655497
[00:17:07] [worker #7] Bootstrap tree #688, logLikelihood: -594.900775
[00:17:08] [worker #3] Bootstrap tree #692, logLikelihood: -570.323300
[00:17:09] [worker #4] Bootstrap tree #677, logLikelihood: -682.380612
[00:17:09] [worker #2] Bootstrap tree #683, logLikelihood: -631.441254
[00:17:09] [worker #1] Bootstrap tree #690, logLikelihood: -664.182889
[00:17:09] [worker #0] Bootstrap tree #673, logLikelihood: -562.329682
[00:17:11] [worker #5] Bootstrap tree #694, logLikelihood: -548.980847
[00:17:14] [worker #7] Bootstrap tree #696, logLikelihood: -672.852749
[00:17:14] [worker #6] Bootstrap tree #687, logLikelihood: -682.486484
[00:17:19] [worker #2] Bootstrap tree #691, logLikelihood: -658.269829
[00:17:20] [worker #4] Bootstrap tree #685, logLikelihood: -644.792944
[00:17:20] [worker #1] Bootstrap tree #698, logLikelihood: -640.160940
[00:17:21] [worker #3] Bootstrap tree #700, logLikelihood: -656.479714
[00:17:21] [worker #6] Bootstrap tree #695, logLikelihood: -656.831927
[00:17:23] [worker #0] Bootstrap tree #681, logLikelihood: -716.694583
[00:17:25] [worker #4] Bootstrap tree #693, logLikelihood: -569.112389
[00:17:26] [worker #2] Bootstrap tree #699, logLikelihood: -601.959365
[00:17:32] [worker #0] Bootstrap tree #689, logLikelihood: -728.534512
[00:17:42] [worker #0] Bootstrap tree #697, logLikelihood: -672.804288
[00:17:48] [worker #7] Bootstrap tree #704, logLikelihood: -573.783668
[00:17:48] [worker #4] Bootstrap tree #701, logLikelihood: -716.675161
[00:17:49] [worker #1] Bootstrap tree #706, logLikelihood: -643.959201
[00:17:49] [worker #5] Bootstrap tree #702, logLikelihood: -615.100105
[00:17:50] [worker #2] Bootstrap tree #707, logLikelihood: -736.182563
[00:17:51] [worker #3] Bootstrap tree #708, logLikelihood: -670.102083
[00:17:54] [worker #0] Bootstrap tree #705, logLikelihood: -634.128909
[00:17:55] [worker #5] Bootstrap tree #710, logLikelihood: -593.172007
[00:17:56] [worker #1] Bootstrap tree #714, logLikelihood: -821.585124
[00:17:57] [worker #6] Bootstrap tree #703, logLikelihood: -732.705962
[00:17:59] [worker #7] Bootstrap tree #712, logLikelihood: -736.139871
[00:17:59] [worker #4] Bootstrap tree #709, logLikelihood: -620.078780
[00:18:00] [worker #2] Bootstrap tree #715, logLikelihood: -620.769359
[00:18:01] [worker #3] Bootstrap tree #716, logLikelihood: -572.683238
[00:18:05] [worker #0] Bootstrap tree #713, logLikelihood: -659.574437
[00:18:05] [worker #5] Bootstrap tree #718, logLikelihood: -654.913754
[00:18:05] [worker #1] Bootstrap tree #722, logLikelihood: -674.881596
[00:18:06] [worker #7] Bootstrap tree #720, logLikelihood: -715.656768
[00:18:07] [worker #6] Bootstrap tree #711, logLikelihood: -612.098936
[00:18:07] [worker #3] Bootstrap tree #724, logLikelihood: -738.831488
[00:18:07] [worker #2] Bootstrap tree #723, logLikelihood: -654.909725
[00:18:09] [worker #4] Bootstrap tree #717, logLikelihood: -595.522536
[00:18:10] [worker #1] Bootstrap tree #730, logLikelihood: -695.333457
[00:18:12] [worker #2] Bootstrap tree #731, logLikelihood: -613.280108
[00:18:13] [worker #5] Bootstrap tree #726, logLikelihood: -622.887197
[00:18:14] [worker #6] Bootstrap tree #719, logLikelihood: -690.768609
[00:18:17] [worker #7] Bootstrap tree #728, logLikelihood: -677.416884
[00:18:18] [worker #1] Bootstrap tree #738, logLikelihood: -607.220853
[00:18:18] [worker #4] Bootstrap tree #725, logLikelihood: -628.873960
[00:18:19] [worker #0] Bootstrap tree #721, logLikelihood: -717.063072
[00:18:19] [worker #3] Bootstrap tree #732, logLikelihood: -675.394804
[00:18:20] [worker #2] Bootstrap tree #739, logLikelihood: -684.694516
[00:18:23] [worker #5] Bootstrap tree #734, logLikelihood: -560.760835
[00:18:24] [worker #1] Bootstrap tree #746, logLikelihood: -631.993900
[00:18:25] [worker #3] Bootstrap tree #740, logLikelihood: -659.598537
[00:18:25] [worker #6] Bootstrap tree #727, logLikelihood: -665.425451
[00:18:26] [worker #7] Bootstrap tree #736, logLikelihood: -661.242665
[00:18:29] [worker #4] Bootstrap tree #733, logLikelihood: -694.627493
[00:18:30] [worker #2] Bootstrap tree #747, logLikelihood: -622.382969
[00:18:31] [worker #5] Bootstrap tree #742, logLikelihood: -645.664625
[00:18:33] [worker #7] Bootstrap tree #744, logLikelihood: -663.982313
[00:18:35] [worker #6] Bootstrap tree #735, logLikelihood: -690.349680
[00:18:35] [worker #0] Bootstrap tree #729, logLikelihood: -612.667249
[00:18:38] [worker #3] Bootstrap tree #748, logLikelihood: -666.129837
[00:18:38] [worker #4] Bootstrap tree #741, logLikelihood: -679.687012
[00:18:42] [worker #5] Bootstrap tree #750, logLikelihood: -691.548266
[00:18:42] [worker #6] Bootstrap tree #743, logLikelihood: -702.443190
[00:18:44] [worker #0] Bootstrap tree #737, logLikelihood: -661.702640
[00:18:44] [worker #4] Bootstrap tree #749, logLikelihood: -614.402207
[00:18:50] [worker #0] Bootstrap tree #745, logLikelihood: -602.847460
[00:18:56] [worker #2] Bootstrap tree #755, logLikelihood: -609.853698
[00:18:56] [worker #6] Bootstrap tree #751, logLikelihood: -664.187933
[00:18:56] [worker #7] Bootstrap tree #752, logLikelihood: -606.027017
[00:18:57] [worker #1] Bootstrap tree #754, logLikelihood: -691.099773
[00:19:02] [worker #7] Bootstrap tree #760, logLikelihood: -590.461599
[00:19:02] [worker #6] Bootstrap tree #759, logLikelihood: -556.702104
[00:19:03] [worker #3] Bootstrap tree #756, logLikelihood: -702.856272
[00:19:03] [worker #5] Bootstrap tree #758, logLikelihood: -623.289157
[00:19:03] [worker #2] Bootstrap tree #763, logLikelihood: -535.913961
[00:19:07] [worker #7] Bootstrap tree #768, logLikelihood: -619.996717
[00:19:07] [worker #0] Bootstrap tree #753, logLikelihood: -650.177915
[00:19:07] [worker #4] Bootstrap tree #757, logLikelihood: -597.626912
[00:19:10] [worker #1] Bootstrap tree #762, logLikelihood: -770.681300
[00:19:11] [worker #6] Bootstrap tree #767, logLikelihood: -532.138324
[00:19:11] [worker #3] Bootstrap tree #764, logLikelihood: -663.387583
[00:19:14] [worker #2] Bootstrap tree #771, logLikelihood: -701.183185
[00:19:14] [worker #5] Bootstrap tree #766, logLikelihood: -883.244146
[00:19:16] [worker #6] Bootstrap tree #775, logLikelihood: -578.166011
[00:19:16] [worker #1] Bootstrap tree #770, logLikelihood: -713.933149
[00:19:16] [worker #7] Bootstrap tree #776, logLikelihood: -632.902778
[00:19:18] [worker #3] Bootstrap tree #772, logLikelihood: -640.240709
[00:19:20] [worker #5] Bootstrap tree #774, logLikelihood: -694.149821
[00:19:21] [worker #2] Bootstrap tree #779, logLikelihood: -595.908879
[00:19:21] [worker #0] Bootstrap tree #761, logLikelihood: -673.015603
[00:19:22] [worker #6] Bootstrap tree #783, logLikelihood: -709.513268
[00:19:24] [worker #1] Bootstrap tree #778, logLikelihood: -659.098302
[00:19:24] [worker #4] Bootstrap tree #765, logLikelihood: -583.878125
[00:19:26] [worker #5] Bootstrap tree #782, logLikelihood: -714.213131
[00:19:26] [worker #2] Bootstrap tree #787, logLikelihood: -640.821130
[00:19:29] [worker #7] Bootstrap tree #784, logLikelihood: -639.389422
[00:19:30] [worker #3] Bootstrap tree #780, logLikelihood: -700.564956
[00:19:31] [worker #1] Bootstrap tree #786, logLikelihood: -780.658454
[00:19:32] [worker #5] Bootstrap tree #790, logLikelihood: -658.153474
[00:19:32] [worker #0] Bootstrap tree #769, logLikelihood: -679.306692
[00:19:34] [worker #6] Bootstrap tree #791, logLikelihood: -649.951460
[00:19:34] [worker #4] Bootstrap tree #773, logLikelihood: -724.111962
[00:19:34] [worker #7] Bootstrap tree #792, logLikelihood: -607.451244
[00:19:34] [worker #2] Bootstrap tree #795, logLikelihood: -572.160585
[00:19:38] [worker #5] Bootstrap tree #798, logLikelihood: -599.878161
[00:19:39] [worker #6] Bootstrap tree #799, logLikelihood: -573.573806
[00:19:41] [worker #3] Bootstrap tree #788, logLikelihood: -728.808827
[00:19:41] [worker #7] Bootstrap tree #800, logLikelihood: -639.462573
[00:19:42] [worker #0] Bootstrap tree #777, logLikelihood: -661.414217
[00:19:44] [worker #1] Bootstrap tree #794, logLikelihood: -646.587389
[00:19:45] [worker #4] Bootstrap tree #781, logLikelihood: -748.515146
[00:19:53] [worker #3] Bootstrap tree #796, logLikelihood: -623.442001
[00:19:53] [worker #4] Bootstrap tree #789, logLikelihood: -663.681109
[00:20:00] [worker #0] Bootstrap tree #785, logLikelihood: -754.310963
[00:20:00] [worker #4] Bootstrap tree #797, logLikelihood: -711.893317
[00:20:05] [worker #0] Bootstrap tree #793, logLikelihood: -632.055161
[00:20:10] [worker #5] Bootstrap tree #806, logLikelihood: -668.115457
[00:20:12] [worker #1] Bootstrap tree #802, logLikelihood: -618.161219
[00:20:13] [worker #7] Bootstrap tree #808, logLikelihood: -700.547900
[00:20:14] [worker #3] Bootstrap tree #804, logLikelihood: -582.852854
[00:20:15] [worker #2] Bootstrap tree #803, logLikelihood: -630.311781
[00:20:15] [worker #6] Bootstrap tree #807, logLikelihood: -665.587623
[00:20:16] [worker #4] Bootstrap tree #805, logLikelihood: -694.750151
[00:20:16] [worker #0] Bootstrap tree #801, logLikelihood: -627.996371
[00:20:19] [worker #1] Bootstrap tree #810, logLikelihood: -628.194530
[00:20:19] [worker #3] Bootstrap tree #812, logLikelihood: -621.988811
[00:20:20] [worker #4] Bootstrap tree #813, logLikelihood: -625.415177
[00:20:20] [worker #5] Bootstrap tree #814, logLikelihood: -687.490973
[00:20:23] [worker #6] Bootstrap tree #815, logLikelihood: -621.373244
[00:20:24] [worker #2] Bootstrap tree #811, logLikelihood: -638.501726
[00:20:25] [worker #7] Bootstrap tree #816, logLikelihood: -625.450479
[00:20:26] [worker #4] Bootstrap tree #821, logLikelihood: -733.822898
[00:20:29] [worker #3] Bootstrap tree #820, logLikelihood: -658.087553
[00:20:29] [worker #1] Bootstrap tree #818, logLikelihood: -734.621715
[00:20:30] [worker #6] Bootstrap tree #823, logLikelihood: -603.674304
[00:20:30] [worker #7] Bootstrap tree #824, logLikelihood: -687.355016
[00:20:31] [worker #2] Bootstrap tree #819, logLikelihood: -746.038600
[00:20:32] [worker #0] Bootstrap tree #809, logLikelihood: -755.492433
[00:20:35] [worker #4] Bootstrap tree #829, logLikelihood: -708.230849
[00:20:36] [worker #1] Bootstrap tree #826, logLikelihood: -646.323898
[00:20:36] [worker #5] Bootstrap tree #822, logLikelihood: -681.574259
[00:20:37] [worker #7] Bootstrap tree #832, logLikelihood: -602.349147
[00:20:37] [worker #3] Bootstrap tree #828, logLikelihood: -608.474983
[00:20:42] [worker #2] Bootstrap tree #827, logLikelihood: -557.010590
[00:20:42] [worker #6] Bootstrap tree #831, logLikelihood: -667.062579
[00:20:43] [worker #5] Bootstrap tree #830, logLikelihood: -763.703658
[00:20:43] [worker #7] Bootstrap tree #840, logLikelihood: -562.564993
[00:20:44] [worker #1] Bootstrap tree #834, logLikelihood: -572.971195
[00:20:45] [worker #0] Bootstrap tree #817, logLikelihood: -570.393550
[00:20:47] [worker #4] Bootstrap tree #837, logLikelihood: -745.460672
[00:20:47] [worker #3] Bootstrap tree #836, logLikelihood: -643.839261
[00:20:51] [worker #7] Bootstrap tree #848, logLikelihood: -719.351704
[00:20:51] [worker #1] Bootstrap tree #842, logLikelihood: -624.151727
[00:20:54] [worker #5] Bootstrap tree #838, logLikelihood: -737.713856
[00:20:54] [worker #3] Bootstrap tree #844, logLikelihood: -612.034715
[00:20:55] [worker #4] Bootstrap tree #845, logLikelihood: -739.172218
[00:20:55] [worker #2] Bootstrap tree #835, logLikelihood: -704.717793
[00:20:56] [worker #6] Bootstrap tree #839, logLikelihood: -575.130632
[00:20:57] [worker #1] Bootstrap tree #850, logLikelihood: -617.251657
[00:21:00] [worker #0] Bootstrap tree #825, logLikelihood: -731.327704
[00:21:00] [worker #6] Bootstrap tree #847, logLikelihood: -522.634915
[00:21:03] [worker #5] Bootstrap tree #846, logLikelihood: -624.993078
[00:21:04] [worker #2] Bootstrap tree #843, logLikelihood: -638.973840
[00:21:07] [worker #0] Bootstrap tree #833, logLikelihood: -635.241953
[00:21:12] [worker #0] Bootstrap tree #841, logLikelihood: -579.546649
[00:21:19] [worker #0] Bootstrap tree #849, logLikelihood: -747.674971
[00:21:25] [worker #1] Bootstrap tree #858, logLikelihood: -681.185770
[00:21:25] [worker #7] Bootstrap tree #856, logLikelihood: -726.492269
[00:21:28] [worker #5] Bootstrap tree #854, logLikelihood: -628.712260
[00:21:29] [worker #6] Bootstrap tree #855, logLikelihood: -663.376227
[00:21:30] [worker #3] Bootstrap tree #852, logLikelihood: -587.098915
[00:21:31] [worker #2] Bootstrap tree #851, logLikelihood: -649.146795
[00:21:33] [worker #4] Bootstrap tree #853, logLikelihood: -623.175402
[00:21:34] [worker #0] Bootstrap tree #857, logLikelihood: -583.498207
[00:21:35] [worker #6] Bootstrap tree #863, logLikelihood: -574.560097
[00:21:36] [worker #7] Bootstrap tree #864, logLikelihood: -601.719159
[00:21:36] [worker #1] Bootstrap tree #866, logLikelihood: -676.152985
[00:21:37] [worker #5] Bootstrap tree #862, logLikelihood: -657.867648
[00:21:38] [worker #2] Bootstrap tree #859, logLikelihood: -626.521854
[00:21:40] [worker #3] Bootstrap tree #860, logLikelihood: -657.119669
[00:21:40] [worker #4] Bootstrap tree #861, logLikelihood: -595.540893
[00:21:43] [worker #6] Bootstrap tree #871, logLikelihood: -628.780436
[00:21:44] [worker #0] Bootstrap tree #865, logLikelihood: -688.197753
[00:21:44] [worker #1] Bootstrap tree #874, logLikelihood: -626.836164
[00:21:48] [worker #7] Bootstrap tree #872, logLikelihood: -689.104223
[00:21:48] [worker #5] Bootstrap tree #870, logLikelihood: -606.210465
[00:21:48] [worker #3] Bootstrap tree #868, logLikelihood: -755.373861
[00:21:49] [worker #2] Bootstrap tree #867, logLikelihood: -692.012757
[00:21:49] [worker #4] Bootstrap tree #869, logLikelihood: -641.244924
[00:21:51] [worker #6] Bootstrap tree #879, logLikelihood: -711.388376
[00:21:52] [worker #1] Bootstrap tree #882, logLikelihood: -627.538466
[00:21:53] [worker #5] Bootstrap tree #878, logLikelihood: -679.258389
[00:21:53] [worker #0] Bootstrap tree #873, logLikelihood: -693.116649
[00:21:54] [worker #7] Bootstrap tree #880, logLikelihood: -613.263053
[00:21:56] [worker #2] Bootstrap tree #875, logLikelihood: -589.174216
[00:21:56] [worker #3] Bootstrap tree #876, logLikelihood: -547.828912
[00:21:57] [worker #6] Bootstrap tree #887, logLikelihood: -679.482182
[00:21:59] [worker #4] Bootstrap tree #877, logLikelihood: -691.120314
[00:21:59] [worker #5] Bootstrap tree #886, logLikelihood: -670.723780
[00:22:00] [worker #1] Bootstrap tree #890, logLikelihood: -627.850324
[00:22:03] [worker #6] Bootstrap tree #895, logLikelihood: -757.863249
[00:22:05] [worker #7] Bootstrap tree #888, logLikelihood: -761.491410
[00:22:05] [worker #5] Bootstrap tree #894, logLikelihood: -555.633377
[00:22:06] [worker #0] Bootstrap tree #881, logLikelihood: -606.650086
[00:22:06] [worker #4] Bootstrap tree #885, logLikelihood: -672.868590
[00:22:06] [worker #2] Bootstrap tree #883, logLikelihood: -700.439013
[00:22:07] [worker #3] Bootstrap tree #884, logLikelihood: -624.631264
[00:22:09] [worker #1] Bootstrap tree #898, logLikelihood: -778.826730
[00:22:11] [worker #7] Bootstrap tree #896, logLikelihood: -654.089786
[00:22:12] [worker #2] Bootstrap tree #891, logLikelihood: -588.576710
[00:22:13] [worker #4] Bootstrap tree #893, logLikelihood: -755.426907
[00:22:15] [worker #3] Bootstrap tree #892, logLikelihood: -803.567847
[00:22:21] [worker #2] Bootstrap tree #899, logLikelihood: -722.877501
[00:22:24] [worker #3] Bootstrap tree #900, logLikelihood: -664.404306
[00:22:26] [worker #0] Bootstrap tree #889, logLikelihood: -673.450588
[00:22:35] [worker #0] Bootstrap tree #897, logLikelihood: -689.231085
[00:22:41] [worker #6] Bootstrap tree #903, logLikelihood: -529.736036
[00:22:42] [worker #3] Bootstrap tree #908, logLikelihood: -709.005444
[00:22:43] [worker #2] Bootstrap tree #907, logLikelihood: -631.149987
[00:22:43] [worker #1] Bootstrap tree #906, logLikelihood: -647.828911
[00:22:44] [worker #0] Bootstrap tree #905, logLikelihood: -790.451911
[00:22:44] [worker #7] Bootstrap tree #904, logLikelihood: -587.754688
[00:22:45] [worker #5] Bootstrap tree #902, logLikelihood: -670.306733
[00:22:46] [worker #4] Bootstrap tree #901, logLikelihood: -691.455917
[00:22:47] [worker #3] Bootstrap tree #916, logLikelihood: -567.409091
[00:22:49] [worker #7] Bootstrap tree #912, logLikelihood: -654.802731
[00:22:52] [worker #6] Bootstrap tree #911, logLikelihood: -640.971156
[00:22:53] [worker #1] Bootstrap tree #914, logLikelihood: -683.472824
[00:22:53] [worker #4] Bootstrap tree #909, logLikelihood: -553.524088
[00:22:53] [worker #3] Bootstrap tree #924, logLikelihood: -654.424035
[00:22:54] [worker #0] Bootstrap tree #913, logLikelihood: -686.580284
[00:22:56] [worker #7] Bootstrap tree #920, logLikelihood: -736.171802
[00:22:57] [worker #5] Bootstrap tree #910, logLikelihood: -560.927008
[00:22:58] [worker #4] Bootstrap tree #917, logLikelihood: -715.446152
[00:22:59] [worker #3] Bootstrap tree #932, logLikelihood: -715.631054
[00:23:00] [worker #2] Bootstrap tree #915, logLikelihood: -683.969576
[00:23:01] [worker #1] Bootstrap tree #922, logLikelihood: -547.077157
[00:23:01] [worker #6] Bootstrap tree #919, logLikelihood: -644.326513
[00:23:04] [worker #7] Bootstrap tree #928, logLikelihood: -554.795067
[00:23:05] [worker #5] Bootstrap tree #918, logLikelihood: -529.187586
[00:23:05] [worker #0] Bootstrap tree #921, logLikelihood: -624.849837
[00:23:06] [worker #1] Bootstrap tree #930, logLikelihood: -617.121229
[00:23:07] [worker #6] Bootstrap tree #927, logLikelihood: -643.583249
[00:23:08] [worker #4] Bootstrap tree #925, logLikelihood: -635.583534
[00:23:10] [worker #7] Bootstrap tree #936, logLikelihood: -762.429008
[00:23:10] [worker #3] Bootstrap tree #940, logLikelihood: -526.992871
[00:23:11] [worker #2] Bootstrap tree #923, logLikelihood: -716.024279
[00:23:14] [worker #1] Bootstrap tree #938, logLikelihood: -557.571928
[00:23:14] [worker #6] Bootstrap tree #935, logLikelihood: -568.931734
[00:23:14] [worker #4] Bootstrap tree #933, logLikelihood: -634.539599
[00:23:18] [worker #7] Bootstrap tree #944, logLikelihood: -585.338787
[00:23:19] [worker #3] Bootstrap tree #948, logLikelihood: -575.560067
[00:23:19] [worker #5] Bootstrap tree #926, logLikelihood: -678.306673
[00:23:21] [worker #0] Bootstrap tree #929, logLikelihood: -578.335542
[00:23:23] [worker #1] Bootstrap tree #946, logLikelihood: -671.153566
[00:23:24] [worker #6] Bootstrap tree #943, logLikelihood: -579.123200
[00:23:25] [worker #5] Bootstrap tree #934, logLikelihood: -581.525193
[00:23:26] [worker #4] Bootstrap tree #941, logLikelihood: -589.562934
[00:23:29] [worker #2] Bootstrap tree #931, logLikelihood: -654.210102
[00:23:31] [worker #0] Bootstrap tree #937, logLikelihood: -644.777764
[00:23:32] [worker #5] Bootstrap tree #942, logLikelihood: -580.424804
[00:23:35] [worker #2] Bootstrap tree #939, logLikelihood: -663.636991
[00:23:35] [worker #4] Bootstrap tree #949, logLikelihood: -796.623050
[00:23:41] [worker #0] Bootstrap tree #945, logLikelihood: -671.463647
[00:23:42] [worker #2] Bootstrap tree #947, logLikelihood: -700.149523
[00:23:44] [worker #5] Bootstrap tree #950, logLikelihood: -602.270762
[00:23:49] [worker #4] Bootstrap tree #957, logLikelihood: -611.639910
[00:23:50] [worker #2] Bootstrap tree #955, logLikelihood: -563.055788
[00:23:51] [worker #1] Bootstrap tree #954, logLikelihood: -762.205189
[00:23:51] [worker #5] Bootstrap tree #958, logLikelihood: -570.798558
[00:23:53] [worker #7] Bootstrap tree #952, logLikelihood: -614.617249
[00:23:53] [worker #3] Bootstrap tree #956, logLikelihood: -562.160417
[00:23:54] [worker #0] Bootstrap tree #953, logLikelihood: -738.722826
[00:23:55] [worker #6] Bootstrap tree #951, logLikelihood: -733.551627
[00:23:58] [worker #2] Bootstrap tree #963, logLikelihood: -715.986161
[00:23:59] [worker #4] Bootstrap tree #965, logLikelihood: -533.674651
[00:24:00] [worker #1] Bootstrap tree #962, logLikelihood: -597.481972
[00:24:01] [worker #7] Bootstrap tree #960, logLikelihood: -644.066318
[00:24:02] [worker #5] Bootstrap tree #966, logLikelihood: -623.604940
[00:24:06] [worker #4] Bootstrap tree #973, logLikelihood: -755.836709
[00:24:07] [worker #0] Bootstrap tree #961, logLikelihood: -578.550743
[00:24:09] [worker #3] Bootstrap tree #964, logLikelihood: -727.925588
[00:24:09] [worker #1] Bootstrap tree #970, logLikelihood: -651.907975
[00:24:09] [worker #7] Bootstrap tree #968, logLikelihood: -730.682328
[00:24:10] [worker #6] Bootstrap tree #959, logLikelihood: -723.611971
[00:24:14] [worker #4] Bootstrap tree #981, logLikelihood: -573.346229
[00:24:15] [worker #3] Bootstrap tree #972, logLikelihood: -588.310000
[00:24:15] [worker #2] Bootstrap tree #971, logLikelihood: -688.085666
[00:24:16] [worker #6] Bootstrap tree #967, logLikelihood: -649.559131
[00:24:16] [worker #5] Bootstrap tree #974, logLikelihood: -662.213603
[00:24:17] [worker #7] Bootstrap tree #976, logLikelihood: -591.193167
[00:24:20] [worker #4] Bootstrap tree #989, logLikelihood: -729.989209
[00:24:21] [worker #2] Bootstrap tree #979, logLikelihood: -652.473764
[00:24:21] [worker #1] Bootstrap tree #978, logLikelihood: -600.107707
[00:24:21] [worker #3] Bootstrap tree #980, logLikelihood: -624.569585
[00:24:23] [worker #7] Bootstrap tree #984, logLikelihood: -650.194965
[00:24:24] [worker #6] Bootstrap tree #975, logLikelihood: -716.532036
[00:24:25] [worker #5] Bootstrap tree #982, logLikelihood: -630.954949
[00:24:26] [worker #2] Bootstrap tree #987, logLikelihood: -594.912308
[00:24:29] [worker #3] Bootstrap tree #988, logLikelihood: -632.320752
[00:24:29] [worker #1] Bootstrap tree #986, logLikelihood: -708.238547
[00:24:30] [worker #0] Bootstrap tree #969, logLikelihood: -549.519121
[00:24:32] [worker #6] Bootstrap tree #983, logLikelihood: -617.443520
[00:24:33] [worker #4] Bootstrap tree #997, logLikelihood: -723.454311
[00:24:35] [worker #2] Bootstrap tree #995, logLikelihood: -602.280103
[00:24:36] [worker #7] Bootstrap tree #992, logLikelihood: -627.615153
[00:24:36] [worker #1] Bootstrap tree #994, logLikelihood: -667.347973
[00:24:41] [worker #5] Bootstrap tree #990, logLikelihood: -733.407956
[00:24:42] [worker #0] Bootstrap tree #977, logLikelihood: -575.967081
[00:24:44] [worker #3] Bootstrap tree #996, logLikelihood: -644.754068
[00:24:44] [worker #7] Bootstrap tree #1000, logLikelihood: -622.710108
[00:24:44] [worker #6] Bootstrap tree #991, logLikelihood: -721.887144
[00:24:49] [worker #5] Bootstrap tree #998, logLikelihood: -614.047504
[00:24:53] [worker #6] Bootstrap tree #999, logLikelihood: -591.615484
[00:24:55] [worker #0] Bootstrap tree #985, logLikelihood: -667.310630
[00:25:05] [worker #0] Bootstrap tree #993, logLikelihood: -692.056302

Optimized model parameters:

   Partition 0: noname
   Rate heterogeneity: GAMMA (4 cats, mean),  alpha: 1.084600 (ML),  weights&rates: (0.250000,0.153518) (0.250000,0.500783) (0.250000,1.012716) (0.250000,2.332983) 
   P-inv (ML): 0.696408
   Base frequencies (ML): 0.307945 0.277083 0.109562 0.305410 
   Substitution rates (ML): 8.540319 981.939128 6.460498 0.001000 272.055972 1.000000 


Final LogLikelihood: -711.443178

AIC score: 2212.886357 / AICc score: 315052.886357 / BIC score: 3574.347619
Free parameters (model + branch lengths): 395

WARNING: Number of free parameters (K=395) is larger than alignment size (n=232).
         This might lead to overfitting and compromise tree inference results!


WARNING: Best ML tree contains 163 near-zero branches!

Best ML tree with collapsed near-zero branches saved to: /home/ariane/Documents/PhD/Data/Dene-dogs/analysis/pcdclade/TKWS_Seqotron_align_dogs_partial_mtDNA_completetrim.raxml.bestTreeCollapsed
Best ML tree saved to: /home/ariane/Documents/PhD/Data/Dene-dogs/analysis/pcdclade/TKWS_Seqotron_align_dogs_partial_mtDNA_completetrim.raxml.bestTree
All ML trees saved to: /home/ariane/Documents/PhD/Data/Dene-dogs/analysis/pcdclade/TKWS_Seqotron_align_dogs_partial_mtDNA_completetrim.raxml.mlTrees
Best ML tree with Transfer bootstrap (TBE) support values saved to: /home/ariane/Documents/PhD/Data/Dene-dogs/analysis/pcdclade/TKWS_Seqotron_align_dogs_partial_mtDNA_completetrim.raxml.support
Optimized model saved to: /home/ariane/Documents/PhD/Data/Dene-dogs/analysis/pcdclade/TKWS_Seqotron_align_dogs_partial_mtDNA_completetrim.raxml.bestModel
Bootstrap trees saved to: /home/ariane/Documents/PhD/Data/Dene-dogs/analysis/pcdclade/TKWS_Seqotron_align_dogs_partial_mtDNA_completetrim.raxml.bootstraps

Execution log saved to: /home/ariane/Documents/PhD/Data/Dene-dogs/analysis/pcdclade/TKWS_Seqotron_align_dogs_partial_mtDNA_completetrim.raxml.log

Analysis started: 15-Oct-2020 16:54:25 / finished: 15-Oct-2020 17:19:30

Elapsed time: 1505.448 seconds

